[2016.02.21-22.09.16:490][  0]Log file open, 02/22/16 00:09:16
[2016.02.21-22.09.16:490][  0]LogModuleManager:Warning: ModuleManager: Module 'HTTPChunkInstaller' not found - its StaticallyLinkedModuleInitializers function is null.
[2016.02.21-22.09.16:491][  0]LogPlatformFile: Not using cached read wrapper
[2016.02.21-22.09.16:491][  0]LogInit:Display: RandInit(-2052215826) SRandInit(-2052215817).
[2016.02.21-22.09.16:491][  0]LogTaskGraph: Started task graph with 4 named threads and 7 total threads.
[2016.02.21-22.09.16:491][  0]LogStats: Stats thread started at 1.411454
[2016.02.21-22.09.16:491][  0]LogInit: Version: 4.10.1-0+++depot+UE4-Releases+4.10
[2016.02.21-22.09.16:491][  0]LogInit: API Version: 0
[2016.02.21-22.09.16:491][  0]LogInit: Compiled (64-bit): Dec 20 2015 18:10:33
[2016.02.21-22.09.16:491][  0]LogInit: Compiled with Visual C++: 19.00.23026.00
[2016.02.21-22.09.16:492][  0]LogInit: Build Configuration: Development
[2016.02.21-22.09.16:492][  0]LogInit: Branch Name: ++depot+UE4-Releases+4.10
[2016.02.21-22.09.16:492][  0]LogInit: Command line: -log
[2016.02.21-22.09.16:492][  0]LogInit: Base directory: F:/UnrealPacked/WindowsNoEditor/TheGame/Binaries/Win64/
[2016.02.21-22.09.16:492][  0]LogInit: Rocket: 0
[2016.02.21-22.09.16:516][  0]LogInit: Using libcurl 7.41.0
[2016.02.21-22.09.16:519][  0]LogInit:  - built for x86_64-pc-win32
[2016.02.21-22.09.16:519][  0]LogInit:  - supports SSL with WinSSL
[2016.02.21-22.09.16:519][  0]LogInit:  - other features:
[2016.02.21-22.09.16:519][  0]LogInit:      CURL_VERSION_SSL
[2016.02.21-22.09.16:519][  0]LogInit:      CURL_VERSION_IPV6
[2016.02.21-22.09.16:519][  0]LogInit:      CURL_VERSION_ASYNCHDNS
[2016.02.21-22.09.16:519][  0]LogInit:      CURL_VERSION_LARGEFILE
[2016.02.21-22.09.16:519][  0]LogInit:      CURL_VERSION_IDN
[2016.02.21-22.09.16:520][  0]LogInit:  CurlRequestOptions (configurable via config and command line):
[2016.02.21-22.09.16:520][  0]LogInit:  - bVerifyPeer = true  - Libcurl will verify peer certificate
[2016.02.21-22.09.16:520][  0]LogInit:  - bUseHttpProxy = false  - Libcurl will NOT use HTTP proxy
[2016.02.21-22.09.16:521][  0]LogInit:  - bDontReuseConnections = false  - Libcurl will reuse connections
[2016.02.21-22.09.16:522][  0]LogInit:  - CertBundlePath = nullptr  - Libcurl will use whatever was configured at build time.
[2016.02.21-22.09.16:570][  0]LogInit: Presizing for 0 objects not considered by GC, pre-allocating 0 bytes.
[2016.02.21-22.09.16:647][  0]LogInit: Object subsystem initialized
[2016.02.21-22.09.16:720][  0]LogInit: Selected Device Profile: [WindowsServer]
[2016.02.21-22.09.16:720][  0]LogInit: Applying CVar settings loaded from the selected device profile: [WindowsServer]
[2016.02.21-22.09.16:778][  0]LogInit: Computer: VOVAN-PC
[2016.02.21-22.09.16:778][  0]LogInit: User: Vovan
[2016.02.21-22.09.16:779][  0]LogInit: CPU Page size=4096, Cores=4
[2016.02.21-22.09.16:780][  0]LogInit: High frequency timer resolution =3.007968 MHz
[2016.02.21-22.09.16:780][  0]LogMemory: Memory total: Physical=8.0GB (8GB approx)
[2016.02.21-22.09.16:781][  0]LogMemory: Platform Memory Stats for WindowsServer
[2016.02.21-22.09.16:781][  0]LogMemory: Process Physical Memory: 31.88 MB used, 31.88 MB peak
[2016.02.21-22.09.16:782][  0]LogMemory: Process Virtual Memory: 51.79 MB used, 51.79 MB peak
[2016.02.21-22.09.16:782][  0]LogMemory: Physical Memory: 2456.43 MB used, 8190.49 MB total
[2016.02.21-22.09.16:782][  0]LogMemory: Virtual Memory: 212.53 MB used, 8388608.00 MB total
[2016.02.21-22.09.17:396][  0]LogTextLocalizationManager: No translations for ('ru-RU') exist, falling back to 'en' for localization and internationalization data.
[2016.02.21-22.09.18:625][  0]LogCollisionProfile:Warning: Profile (ColcompProfile) - Custom Channel Name = 'GameTraceChannel5' hasn't been found
[2016.02.21-22.09.18:626][  0]LogCollisionProfile:Warning: Profile (ColcompProfile) - Custom Channel Name = 'GameTraceChannel6' hasn't been found
[2016.02.21-22.09.20:995][  0]LogSlate:Warning: 'Roboto' does not provide a composite font that can be used with Slate. Slate will be forced to use the fallback font path which may be slower.
[2016.02.21-22.09.21:016][  0]LogSlate:Warning: 'Roboto' does not provide a composite font that can be used with Slate. Slate will be forced to use the fallback font path which may be slower.
[2016.02.21-22.09.21:017][  0]LogSlate:Warning: 'Roboto' does not provide a composite font that can be used with Slate. Slate will be forced to use the fallback font path which may be slower.
[2016.02.21-22.09.21:017][  0]LogSlate:Warning: 'Roboto' does not provide a composite font that can be used with Slate. Slate will be forced to use the fallback font path which may be slower.
[2016.02.21-22.09.21:018][  0]LogSlate:Warning: 'Roboto' does not provide a composite font that can be used with Slate. Slate will be forced to use the fallback font path which may be slower.
[2016.02.21-22.09.21:019][  0]LogSlate:Warning: 'Roboto' does not provide a composite font that can be used with Slate. Slate will be forced to use the fallback font path which may be slower.
[2016.02.21-22.09.21:019][  0]LogSlate:Warning: 'Roboto' does not provide a composite font that can be used with Slate. Slate will be forced to use the fallback font path which may be slower.
[2016.02.21-22.09.21:020][  0]LogSlate:Warning: 'Roboto' does not provide a composite font that can be used with Slate. Slate will be forced to use the fallback font path which may be slower.
[2016.02.21-22.09.21:021][  0]LogSlate:Warning: 'Roboto' does not provide a composite font that can be used with Slate. Slate will be forced to use the fallback font path which may be slower.
[2016.02.21-22.09.21:035][  0]LogSlate:Warning: 'Roboto' does not provide a composite font that can be used with Slate. Slate will be forced to use the fallback font path which may be slower.
[2016.02.21-22.09.21:037][  0]LogSlate:Warning: 'Roboto' does not provide a composite font that can be used with Slate. Slate will be forced to use the fallback font path which may be slower.
[2016.02.21-22.09.21:037][  0]LogSlate:Warning: 'Roboto' does not provide a composite font that can be used with Slate. Slate will be forced to use the fallback font path which may be slower.
[2016.02.21-22.09.21:038][  0]LogSlate:Warning: 'Roboto' does not provide a composite font that can be used with Slate. Slate will be forced to use the fallback font path which may be slower.
[2016.02.21-22.09.21:039][  0]LogSlate:Warning: 'Roboto' does not provide a composite font that can be used with Slate. Slate will be forced to use the fallback font path which may be slower.
[2016.02.21-22.09.21:040][  0]LogSlate:Warning: 'Roboto' does not provide a composite font that can be used with Slate. Slate will be forced to use the fallback font path which may be slower.
[2016.02.21-22.09.21:041][  0]LogSlate:Warning: 'Roboto' does not provide a composite font that can be used with Slate. Slate will be forced to use the fallback font path which may be slower.
[2016.02.21-22.09.21:042][  0]LogSlate:Warning: 'Roboto' does not provide a composite font that can be used with Slate. Slate will be forced to use the fallback font path which may be slower.
[2016.02.21-22.09.21:063][  0]LogSlate:Warning: 'Roboto' does not provide a composite font that can be used with Slate. Slate will be forced to use the fallback font path which may be slower.
[2016.02.21-22.09.21:064][  0]LogSlate:Warning: 'Roboto' does not provide a composite font that can be used with Slate. Slate will be forced to use the fallback font path which may be slower.
[2016.02.21-22.09.21:065][  0]LogSlate:Warning: 'Roboto' does not provide a composite font that can be used with Slate. Slate will be forced to use the fallback font path which may be slower.
[2016.02.21-22.09.21:065][  0]LogSlate:Warning: 'Roboto' does not provide a composite font that can be used with Slate. Slate will be forced to use the fallback font path which may be slower.
[2016.02.21-22.09.21:066][  0]LogSlate:Warning: 'Roboto' does not provide a composite font that can be used with Slate. Slate will be forced to use the fallback font path which may be slower.
[2016.02.21-22.09.21:067][  0]LogSlate:Warning: 'Roboto' does not provide a composite font that can be used with Slate. Slate will be forced to use the fallback font path which may be slower.
[2016.02.21-22.09.21:068][  0]LogSlate:Warning: 'Roboto' does not provide a composite font that can be used with Slate. Slate will be forced to use the fallback font path which may be slower.
[2016.02.21-22.09.21:068][  0]LogSlate:Warning: 'Roboto' does not provide a composite font that can be used with Slate. Slate will be forced to use the fallback font path which may be slower.
[2016.02.21-22.09.21:069][  0]LogSlate:Warning: 'Roboto' does not provide a composite font that can be used with Slate. Slate will be forced to use the fallback font path which may be slower.
[2016.02.21-22.09.21:070][  0]LogSlate:Warning: 'Roboto' does not provide a composite font that can be used with Slate. Slate will be forced to use the fallback font path which may be slower.
[2016.02.21-22.09.21:071][  0]LogSlate:Warning: 'Roboto' does not provide a composite font that can be used with Slate. Slate will be forced to use the fallback font path which may be slower.
[2016.02.21-22.09.21:071][  0]LogSlate:Warning: 'Roboto' does not provide a composite font that can be used with Slate. Slate will be forced to use the fallback font path which may be slower.
[2016.02.21-22.09.21:072][  0]LogSlate:Warning: 'Roboto' does not provide a composite font that can be used with Slate. Slate will be forced to use the fallback font path which may be slower.
[2016.02.21-22.09.21:073][  0]LogSlate:Warning: 'Roboto' does not provide a composite font that can be used with Slate. Slate will be forced to use the fallback font path which may be slower.
[2016.02.21-22.09.21:074][  0]LogSlate:Warning: 'Roboto' does not provide a composite font that can be used with Slate. Slate will be forced to use the fallback font path which may be slower.
[2016.02.21-22.09.21:075][  0]LogSlate:Warning: 'Roboto' does not provide a composite font that can be used with Slate. Slate will be forced to use the fallback font path which may be slower.
[2016.02.21-22.09.21:076][  0]LogSlate:Warning: 'Roboto' does not provide a composite font that can be used with Slate. Slate will be forced to use the fallback font path which may be slower.
[2016.02.21-22.09.21:077][  0]LogSlate:Warning: 'Roboto' does not provide a composite font that can be used with Slate. Slate will be forced to use the fallback font path which may be slower.
[2016.02.21-22.09.21:077][  0]LogSlate:Warning: 'Roboto' does not provide a composite font that can be used with Slate. Slate will be forced to use the fallback font path which may be slower.
[2016.02.21-22.09.21:078][  0]LogSlate:Warning: 'Roboto' does not provide a composite font that can be used with Slate. Slate will be forced to use the fallback font path which may be slower.
[2016.02.21-22.09.21:100][  0]LogLinker:Warning: CreateImport: Failed to load Outer for resource 'WidgetTree': WidgetBlueprint /Script/UMGEditor.Default__WidgetBlueprint
[2016.02.21-22.09.21:101][  0]LogLinker:Warning: CreateImport: Failed to load Outer for resource 'WidgetTree': WidgetBlueprint /Script/UMGEditor.Default__WidgetBlueprint
[2016.02.21-22.09.27:016][  0]LogInit: Selected Device Profile: [WindowsServer]
[2016.02.21-22.09.28:319][  0]LogInit: WinSock: version 1.1 (2.2), MaxSocks=32767, MaxUdp=65467
[2016.02.21-22.09.28:319][  0]LogModuleManager:Warning: ModuleManager: Module 'XAudio2' not found - its StaticallyLinkedModuleInitializers function is null.
[2016.02.21-22.09.28:387][  0]LogObj: 33425 objects as part of root set at end of initial load.
[2016.02.21-22.09.28:387][  0]LogUObjectAllocator: 7083208 out of 0 bytes used by permanent object pool.
[2016.02.21-22.09.28:413][  0]LogEngine: Initializing Engine...
[2016.02.21-22.09.28:624][  0]LogInit: Texture streaming: Disabled
[2016.02.21-22.09.28:933][  0]LogNet: Browse: /Game/My_Game/Maps/MyMap?Name=Player
[2016.02.21-22.09.28:934][  0]LogLoad: LoadMap: /Game/My_Game/Maps/MyMap?Name=Player
[2016.02.21-22.09.29:248][  0]LogMemory: Platform Memory Stats for WindowsServer
[2016.02.21-22.09.29:248][  0]LogMemory: Process Physical Memory: 153.99 MB used, 186.94 MB peak
[2016.02.21-22.09.29:249][  0]LogMemory: Process Virtual Memory: 217.17 MB used, 272.30 MB peak
[2016.02.21-22.09.29:249][  0]LogMemory: Physical Memory: 2575.94 MB used, 8190.49 MB total
[2016.02.21-22.09.29:250][  0]LogMemory: Virtual Memory: 452.72 MB used, 8388608.00 MB total
[2016.02.21-22.09.29:250][  0]LogMemory: 
[2016.02.21-22.09.29:253][  0]LogMemory: Allocator Stats for binned:
[2016.02.21-22.09.29:253][  0]LogMemory: Current Memory 153.54 MB used, plus 11.43 MB waste
[2016.02.21-22.09.29:254][  0]LogMemory: Peak Memory 218.98 MB used, plus 3.12 MB waste
[2016.02.21-22.09.29:254][  0]LogMemory: Current OS Memory 164.97 MB, peak 222.10 MB
[2016.02.21-22.09.29:255][  0]LogMemory: Current Waste 1.99 MB, peak 2.02 MB
[2016.02.21-22.09.29:255][  0]LogMemory: Current Used 153.54 MB, peak 218.98 MB
[2016.02.21-22.09.29:256][  0]LogMemory: Current Slack 9.44 MB
[2016.02.21-22.09.29:256][  0]LogMemory: Allocs       154805 Current /  1389118 Total
[2016.02.21-22.09.29:257][  0]LogMemory: 
[2016.02.21-22.09.29:257][  0]LogMemory: Block Size Num Pools Max Pools Cur Allocs Total Allocs Min Req Max Req Mem Used Mem Slack Mem Waste Efficiency
[2016.02.21-22.09.29:258][  0]LogMemory: ---------- --------- --------- ---------- ------------ ------- ------- -------- --------- --------- ----------
[2016.02.21-22.09.29:258][  0]LogMemory:          8         0         0          0            0       8       0       0K        0K        0K    100.00%
[2016.02.21-22.09.29:259][  0]LogMemory:         16        13        13      13986       237979      16      16     218K      614K        0K    100.00%
[2016.02.21-22.09.29:259][  0]LogMemory:         32        34        34      35893       189873      17      32    1121K     1055K      113K     94.81%
[2016.02.21-22.09.29:260][  0]LogMemory:         48        14        15       8904        90740      33      48     417K      479K       47K     94.75%
[2016.02.21-22.09.29:261][  0]LogMemory:         64        25        25      19697       142753      49      64    1231K      369K      143K     91.06%
[2016.02.21-22.09.29:261][  0]LogMemory:         80        12        12       8867       105925      65      80     692K       76K       59K     92.32%
[2016.02.21-22.09.29:262][  0]LogMemory:         96         8         8       3690       119581      82      96     345K      167K       30K     94.14%
[2016.02.21-22.09.29:262][  0]LogMemory:        112         6         6       2737        49439      98     112     299K       85K       11K     97.14%
[2016.02.21-22.09.29:263][  0]LogMemory:        128        49        49      24234        46359     114     128    3029K      107K       85K     97.29%
[2016.02.21-22.09.29:264][  0]LogMemory:        160        13        15       4812        64258     129     160     751K       80K       51K     93.87%
[2016.02.21-22.09.29:264][  0]LogMemory:        192        42        42      13759       132646     162     192    2579K      107K      205K     92.37%
[2016.02.21-22.09.29:265][  0]LogMemory:        224         5         5       1097        70081     194     224     239K       81K       18K     94.38%
[2016.02.21-22.09.29:265][  0]LogMemory:        256         8         8       1672        31215     225     256     418K       94K       27K     94.73%
[2016.02.21-22.09.29:266][  0]LogMemory:        288         7         7       1303        25783     257     288     366K       81K       23K     94.87%
[2016.02.21-22.09.29:266][  0]LogMemory:        320         6         6       1051         9980     290     320     328K       55K       16K     95.83%
[2016.02.21-22.09.29:267][  0]LogMemory:        384        18        18       2900        15124     322     384    1087K       61K      106K     90.80%
[2016.02.21-22.09.29:267][  0]LogMemory:        448        15        15       1904         5833     385     448     833K      126K       64K     93.33%
[2016.02.21-22.09.29:268][  0]LogMemory:        512         8         8        583         3277     449     512     291K      221K       19K     96.29%
[2016.02.21-22.09.29:268][  0]LogMemory:        576        15        18        527         2590     513     576     296K      658K       20K     97.92%
[2016.02.21-22.09.29:269][  0]LogMemory:        640        13        39        182         4105     578     640     113K      716K        8K     99.04%
[2016.02.21-22.09.29:269][  0]LogMemory:        704        19        87        363         8462     641     704     249K      966K       14K     98.85%
[2016.02.21-22.09.29:270][  0]LogMemory:        768        18        35        475         4495     705     768     356K      792K       17K     98.52%
[2016.02.21-22.09.29:271][  0]LogMemory:        896         8         8        466         1223     769     896     407K      104K       16K     96.88%
[2016.02.21-22.09.29:271][  0]LogMemory:       1024         7         7        423          720     897    1024     423K       25K       19K     95.76%
[2016.02.21-22.09.29:272][  0]LogMemory:       1168         9        10        309         1372    1025    1168     352K      223K       23K     96.01%
[2016.02.21-22.09.29:272][  0]LogMemory:       1360        18        19        439         2682    1171    1360     583K      565K       43K     96.27%
[2016.02.21-22.09.29:273][  0]LogMemory:       1632        18        19        706         1604    1361    1632    1125K       23K       95K     91.75%
[2016.02.21-22.09.29:273][  0]LogMemory:       2048        29        30        398         2607    1633    2048     796K     1060K      108K     94.18%
[2016.02.21-22.09.29:274][  0]LogMemory:       2336         5         5        105         2857    2050    2336     239K       81K       26K     91.88%
[2016.02.21-22.09.29:274][  0]LogMemory:       2720        12        12        276          743    2338    2717     733K       32K       45K     94.14%
[2016.02.21-22.09.29:275][  0]LogMemory:       3264        14        14        261         2294    2721    3264     831K       62K       64K     92.86%
[2016.02.21-22.09.29:276][  0]LogMemory:       4096        36        36        562         2490    3265    4096    2248K       56K      240K     89.58%
[2016.02.21-22.09.29:276][  0]LogMemory:       4672        24        24        324         1690    4097    4669    1478K       55K       75K     95.12%
[2016.02.21-22.09.29:277][  0]LogMemory:       5456        28        29        336          769    4673    5456    1790K        1K      148K     91.74%
[2016.02.21-22.09.29:277][  0]LogMemory:       6544        20        20        185          541    5460    6537    1182K       97K      101K     92.11%
[2016.02.21-22.09.29:278][  0]LogMemory:       8192         8        10         57          515    6549    8192     456K       56K       77K     84.96%
[2016.02.21-22.09.29:278][  0]LogMemory:       9360         7         8         46          117    8200    9360     420K       28K       22K     95.09%
[2016.02.21-22.09.29:279][  0]LogMemory:      10912        12        12         64          154    9383   10894     682K       86K       32K     95.83%
[2016.02.21-22.09.29:279][  0]LogMemory:      13104        17        17         81          159   10931   13083    1036K       52K       81K     92.56%
[2016.02.21-22.09.29:280][  0]LogMemory:      16384       103       105        409         2497   13120   16384    6544K       48K      605K     90.82%
[2016.02.21-22.09.29:281][  0]LogMemory:      21840       132       133        394         1545   16391   21832    8403K       43K     1404K     83.38%
[2016.02.21-22.09.29:281][  0]LogMemory:      32768        27        28         54          174   21853   32640    1728K        0K      419K     75.75%
[2016.02.21-22.09.29:282][  0]LogMemory: 
[2016.02.21-22.09.29:282][  0]LogMemory: 56448K allocated in pools (with 9687K slack and 4719K waste). Efficiency 91.64%
[2016.02.21-22.09.29:283][  0]LogMemory: Allocations 154532 Current / 1387252 Total (in 882 pools)
[2016.02.21-22.09.29:283][  0]LogMemory: 
[2016.02.21-22.09.47:340][  0]LogModuleManager:Warning: ModuleManager: Module 'GameplayDebugger' not found - its StaticallyLinkedModuleInitializers function is null.
[2016.02.21-22.09.47:341][  0]LogAIModule: Creating AISystem for world MyMap
[2016.02.21-22.09.47:342][  0]LogWorld: Game class is 'BP_GameMode_C'
[2016.02.21-22.09.47:567][  0]LogInit: WinSock: Socket queue 131072 / 131072
[2016.02.21-22.09.47:574][  0]LogInit: WinSock: I am Vovan-PC (192.168.0.38:0)
[2016.02.21-22.09.47:575][  0]LogNet: GameNetDriver IpNetDriver_0 IpNetDriver listening on port 7777
[2016.02.21-22.09.48:030][  0]LogPhysics:Warning: FBodyInstance::ApplyMaterialToShape_AssumesLocked : PComplexMats is empty - falling back on simple physical material.
[2016.02.21-22.09.48:031][  0]LogPhysics:Warning: FBodyInstance::ApplyMaterialToShape_AssumesLocked : PComplexMats is empty - falling back on simple physical material.
[2016.02.21-22.09.48:087][  0]LogPhysics:Warning: FBodyInstance::ApplyMaterialToShape_AssumesLocked : PComplexMats is empty - falling back on simple physical material.
[2016.02.21-22.09.48:088][  0]LogPhysics:Warning: FBodyInstance::ApplyMaterialToShape_AssumesLocked : PComplexMats is empty - falling back on simple physical material.
[2016.02.21-22.09.48:089][  0]LogPhysics:Warning: FBodyInstance::ApplyMaterialToShape_AssumesLocked : PComplexMats is empty - falling back on simple physical material.
[2016.02.21-22.09.48:089][  0]LogPhysics:Warning: FBodyInstance::ApplyMaterialToShape_AssumesLocked : PComplexMats is empty - falling back on simple physical material.
[2016.02.21-22.09.48:090][  0]LogPhysics:Warning: FBodyInstance::ApplyMaterialToShape_AssumesLocked : PComplexMats is empty - falling back on simple physical material.
[2016.02.21-22.09.48:091][  0]LogPhysics:Warning: FBodyInstance::ApplyMaterialToShape_AssumesLocked : PComplexMats is empty - falling back on simple physical material.
[2016.02.21-22.09.48:092][  0]LogPhysics:Warning: FBodyInstance::ApplyMaterialToShape_AssumesLocked : PComplexMats is empty - falling back on simple physical material.
[2016.02.21-22.09.48:093][  0]LogPhysics:Warning: FBodyInstance::ApplyMaterialToShape_AssumesLocked : PComplexMats is empty - falling back on simple physical material.
[2016.02.21-22.09.48:094][  0]LogPhysics:Warning: FBodyInstance::ApplyMaterialToShape_AssumesLocked : PComplexMats is empty - falling back on simple physical material.
[2016.02.21-22.09.48:095][  0]LogPhysics:Warning: FBodyInstance::ApplyMaterialToShape_AssumesLocked : PComplexMats is empty - falling back on simple physical material.
[2016.02.21-22.09.48:096][  0]LogPhysics:Warning: FBodyInstance::ApplyMaterialToShape_AssumesLocked : PComplexMats is empty - falling back on simple physical material.
[2016.02.21-22.09.48:096][  0]LogPhysics:Warning: FBodyInstance::ApplyMaterialToShape_AssumesLocked : PComplexMats is empty - falling back on simple physical material.
[2016.02.21-22.09.48:097][  0]LogPhysics:Warning: FBodyInstance::ApplyMaterialToShape_AssumesLocked : PComplexMats is empty - falling back on simple physical material.
[2016.02.21-22.09.48:098][  0]LogPhysics:Warning: FBodyInstance::ApplyMaterialToShape_AssumesLocked : PComplexMats is empty - falling back on simple physical material.
[2016.02.21-22.09.48:099][  0]LogPhysics:Warning: FBodyInstance::ApplyMaterialToShape_AssumesLocked : PComplexMats is empty - falling back on simple physical material.
[2016.02.21-22.09.48:100][  0]LogPhysics:Warning: FBodyInstance::ApplyMaterialToShape_AssumesLocked : PComplexMats is empty - falling back on simple physical material.
[2016.02.21-22.09.48:101][  0]LogPhysics:Warning: FBodyInstance::ApplyMaterialToShape_AssumesLocked : PComplexMats is empty - falling back on simple physical material.
[2016.02.21-22.09.48:102][  0]LogPhysics:Warning: FBodyInstance::ApplyMaterialToShape_AssumesLocked : PComplexMats is empty - falling back on simple physical material.
[2016.02.21-22.09.48:103][  0]LogPhysics:Warning: FBodyInstance::ApplyMaterialToShape_AssumesLocked : PComplexMats is empty - falling back on simple physical material.
[2016.02.21-22.09.48:104][  0]LogPhysics:Warning: FBodyInstance::ApplyMaterialToShape_AssumesLocked : PComplexMats is empty - falling back on simple physical material.
[2016.02.21-22.09.48:141][  0]LogPhysics:Warning: FBodyInstance::ApplyMaterialToShape_AssumesLocked : PComplexMats is empty - falling back on simple physical material.
[2016.02.21-22.09.48:142][  0]LogPhysics:Warning: FBodyInstance::ApplyMaterialToShape_AssumesLocked : PComplexMats is empty - falling back on simple physical material.
[2016.02.21-22.09.48:143][  0]LogPhysics:Warning: FBodyInstance::ApplyMaterialToShape_AssumesLocked : PComplexMats is empty - falling back on simple physical material.
[2016.02.21-22.09.48:144][  0]LogPhysics:Warning: FBodyInstance::ApplyMaterialToShape_AssumesLocked : PComplexMats is empty - falling back on simple physical material.
[2016.02.21-22.09.48:147][  0]LogPhysics:Warning: FBodyInstance::ApplyMaterialToShape_AssumesLocked : PComplexMats is empty - falling back on simple physical material.
[2016.02.21-22.09.48:148][  0]LogPhysics:Warning: FBodyInstance::ApplyMaterialToShape_AssumesLocked : PComplexMats is empty - falling back on simple physical material.
[2016.02.21-22.09.48:149][  0]LogPhysics:Warning: FBodyInstance::ApplyMaterialToShape_AssumesLocked : PComplexMats is empty - falling back on simple physical material.
[2016.02.21-22.09.48:149][  0]LogPhysics:Warning: FBodyInstance::ApplyMaterialToShape_AssumesLocked : PComplexMats is empty - falling back on simple physical material.
[2016.02.21-22.09.48:169][  0]LogWorld: Bringing World /Game/My_Game/Maps/MyMap.MyMap up for play (max tick rate 30) at 2016.02.22-00.09.48
[2016.02.21-22.09.48:306][  0]LogWorld: Bringing up level for play took: 0.729892
[2016.02.21-22.09.48:323][  0]LogBlueprintUserMessages: [BP_GameState_C_0] GameStateInit
[2016.02.21-22.09.48:329][  0]LogBlueprintUserMessages: [BP_Character_AI_Army_C_0] AIDefault: Wrong Controller for Guard (Guard target)
[2016.02.21-22.09.48:330][  0]LogBlueprintUserMessages: [BP_Character_AI_Army_C_0] Picked Up Weapon
[2016.02.21-22.09.48:330][  0]LogBlueprintUserMessages: [BP_Character_AI_Army_C_0] 3d person
[2016.02.21-22.09.48:330][  0]LogBlueprintUserMessages: [BP_Character_AI_GallaciaSantos_C_0] AIDefault: Wrong Controller for Guard (Guard target)
[2016.02.21-22.09.48:331][  0]LogBlueprintUserMessages: [BP_Character_AI_GallaciaSantos_C_0] Picked Up Weapon
[2016.02.21-22.09.48:331][  0]LogBlueprintUserMessages: [BP_Character_AI_GallaciaSantos_C_0] 3d person
[2016.02.21-22.09.48:332][  0]LogBlueprintUserMessages: [BP_Character_AI_GangWoman_C_1] AIDefault: Wrong Controller for Guard (Guard target)
[2016.02.21-22.09.48:333][  0]LogBlueprintUserMessages: [BP_Character_AI_GangWoman_C_1] Picked Up Weapon
[2016.02.21-22.09.48:333][  0]LogBlueprintUserMessages: [BP_Character_AI_GangWoman_C_1] 3d person
[2016.02.21-22.09.48:333][  0]LogBlueprintUserMessages: [BP_Character_AI_SWAT_C_1] AIDefault: Wrong Controller for Guard (Guard target)
[2016.02.21-22.09.48:334][  0]LogBlueprintUserMessages: [BP_Character_AI_SWAT_C_1] Picked Up Weapon
[2016.02.21-22.09.48:335][  0]LogBlueprintUserMessages: [BP_Character_AI_SWAT_C_1] 3d person
[2016.02.21-22.09.48:335][  0]LogBlueprintUserMessages: [BP_Character_AI_Warrior_C_0] AIDefault: Wrong Controller for Guard (Guard target)
[2016.02.21-22.09.48:336][  0]LogBlueprintUserMessages: [BP_Character_AI_Warrior_C_0] Picked Up Weapon
[2016.02.21-22.09.48:337][  0]LogBlueprintUserMessages: [BP_Character_AI_Warrior_C_0] 3d person
[2016.02.21-22.09.48:346][  0]LogPhysics:Warning: FBodyInstance::ApplyMaterialToShape_AssumesLocked : PComplexMats is empty - falling back on simple physical material.
[2016.02.21-22.09.48:347][  0]LogPhysics:Warning: FBodyInstance::ApplyMaterialToShape_AssumesLocked : PComplexMats is empty - falling back on simple physical material.
[2016.02.21-22.09.48:350][  0]LogPhysics:Warning: FBodyInstance::ApplyMaterialToShape_AssumesLocked : PComplexMats is empty - falling back on simple physical material.
[2016.02.21-22.09.48:351][  0]LogPhysics:Warning: FBodyInstance::ApplyMaterialToShape_AssumesLocked : PComplexMats is empty - falling back on simple physical material.
[2016.02.21-22.09.48:356][  0]LogBlueprintUserMessages: [BP_Character_AI_Bot2_C_0] AIDefault: Wrong Controller for Guard (Guard target)
[2016.02.21-22.09.48:359][  0]LogBlueprintUserMessages: [BP_Character_AI_Default_C_0] AIDefault: Wrong Controller for Guard (Guard target)
[2016.02.21-22.09.48:361][  0]LogBlueprintUserMessages: [BP_Character_AI_Default_C_1] AIDefault: Wrong Controller for Guard (Guard target)
[2016.02.21-22.09.48:364][  0]LogBlueprintUserMessages: [BP_Character_AI_Default_C_2] AIDefault: Wrong Controller for Guard (Guard target)
[2016.02.21-22.09.48:367][  0]LogBlueprintUserMessages: [BP_Character_AI_Bot2_C_1] AIDefault: Wrong Controller for Guard (Guard target)
[2016.02.21-22.09.48:369][  0]LogPhysics:Warning: FBodyInstance::ApplyMaterialToShape_AssumesLocked : PComplexMats is empty - falling back on simple physical material.
[2016.02.21-22.09.48:369][  0]LogPhysics:Warning: FBodyInstance::ApplyMaterialToShape_AssumesLocked : PComplexMats is empty - falling back on simple physical material.
[2016.02.21-22.09.48:372][  0]LogPhysics:Warning: FBodyInstance::ApplyMaterialToShape_AssumesLocked : PComplexMats is empty - falling back on simple physical material.
[2016.02.21-22.09.48:373][  0]LogPhysics:Warning: FBodyInstance::ApplyMaterialToShape_AssumesLocked : PComplexMats is empty - falling back on simple physical material.
[2016.02.21-22.09.48:377][  0]LogBlueprintUserMessages: [BP_Character_AI_Bot2_C_2] AIDefault: Wrong Controller for Guard (Guard target)
[2016.02.21-22.09.48:379][  0]LogPhysics:Warning: FBodyInstance::ApplyMaterialToShape_AssumesLocked : PComplexMats is empty - falling back on simple physical material.
[2016.02.21-22.09.48:380][  0]LogPhysics:Warning: FBodyInstance::ApplyMaterialToShape_AssumesLocked : PComplexMats is empty - falling back on simple physical material.
[2016.02.21-22.09.48:382][  0]LogPhysics:Warning: FBodyInstance::ApplyMaterialToShape_AssumesLocked : PComplexMats is empty - falling back on simple physical material.
[2016.02.21-22.09.48:383][  0]LogPhysics:Warning: FBodyInstance::ApplyMaterialToShape_AssumesLocked : PComplexMats is empty - falling back on simple physical material.
[2016.02.21-22.09.48:386][  0]LogPhysics:Warning: FBodyInstance::ApplyMaterialToShape_AssumesLocked : PComplexMats is empty - falling back on simple physical material.
[2016.02.21-22.09.48:387][  0]LogPhysics:Warning: FBodyInstance::ApplyMaterialToShape_AssumesLocked : PComplexMats is empty - falling back on simple physical material.
[2016.02.21-22.09.48:391][  0]LogBlueprintUserMessages: [BP_Character_AI_Default_C_3] AIDefault: Wrong Controller for Guard (Guard target)
[2016.02.21-22.09.48:393][  0]LogPhysics:Warning: FBodyInstance::ApplyMaterialToShape_AssumesLocked : PComplexMats is empty - falling back on simple physical material.
[2016.02.21-22.09.48:394][  0]LogPhysics:Warning: FBodyInstance::ApplyMaterialToShape_AssumesLocked : PComplexMats is empty - falling back on simple physical material.
[2016.02.21-22.09.48:396][  0]LogPhysics:Warning: FBodyInstance::ApplyMaterialToShape_AssumesLocked : PComplexMats is empty - falling back on simple physical material.
[2016.02.21-22.09.48:397][  0]LogPhysics:Warning: FBodyInstance::ApplyMaterialToShape_AssumesLocked : PComplexMats is empty - falling back on simple physical material.
[2016.02.21-22.09.48:401][  0]LogBlueprintUserMessages: [BP_Character_AI_Default_C_4] AIDefault: Wrong Controller for Guard (Guard target)
[2016.02.21-22.09.48:403][  0]LogPhysics:Warning: FBodyInstance::ApplyMaterialToShape_AssumesLocked : PComplexMats is empty - falling back on simple physical material.
[2016.02.21-22.09.48:404][  0]LogPhysics:Warning: FBodyInstance::ApplyMaterialToShape_AssumesLocked : PComplexMats is empty - falling back on simple physical material.
[2016.02.21-22.09.48:406][  0]LogPhysics:Warning: FBodyInstance::ApplyMaterialToShape_AssumesLocked : PComplexMats is empty - falling back on simple physical material.
[2016.02.21-22.09.48:407][  0]LogPhysics:Warning: FBodyInstance::ApplyMaterialToShape_AssumesLocked : PComplexMats is empty - falling back on simple physical material.
[2016.02.21-22.09.48:412][  0]LogPhysics:Warning: FBodyInstance::ApplyMaterialToShape_AssumesLocked : PComplexMats is empty - falling back on simple physical material.
[2016.02.21-22.09.48:413][  0]LogPhysics:Warning: FBodyInstance::ApplyMaterialToShape_AssumesLocked : PComplexMats is empty - falling back on simple physical material.
[2016.02.21-22.09.48:420][  0]LogBlueprintUserMessages: [BP_Character_AI_Bot2_C_3] AIDefault: Wrong Controller for Guard (Guard target)
[2016.02.21-22.09.48:423][  0]LogPhysics:Warning: FBodyInstance::ApplyMaterialToShape_AssumesLocked : PComplexMats is empty - falling back on simple physical material.
[2016.02.21-22.09.48:425][  0]LogPhysics:Warning: FBodyInstance::ApplyMaterialToShape_AssumesLocked : PComplexMats is empty - falling back on simple physical material.
[2016.02.21-22.09.48:429][  0]LogPhysics:Warning: FBodyInstance::ApplyMaterialToShape_AssumesLocked : PComplexMats is empty - falling back on simple physical material.
[2016.02.21-22.09.48:430][  0]LogPhysics:Warning: FBodyInstance::ApplyMaterialToShape_AssumesLocked : PComplexMats is empty - falling back on simple physical material.
[2016.02.21-22.09.48:435][  0]LogPhysics:Warning: FBodyInstance::ApplyMaterialToShape_AssumesLocked : PComplexMats is empty - falling back on simple physical material.
[2016.02.21-22.09.48:436][  0]LogPhysics:Warning: FBodyInstance::ApplyMaterialToShape_AssumesLocked : PComplexMats is empty - falling back on simple physical material.
[2016.02.21-22.09.48:439][  0]LogPhysics:Warning: FBodyInstance::ApplyMaterialToShape_AssumesLocked : PComplexMats is empty - falling back on simple physical material.
[2016.02.21-22.09.48:440][  0]LogPhysics:Warning: FBodyInstance::ApplyMaterialToShape_AssumesLocked : PComplexMats is empty - falling back on simple physical material.
[2016.02.21-22.09.48:444][  0]LogBlueprintUserMessages: [BP_Character_AI_Bot2_C_4] AIDefault: Wrong Controller for Guard (Guard target)
[2016.02.21-22.09.48:446][  0]LogBlueprintUserMessages: [BP_Character_AI_Bot2_C_0] AIDefault: Wrong Controller for Guard (Guard target)
[2016.02.21-22.09.48:447][  0]LogBlueprintUserMessages: [BP_Character_AI_Bot2_C_0] Picked Up Weapon
[2016.02.21-22.09.48:447][  0]LogBlueprintUserMessages: [BP_Character_AI_Bot2_C_0] 3d person
[2016.02.21-22.09.48:448][  0]LogBlueprintUserMessages: [BP_Character_AI_Default_C_0] AIDefault: Wrong Controller for Guard (Guard target)
[2016.02.21-22.09.48:449][  0]LogBlueprintUserMessages: [BP_Character_AI_Default_C_0] Picked Up Weapon
[2016.02.21-22.09.48:449][  0]LogBlueprintUserMessages: [BP_Character_AI_Default_C_0] 3d person
[2016.02.21-22.09.48:450][  0]LogBlueprintUserMessages: [BP_Character_AI_Default_C_1] AIDefault: Wrong Controller for Guard (Guard target)
[2016.02.21-22.09.48:451][  0]LogBlueprintUserMessages: [BP_Character_AI_Default_C_1] Picked Up Weapon
[2016.02.21-22.09.48:451][  0]LogBlueprintUserMessages: [BP_Character_AI_Default_C_1] 3d person
[2016.02.21-22.09.48:451][  0]LogBlueprintUserMessages: [BP_Character_AI_Default_C_2] AIDefault: Wrong Controller for Guard (Guard target)
[2016.02.21-22.09.48:452][  0]LogBlueprintUserMessages: [BP_Character_AI_Default_C_2] Picked Up Weapon
[2016.02.21-22.09.48:452][  0]LogBlueprintUserMessages: [BP_Character_AI_Default_C_2] 3d person
[2016.02.21-22.09.48:453][  0]LogBlueprintUserMessages: [BP_Character_AI_Bot2_C_1] AIDefault: Wrong Controller for Guard (Guard target)
[2016.02.21-22.09.48:454][  0]LogBlueprintUserMessages: [BP_Character_AI_Bot2_C_1] Picked Up Weapon
[2016.02.21-22.09.48:454][  0]LogBlueprintUserMessages: [BP_Character_AI_Bot2_C_1] 3d person
[2016.02.21-22.09.48:455][  0]LogBlueprintUserMessages: [BP_Character_AI_Bot2_C_2] AIDefault: Wrong Controller for Guard (Guard target)
[2016.02.21-22.09.48:456][  0]LogBlueprintUserMessages: [BP_Character_AI_Bot2_C_2] Picked Up Weapon
[2016.02.21-22.09.48:456][  0]LogBlueprintUserMessages: [BP_Character_AI_Bot2_C_2] 3d person
[2016.02.21-22.09.48:458][  0]LogBlueprintUserMessages: [BP_Character_AI_Default_C_3] AIDefault: Wrong Controller for Guard (Guard target)
[2016.02.21-22.09.48:459][  0]LogBlueprintUserMessages: [BP_Character_AI_Default_C_3] Picked Up Weapon
[2016.02.21-22.09.48:459][  0]LogBlueprintUserMessages: [BP_Character_AI_Default_C_3] 3d person
[2016.02.21-22.09.48:461][  0]LogBlueprintUserMessages: [BP_Character_AI_Default_C_4] AIDefault: Wrong Controller for Guard (Guard target)
[2016.02.21-22.09.48:461][  0]LogBlueprintUserMessages: [BP_Character_AI_Default_C_4] Picked Up Weapon
[2016.02.21-22.09.48:461][  0]LogBlueprintUserMessages: [BP_Character_AI_Default_C_4] 3d person
[2016.02.21-22.09.48:464][  0]LogBlueprintUserMessages: [BP_Character_AI_Bot2_C_3] AIDefault: Wrong Controller for Guard (Guard target)
[2016.02.21-22.09.48:464][  0]LogBlueprintUserMessages: [BP_Character_AI_Bot2_C_3] Picked Up Weapon
[2016.02.21-22.09.48:465][  0]LogBlueprintUserMessages: [BP_Character_AI_Bot2_C_3] 3d person
[2016.02.21-22.09.48:469][  0]LogBlueprintUserMessages: [BP_Character_AI_Bot2_C_4] AIDefault: Wrong Controller for Guard (Guard target)
[2016.02.21-22.09.48:469][  0]LogBlueprintUserMessages: [BP_Character_AI_Bot2_C_4] Picked Up Weapon
[2016.02.21-22.09.48:469][  0]LogBlueprintUserMessages: [BP_Character_AI_Bot2_C_4] 3d person
[2016.02.21-22.09.48:470][  0]LogInit:Display: Game Engine Initialized.
[2016.02.21-22.09.48:470][  0]LogLoad: Full Startup: 34.42 seconds (BP compile: 0.00 seconds)
[2016.02.21-22.09.48:653][  1]LogBlueprintUserMessages: [BP_Character_AI_Army_C_0] New First Person weapon
[2016.02.21-22.09.48:653][  1]LogBlueprintUserMessages: [BP_Character_AI_GallaciaSantos_C_0] New First Person weapon
[2016.02.21-22.09.48:654][  1]LogBlueprintUserMessages: [BP_Character_AI_GangWoman_C_1] New First Person weapon
[2016.02.21-22.09.48:655][  1]LogBlueprintUserMessages: [BP_Character_AI_SWAT_C_1] New First Person weapon
[2016.02.21-22.09.48:656][  1]LogBlueprintUserMessages: [BP_Character_AI_Warrior_C_0] New First Person weapon
[2016.02.21-22.09.48:657][  1]LogBlueprintUserMessages: [BP_Character_AI_Bot2_C_0] New First Person weapon
[2016.02.21-22.09.48:657][  1]LogBlueprintUserMessages: [BP_Character_AI_Default_C_0] New First Person weapon
[2016.02.21-22.09.48:658][  1]LogBlueprintUserMessages: [BP_Character_AI_Default_C_1] New First Person weapon
[2016.02.21-22.09.48:659][  1]LogBlueprintUserMessages: [BP_Character_AI_Default_C_2] New First Person weapon
[2016.02.21-22.09.48:660][  1]LogBlueprintUserMessages: [BP_Character_AI_Bot2_C_1] New First Person weapon
[2016.02.21-22.09.48:661][  1]LogBlueprintUserMessages: [BP_Character_AI_Bot2_C_2] New First Person weapon
[2016.02.21-22.09.48:661][  1]LogBlueprintUserMessages: [BP_Character_AI_Default_C_3] New First Person weapon
[2016.02.21-22.09.48:662][  1]LogBlueprintUserMessages: [BP_Character_AI_Default_C_4] New First Person weapon
[2016.02.21-22.09.48:663][  1]LogBlueprintUserMessages: [BP_Character_AI_Bot2_C_3] New First Person weapon
[2016.02.21-22.09.48:663][  1]LogBlueprintUserMessages: [BP_Character_AI_Bot2_C_4] New First Person weapon
[2016.02.21-22.09.57:333][265]LogPhysics:Warning: FBodyInstance::ApplyMaterialToShape_AssumesLocked : PComplexMats is empty - falling back on simple physical material.
[2016.02.21-22.09.57:333][265]LogPhysics:Warning: FBodyInstance::ApplyMaterialToShape_AssumesLocked : PComplexMats is empty - falling back on simple physical material.
[2016.02.21-22.09.57:334][265]LogPhysics:Warning: FBodyInstance::ApplyMaterialToShape_AssumesLocked : PComplexMats is empty - falling back on simple physical material.
