[2016.02.23-07.28.37:838][  0]Log file open, 02/23/16 09:28:37
[2016.02.23-07.28.37:838][  0]LogModuleManager:Warning: ModuleManager: Module 'HTTPChunkInstaller' not found - its StaticallyLinkedModuleInitializers function is null.
[2016.02.23-07.28.37:839][  0]LogPlatformFile: Not using cached read wrapper
[2016.02.23-07.28.37:839][  0]LogInit:Display: RandInit(-784850975) SRandInit(-784850950).
[2016.02.23-07.28.37:839][  0]LogTaskGraph: Started task graph with 4 named threads and 7 total threads.
[2016.02.23-07.28.37:840][  0]LogStats: Stats thread started at 6.493039
[2016.02.23-07.28.37:840][  0]LogInit: Version: 4.10.1-0+++depot+UE4-Releases+4.10
[2016.02.23-07.28.37:840][  0]LogInit: API Version: 0
[2016.02.23-07.28.37:840][  0]LogInit: Compiled (64-bit): Dec 20 2015 18:10:33
[2016.02.23-07.28.37:840][  0]LogInit: Compiled with Visual C++: 19.00.23026.00
[2016.02.23-07.28.37:840][  0]LogInit: Build Configuration: Development
[2016.02.23-07.28.37:840][  0]LogInit: Branch Name: ++depot+UE4-Releases+4.10
[2016.02.23-07.28.37:840][  0]LogInit: Command line: -log
[2016.02.23-07.28.37:840][  0]LogInit: Base directory: E:/MyDocuments/GitHub/TheGame/TheGameByVovan/TheGame/Binaries/Win64/
[2016.02.23-07.28.37:840][  0]LogInit: Rocket: 0
[2016.02.23-07.28.38:020][  0]LogInit: Using libcurl 7.41.0
[2016.02.23-07.28.38:037][  0]LogInit:  - built for x86_64-pc-win32
[2016.02.23-07.28.38:038][  0]LogInit:  - supports SSL with WinSSL
[2016.02.23-07.28.38:038][  0]LogInit:  - other features:
[2016.02.23-07.28.38:038][  0]LogInit:      CURL_VERSION_SSL
[2016.02.23-07.28.38:038][  0]LogInit:      CURL_VERSION_IPV6
[2016.02.23-07.28.38:038][  0]LogInit:      CURL_VERSION_ASYNCHDNS
[2016.02.23-07.28.38:038][  0]LogInit:      CURL_VERSION_LARGEFILE
[2016.02.23-07.28.38:038][  0]LogInit:      CURL_VERSION_IDN
[2016.02.23-07.28.38:069][  0]LogInit:  CurlRequestOptions (configurable via config and command line):
[2016.02.23-07.28.38:069][  0]LogInit:  - bVerifyPeer = true  - Libcurl will verify peer certificate
[2016.02.23-07.28.38:070][  0]LogInit:  - bUseHttpProxy = false  - Libcurl will NOT use HTTP proxy
[2016.02.23-07.28.38:070][  0]LogInit:  - bDontReuseConnections = false  - Libcurl will reuse connections
[2016.02.23-07.28.38:071][  0]LogInit:  - CertBundlePath = nullptr  - Libcurl will use whatever was configured at build time.
[2016.02.23-07.28.38:344][  0]LogInit: Presizing for 0 objects not considered by GC, pre-allocating 0 bytes.
[2016.02.23-07.28.38:581][  0]LogInit: Object subsystem initialized
[2016.02.23-07.28.38:881][  0]LogInit: Selected Device Profile: [WindowsServer]
[2016.02.23-07.28.38:882][  0]LogInit: Applying CVar settings loaded from the selected device profile: [WindowsServer]
[2016.02.23-07.28.39:036][  0]LogInit: Computer: VOVAN-PC
[2016.02.23-07.28.39:037][  0]LogInit: User: Vovan
[2016.02.23-07.28.39:038][  0]LogInit: CPU Page size=4096, Cores=4
[2016.02.23-07.28.39:038][  0]LogInit: High frequency timer resolution =3.007968 MHz
[2016.02.23-07.28.39:040][  0]LogMemory: Memory total: Physical=8.0GB (8GB approx)
[2016.02.23-07.28.39:041][  0]LogMemory: Platform Memory Stats for WindowsServer
[2016.02.23-07.28.39:041][  0]LogMemory: Process Physical Memory: 31.98 MB used, 31.98 MB peak
[2016.02.23-07.28.39:042][  0]LogMemory: Process Virtual Memory: 51.92 MB used, 51.92 MB peak
[2016.02.23-07.28.39:044][  0]LogMemory: Physical Memory: 3794.14 MB used, 8190.49 MB total
[2016.02.23-07.28.39:045][  0]LogMemory: Virtual Memory: 212.65 MB used, 8388608.00 MB total
[2016.02.23-07.28.39:868][  0]LogTextLocalizationManager: No translations for ('ru-RU') exist, falling back to 'en' for localization and internationalization data.
[2016.02.23-07.28.45:186][  0]LogCollisionProfile:Warning: Profile (ColcompProfile) - Custom Channel Name = 'GameTraceChannel5' hasn't been found
[2016.02.23-07.28.45:187][  0]LogCollisionProfile:Warning: Profile (ColcompProfile) - Custom Channel Name = 'GameTraceChannel6' hasn't been found
[2016.02.23-07.28.47:093][  0]LogSlate:Warning: 'Roboto' does not provide a composite font that can be used with Slate. Slate will be forced to use the fallback font path which may be slower.
[2016.02.23-07.28.47:148][  0]LogSlate:Warning: 'Roboto' does not provide a composite font that can be used with Slate. Slate will be forced to use the fallback font path which may be slower.
[2016.02.23-07.28.47:149][  0]LogSlate:Warning: 'Roboto' does not provide a composite font that can be used with Slate. Slate will be forced to use the fallback font path which may be slower.
[2016.02.23-07.28.47:150][  0]LogSlate:Warning: 'Roboto' does not provide a composite font that can be used with Slate. Slate will be forced to use the fallback font path which may be slower.
[2016.02.23-07.28.47:151][  0]LogSlate:Warning: 'Roboto' does not provide a composite font that can be used with Slate. Slate will be forced to use the fallback font path which may be slower.
[2016.02.23-07.28.47:152][  0]LogSlate:Warning: 'Roboto' does not provide a composite font that can be used with Slate. Slate will be forced to use the fallback font path which may be slower.
[2016.02.23-07.28.47:153][  0]LogSlate:Warning: 'Roboto' does not provide a composite font that can be used with Slate. Slate will be forced to use the fallback font path which may be slower.
[2016.02.23-07.28.47:163][  0]LogSlate:Warning: 'Roboto' does not provide a composite font that can be used with Slate. Slate will be forced to use the fallback font path which may be slower.
[2016.02.23-07.28.47:164][  0]LogSlate:Warning: 'Roboto' does not provide a composite font that can be used with Slate. Slate will be forced to use the fallback font path which may be slower.
[2016.02.23-07.28.47:174][  0]LogSlate:Warning: 'Roboto' does not provide a composite font that can be used with Slate. Slate will be forced to use the fallback font path which may be slower.
[2016.02.23-07.28.47:176][  0]LogSlate:Warning: 'Roboto' does not provide a composite font that can be used with Slate. Slate will be forced to use the fallback font path which may be slower.
[2016.02.23-07.28.47:177][  0]LogSlate:Warning: 'Roboto' does not provide a composite font that can be used with Slate. Slate will be forced to use the fallback font path which may be slower.
[2016.02.23-07.28.47:179][  0]LogSlate:Warning: 'Roboto' does not provide a composite font that can be used with Slate. Slate will be forced to use the fallback font path which may be slower.
[2016.02.23-07.28.47:180][  0]LogSlate:Warning: 'Roboto' does not provide a composite font that can be used with Slate. Slate will be forced to use the fallback font path which may be slower.
[2016.02.23-07.28.47:180][  0]LogSlate:Warning: 'Roboto' does not provide a composite font that can be used with Slate. Slate will be forced to use the fallback font path which may be slower.
[2016.02.23-07.28.47:182][  0]LogSlate:Warning: 'Roboto' does not provide a composite font that can be used with Slate. Slate will be forced to use the fallback font path which may be slower.
[2016.02.23-07.28.47:183][  0]LogSlate:Warning: 'Roboto' does not provide a composite font that can be used with Slate. Slate will be forced to use the fallback font path which may be slower.
[2016.02.23-07.28.47:278][  0]LogSlate:Warning: 'Roboto' does not provide a composite font that can be used with Slate. Slate will be forced to use the fallback font path which may be slower.
[2016.02.23-07.28.47:279][  0]LogSlate:Warning: 'Roboto' does not provide a composite font that can be used with Slate. Slate will be forced to use the fallback font path which may be slower.
[2016.02.23-07.28.47:280][  0]LogSlate:Warning: 'Roboto' does not provide a composite font that can be used with Slate. Slate will be forced to use the fallback font path which may be slower.
[2016.02.23-07.28.47:281][  0]LogSlate:Warning: 'Roboto' does not provide a composite font that can be used with Slate. Slate will be forced to use the fallback font path which may be slower.
[2016.02.23-07.28.47:282][  0]LogSlate:Warning: 'Roboto' does not provide a composite font that can be used with Slate. Slate will be forced to use the fallback font path which may be slower.
[2016.02.23-07.28.47:284][  0]LogSlate:Warning: 'Roboto' does not provide a composite font that can be used with Slate. Slate will be forced to use the fallback font path which may be slower.
[2016.02.23-07.28.47:285][  0]LogSlate:Warning: 'Roboto' does not provide a composite font that can be used with Slate. Slate will be forced to use the fallback font path which may be slower.
[2016.02.23-07.28.47:286][  0]LogSlate:Warning: 'Roboto' does not provide a composite font that can be used with Slate. Slate will be forced to use the fallback font path which may be slower.
[2016.02.23-07.28.47:287][  0]LogSlate:Warning: 'Roboto' does not provide a composite font that can be used with Slate. Slate will be forced to use the fallback font path which may be slower.
[2016.02.23-07.28.47:288][  0]LogSlate:Warning: 'Roboto' does not provide a composite font that can be used with Slate. Slate will be forced to use the fallback font path which may be slower.
[2016.02.23-07.28.47:292][  0]LogSlate:Warning: 'Roboto' does not provide a composite font that can be used with Slate. Slate will be forced to use the fallback font path which may be slower.
[2016.02.23-07.28.47:293][  0]LogSlate:Warning: 'Roboto' does not provide a composite font that can be used with Slate. Slate will be forced to use the fallback font path which may be slower.
[2016.02.23-07.28.47:294][  0]LogSlate:Warning: 'Roboto' does not provide a composite font that can be used with Slate. Slate will be forced to use the fallback font path which may be slower.
[2016.02.23-07.28.47:295][  0]LogSlate:Warning: 'Roboto' does not provide a composite font that can be used with Slate. Slate will be forced to use the fallback font path which may be slower.
[2016.02.23-07.28.47:296][  0]LogSlate:Warning: 'Roboto' does not provide a composite font that can be used with Slate. Slate will be forced to use the fallback font path which may be slower.
[2016.02.23-07.28.47:297][  0]LogSlate:Warning: 'Roboto' does not provide a composite font that can be used with Slate. Slate will be forced to use the fallback font path which may be slower.
[2016.02.23-07.28.47:298][  0]LogSlate:Warning: 'Roboto' does not provide a composite font that can be used with Slate. Slate will be forced to use the fallback font path which may be slower.
[2016.02.23-07.28.47:299][  0]LogSlate:Warning: 'Roboto' does not provide a composite font that can be used with Slate. Slate will be forced to use the fallback font path which may be slower.
[2016.02.23-07.28.47:301][  0]LogSlate:Warning: 'Roboto' does not provide a composite font that can be used with Slate. Slate will be forced to use the fallback font path which may be slower.
[2016.02.23-07.28.47:302][  0]LogSlate:Warning: 'Roboto' does not provide a composite font that can be used with Slate. Slate will be forced to use the fallback font path which may be slower.
[2016.02.23-07.28.47:304][  0]LogLinker:Warning: CreateImport: Failed to load Outer for resource 'WidgetTree': WidgetBlueprint /Script/UMGEditor.Default__WidgetBlueprint
[2016.02.23-07.28.47:305][  0]LogLinker:Warning: CreateImport: Failed to load Outer for resource 'WidgetTree': WidgetBlueprint /Script/UMGEditor.Default__WidgetBlueprint
[2016.02.23-07.28.49:464][  0]LogInit: Selected Device Profile: [WindowsServer]
[2016.02.23-07.28.51:766][  0]LogInit: WinSock: version 1.1 (2.2), MaxSocks=32767, MaxUdp=65467
[2016.02.23-07.28.51:767][  0]LogModuleManager:Warning: ModuleManager: Module 'XAudio2' not found - its StaticallyLinkedModuleInitializers function is null.
[2016.02.23-07.28.51:923][  0]LogObj: 33425 objects as part of root set at end of initial load.
[2016.02.23-07.28.51:924][  0]LogUObjectAllocator: 7084040 out of 0 bytes used by permanent object pool.
[2016.02.23-07.28.52:035][  0]LogEngine: Initializing Engine...
[2016.02.23-07.28.52:610][  0]LogInit: Texture streaming: Disabled
[2016.02.23-07.28.53:638][  0]LogNet: Browse: /Game/My_Game/Maps/MyMap?Name=Player
[2016.02.23-07.28.53:639][  0]LogLoad: LoadMap: /Game/My_Game/Maps/MyMap?Name=Player
[2016.02.23-07.28.54:802][  0]LogMemory: Platform Memory Stats for WindowsServer
[2016.02.23-07.28.54:802][  0]LogMemory: Process Physical Memory: 153.81 MB used, 186.89 MB peak
[2016.02.23-07.28.54:803][  0]LogMemory: Process Virtual Memory: 217.11 MB used, 272.22 MB peak
[2016.02.23-07.28.54:803][  0]LogMemory: Physical Memory: 4069.47 MB used, 8190.49 MB total
[2016.02.23-07.28.54:804][  0]LogMemory: Virtual Memory: 452.63 MB used, 8388608.00 MB total
[2016.02.23-07.28.54:804][  0]LogMemory: 
[2016.02.23-07.28.54:807][  0]LogMemory: Allocator Stats for binned:
[2016.02.23-07.28.54:807][  0]LogMemory: Current Memory 153.74 MB used, plus 11.18 MB waste
[2016.02.23-07.28.54:808][  0]LogMemory: Peak Memory 219.05 MB used, plus 3.00 MB waste
[2016.02.23-07.28.54:813][  0]LogMemory: Current OS Memory 164.92 MB, peak 222.04 MB
[2016.02.23-07.28.54:814][  0]LogMemory: Current Waste 2.00 MB, peak 2.03 MB
[2016.02.23-07.28.54:814][  0]LogMemory: Current Used 153.74 MB, peak 219.05 MB
[2016.02.23-07.28.54:815][  0]LogMemory: Current Slack 9.18 MB
[2016.02.23-07.28.54:816][  0]LogMemory: Allocs       154802 Current /  1388790 Total
[2016.02.23-07.28.54:816][  0]LogMemory: 
[2016.02.23-07.28.54:817][  0]LogMemory: Block Size Num Pools Max Pools Cur Allocs Total Allocs Min Req Max Req Mem Used Mem Slack Mem Waste Efficiency
[2016.02.23-07.28.54:818][  0]LogMemory: ---------- --------- --------- ---------- ------------ ------- ------- -------- --------- --------- ----------
[2016.02.23-07.28.54:819][  0]LogMemory:          8         0         0          0            0       8       0       0K        0K        0K    100.00%
[2016.02.23-07.28.54:820][  0]LogMemory:         16        13        13      13983       237867      16      16     218K      614K        0K    100.00%
[2016.02.23-07.28.54:821][  0]LogMemory:         32        34        34      35885       189820      17      32    1121K     1055K      113K     94.81%
[2016.02.23-07.28.54:821][  0]LogMemory:         48        14        15       8905        90719      33      48     417K      479K       47K     94.75%
[2016.02.23-07.28.54:822][  0]LogMemory:         64        25        25      19702       142736      49      64    1231K      369K      144K     91.00%
[2016.02.23-07.28.54:822][  0]LogMemory:         80        12        12       8872       105880      65      80     693K       75K       59K     92.32%
[2016.02.23-07.28.54:823][  0]LogMemory:         96         8         8       3692       119587      82      96     346K      166K       30K     94.14%
[2016.02.23-07.28.54:828][  0]LogMemory:        112         6         6       2734        27455      98     112     299K       85K       17K     95.57%
[2016.02.23-07.28.54:828][  0]LogMemory:        128        49        49      24232        46070     114     128    3029K      107K       84K     97.32%
[2016.02.23-07.28.54:829][  0]LogMemory:        160        13        15       4815        83550     129     160     752K       79K       68K     91.83%
[2016.02.23-07.28.54:829][  0]LogMemory:        192        29        29       9400        93755     162     192    1762K       93K      128K     93.10%
[2016.02.23-07.28.54:830][  0]LogMemory:        224        20        33       5457       110536     194     224    1193K       85K      100K     92.19%
[2016.02.23-07.28.54:830][  0]LogMemory:        256         8         8       1671        32120     225     256     417K       95K       27K     94.73%
[2016.02.23-07.28.54:831][  0]LogMemory:        288         7         7       1303        18462     257     288     366K       81K       21K     95.31%
[2016.02.23-07.28.54:832][  0]LogMemory:        320         6         6       1051        17517     290     320     328K       55K       17K     95.57%
[2016.02.23-07.28.54:833][  0]LogMemory:        384        18        18       2897        14374     322     384    1086K       62K       86K     92.53%
[2016.02.23-07.28.54:833][  0]LogMemory:        448        15        15       1904         6157     385     448     833K      126K       59K     93.85%
[2016.02.23-07.28.54:834][  0]LogMemory:        512         8         8        583         3801     449     512     291K      221K       19K     96.29%
[2016.02.23-07.28.54:835][  0]LogMemory:        576        15        18        527         2706     513     576     296K      658K       20K     97.92%
[2016.02.23-07.28.54:836][  0]LogMemory:        640        12        39        180         4106     578     640     112K      653K        8K     98.96%
[2016.02.23-07.28.54:837][  0]LogMemory:        704        18        87        363         8462     641     704     249K      902K       14K     98.78%
[2016.02.23-07.28.54:838][  0]LogMemory:        768        17        35        475         4496     705     768     356K      728K       17K     98.44%
[2016.02.23-07.28.54:839][  0]LogMemory:        896         8         8        466         1221     769     896     407K      104K       16K     96.88%
[2016.02.23-07.28.54:839][  0]LogMemory:       1024         7         7        423          719     897    1024     423K       25K       19K     95.76%
[2016.02.23-07.28.54:840][  0]LogMemory:       1168         9        10        309         1374    1025    1168     352K      223K       23K     96.01%
[2016.02.23-07.28.54:841][  0]LogMemory:       1360        19        19        441         2682    1171    1360     585K      627K       43K     96.46%
[2016.02.23-07.28.54:841][  0]LogMemory:       1632        18        18        705         1603    1361    1632    1123K       25K       95K     91.75%
[2016.02.23-07.28.54:844][  0]LogMemory:       2048        29        30        398         2606    1633    2048     796K     1060K      108K     94.18%
[2016.02.23-07.28.54:845][  0]LogMemory:       2336         5         5        106         2855    2050    2336     241K       79K       27K     91.56%
[2016.02.23-07.28.54:846][  0]LogMemory:       2720        12        12        276          744    2338    2717     733K       32K       45K     94.14%
[2016.02.23-07.28.54:846][  0]LogMemory:       3264        14        14        261         2294    2721    3264     831K       62K       64K     92.86%
[2016.02.23-07.28.54:847][  0]LogMemory:       4096        36        36        562         2490    3265    4096    2248K       56K      240K     89.58%
[2016.02.23-07.28.54:847][  0]LogMemory:       4672        24        24        324         1690    4097    4669    1478K       55K       75K     95.12%
[2016.02.23-07.28.54:848][  0]LogMemory:       5456        28        29        336          769    4673    5456    1790K        1K      148K     91.74%
[2016.02.23-07.28.54:849][  0]LogMemory:       6544        20        20        185          541    5460    6537    1182K       97K      101K     92.11%
[2016.02.23-07.28.54:849][  0]LogMemory:       8192         8        10         57          515    6549    8192     456K       56K       77K     84.96%
[2016.02.23-07.28.54:850][  0]LogMemory:       9360         7         8         46          117    8200    9360     420K       28K       22K     95.09%
[2016.02.23-07.28.54:850][  0]LogMemory:      10912        11        11         64          153    9383   10894     682K       22K       33K     95.31%
[2016.02.23-07.28.54:851][  0]LogMemory:      13104        17        17         81          160   10931   13083    1036K       52K       81K     92.56%
[2016.02.23-07.28.54:852][  0]LogMemory:      16384       103       105        409         2497   13120   16384    6544K       48K      605K     90.82%
[2016.02.23-07.28.54:853][  0]LogMemory:      21840       132       133        394         1545   16391   21832    8403K       43K     1404K     83.38%
[2016.02.23-07.28.54:854][  0]LogMemory:      32768        27        28         54          174   21853   32640    1728K        0K      419K     75.75%
[2016.02.23-07.28.54:854][  0]LogMemory: 
[2016.02.23-07.28.54:855][  0]LogMemory: 56384K allocated in pools (with 9483K slack and 4723K waste). Efficiency 91.62%
[2016.02.23-07.28.54:855][  0]LogMemory: Allocations 154529 Current / 1386926 Total (in 881 pools)
[2016.02.23-07.28.54:856][  0]LogMemory: 
[2016.02.23-07.29.00:881][  0]LogModuleManager:Warning: ModuleManager: Module 'GameplayDebugger' not found - its StaticallyLinkedModuleInitializers function is null.
[2016.02.23-07.29.00:882][  0]LogAIModule: Creating AISystem for world MyMap
[2016.02.23-07.29.00:883][  0]LogWorld: Game class is 'BP_GameMode_C'
[2016.02.23-07.29.00:935][  0]LogInit: WinSock: Socket queue 131072 / 131072
[2016.02.23-07.29.00:944][  0]LogInit: WinSock: I am Vovan-PC (192.168.0.38:0)
[2016.02.23-07.29.00:944][  0]LogNet: GameNetDriver IpNetDriver_0 IpNetDriver listening on port 7777
[2016.02.23-07.29.01:045][  0]LogPhysics:Warning: FBodyInstance::ApplyMaterialToShape_AssumesLocked : PComplexMats is empty - falling back on simple physical material.
[2016.02.23-07.29.01:046][  0]LogPhysics:Warning: FBodyInstance::ApplyMaterialToShape_AssumesLocked : PComplexMats is empty - falling back on simple physical material.
[2016.02.23-07.29.01:111][  0]LogPhysics:Warning: FBodyInstance::ApplyMaterialToShape_AssumesLocked : PComplexMats is empty - falling back on simple physical material.
[2016.02.23-07.29.01:113][  0]LogPhysics:Warning: FBodyInstance::ApplyMaterialToShape_AssumesLocked : PComplexMats is empty - falling back on simple physical material.
[2016.02.23-07.29.01:113][  0]LogPhysics:Warning: FBodyInstance::ApplyMaterialToShape_AssumesLocked : PComplexMats is empty - falling back on simple physical material.
[2016.02.23-07.29.01:115][  0]LogPhysics:Warning: FBodyInstance::ApplyMaterialToShape_AssumesLocked : PComplexMats is empty - falling back on simple physical material.
[2016.02.23-07.29.01:116][  0]LogPhysics:Warning: FBodyInstance::ApplyMaterialToShape_AssumesLocked : PComplexMats is empty - falling back on simple physical material.
[2016.02.23-07.29.01:117][  0]LogPhysics:Warning: FBodyInstance::ApplyMaterialToShape_AssumesLocked : PComplexMats is empty - falling back on simple physical material.
[2016.02.23-07.29.01:118][  0]LogPhysics:Warning: FBodyInstance::ApplyMaterialToShape_AssumesLocked : PComplexMats is empty - falling back on simple physical material.
[2016.02.23-07.29.01:119][  0]LogPhysics:Warning: FBodyInstance::ApplyMaterialToShape_AssumesLocked : PComplexMats is empty - falling back on simple physical material.
[2016.02.23-07.29.01:125][  0]LogPhysics:Warning: FBodyInstance::ApplyMaterialToShape_AssumesLocked : PComplexMats is empty - falling back on simple physical material.
[2016.02.23-07.29.01:126][  0]LogPhysics:Warning: FBodyInstance::ApplyMaterialToShape_AssumesLocked : PComplexMats is empty - falling back on simple physical material.
[2016.02.23-07.29.01:128][  0]LogPhysics:Warning: FBodyInstance::ApplyMaterialToShape_AssumesLocked : PComplexMats is empty - falling back on simple physical material.
[2016.02.23-07.29.01:129][  0]LogPhysics:Warning: FBodyInstance::ApplyMaterialToShape_AssumesLocked : PComplexMats is empty - falling back on simple physical material.
[2016.02.23-07.29.01:130][  0]LogPhysics:Warning: FBodyInstance::ApplyMaterialToShape_AssumesLocked : PComplexMats is empty - falling back on simple physical material.
[2016.02.23-07.29.01:131][  0]LogPhysics:Warning: FBodyInstance::ApplyMaterialToShape_AssumesLocked : PComplexMats is empty - falling back on simple physical material.
[2016.02.23-07.29.01:132][  0]LogPhysics:Warning: FBodyInstance::ApplyMaterialToShape_AssumesLocked : PComplexMats is empty - falling back on simple physical material.
[2016.02.23-07.29.01:134][  0]LogPhysics:Warning: FBodyInstance::ApplyMaterialToShape_AssumesLocked : PComplexMats is empty - falling back on simple physical material.
[2016.02.23-07.29.01:135][  0]LogPhysics:Warning: FBodyInstance::ApplyMaterialToShape_AssumesLocked : PComplexMats is empty - falling back on simple physical material.
[2016.02.23-07.29.01:136][  0]LogPhysics:Warning: FBodyInstance::ApplyMaterialToShape_AssumesLocked : PComplexMats is empty - falling back on simple physical material.
[2016.02.23-07.29.01:137][  0]LogPhysics:Warning: FBodyInstance::ApplyMaterialToShape_AssumesLocked : PComplexMats is empty - falling back on simple physical material.
[2016.02.23-07.29.01:141][  0]LogPhysics:Warning: FBodyInstance::ApplyMaterialToShape_AssumesLocked : PComplexMats is empty - falling back on simple physical material.
[2016.02.23-07.29.01:149][  0]LogPhysics:Warning: FBodyInstance::ApplyMaterialToShape_AssumesLocked : PComplexMats is empty - falling back on simple physical material.
[2016.02.23-07.29.01:150][  0]LogPhysics:Warning: FBodyInstance::ApplyMaterialToShape_AssumesLocked : PComplexMats is empty - falling back on simple physical material.
[2016.02.23-07.29.01:152][  0]LogPhysics:Warning: FBodyInstance::ApplyMaterialToShape_AssumesLocked : PComplexMats is empty - falling back on simple physical material.
[2016.02.23-07.29.01:153][  0]LogPhysics:Warning: FBodyInstance::ApplyMaterialToShape_AssumesLocked : PComplexMats is empty - falling back on simple physical material.
[2016.02.23-07.29.01:176][  0]LogPhysics:Warning: FBodyInstance::ApplyMaterialToShape_AssumesLocked : PComplexMats is empty - falling back on simple physical material.
[2016.02.23-07.29.01:178][  0]LogPhysics:Warning: FBodyInstance::ApplyMaterialToShape_AssumesLocked : PComplexMats is empty - falling back on simple physical material.
[2016.02.23-07.29.01:179][  0]LogPhysics:Warning: FBodyInstance::ApplyMaterialToShape_AssumesLocked : PComplexMats is empty - falling back on simple physical material.
[2016.02.23-07.29.01:180][  0]LogPhysics:Warning: FBodyInstance::ApplyMaterialToShape_AssumesLocked : PComplexMats is empty - falling back on simple physical material.
[2016.02.23-07.29.01:432][  0]LogWorld: Bringing World /Game/My_Game/Maps/MyMap.MyMap up for play (max tick rate 30) at 2016.02.23-09.29.01
[2016.02.23-07.29.01:578][  0]LogWorld: Bringing up level for play took: 0.633133
[2016.02.23-07.29.01:596][  0]LogBlueprintUserMessages: [BP_GameState_C_0] GameStateInit
[2016.02.23-07.29.01:605][  0]LogBlueprintUserMessages: [BP_Character_AI_Army_C_0] AIDefault: Wrong Controller for Guard (Guard target)
[2016.02.23-07.29.01:605][  0]LogBlueprintUserMessages: [BP_Character_AI_Army_C_0] Picked Up Weapon
[2016.02.23-07.29.01:605][  0]LogBlueprintUserMessages: [BP_Character_AI_Army_C_0] 3d person
[2016.02.23-07.29.01:606][  0]LogBlueprintUserMessages: [BP_Character_AI_GallaciaSantos_C_0] AIDefault: Wrong Controller for Guard (Guard target)
[2016.02.23-07.29.01:607][  0]LogBlueprintUserMessages: [BP_Character_AI_GallaciaSantos_C_0] Picked Up Weapon
[2016.02.23-07.29.01:607][  0]LogBlueprintUserMessages: [BP_Character_AI_GallaciaSantos_C_0] 3d person
[2016.02.23-07.29.01:608][  0]LogBlueprintUserMessages: [BP_Character_AI_GangWoman_C_1] AIDefault: Wrong Controller for Guard (Guard target)
[2016.02.23-07.29.01:609][  0]LogBlueprintUserMessages: [BP_Character_AI_GangWoman_C_1] Picked Up Weapon
[2016.02.23-07.29.01:609][  0]LogBlueprintUserMessages: [BP_Character_AI_GangWoman_C_1] 3d person
[2016.02.23-07.29.01:610][  0]LogBlueprintUserMessages: [BP_Character_AI_SWAT_C_1] AIDefault: Wrong Controller for Guard (Guard target)
[2016.02.23-07.29.01:611][  0]LogBlueprintUserMessages: [BP_Character_AI_SWAT_C_1] Picked Up Weapon
[2016.02.23-07.29.01:611][  0]LogBlueprintUserMessages: [BP_Character_AI_SWAT_C_1] 3d person
[2016.02.23-07.29.01:612][  0]LogBlueprintUserMessages: [BP_Character_AI_Warrior_C_0] AIDefault: Wrong Controller for Guard (Guard target)
[2016.02.23-07.29.01:613][  0]LogBlueprintUserMessages: [BP_Character_AI_Warrior_C_0] Picked Up Weapon
[2016.02.23-07.29.01:614][  0]LogBlueprintUserMessages: [BP_Character_AI_Warrior_C_0] 3d person
[2016.02.23-07.29.01:625][  0]LogPhysics:Warning: FBodyInstance::ApplyMaterialToShape_AssumesLocked : PComplexMats is empty - falling back on simple physical material.
[2016.02.23-07.29.01:626][  0]LogPhysics:Warning: FBodyInstance::ApplyMaterialToShape_AssumesLocked : PComplexMats is empty - falling back on simple physical material.
[2016.02.23-07.29.01:630][  0]LogPhysics:Warning: FBodyInstance::ApplyMaterialToShape_AssumesLocked : PComplexMats is empty - falling back on simple physical material.
[2016.02.23-07.29.01:632][  0]LogPhysics:Warning: FBodyInstance::ApplyMaterialToShape_AssumesLocked : PComplexMats is empty - falling back on simple physical material.
[2016.02.23-07.29.01:637][  0]LogBlueprintUserMessages: [BP_Character_AI_Bot2_C_0] AIDefault: Wrong Controller for Guard (Guard target)
[2016.02.23-07.29.01:640][  0]LogBlueprintUserMessages: [BP_Character_AI_Default_C_0] AIDefault: Wrong Controller for Guard (Guard target)
[2016.02.23-07.29.01:643][  0]LogBlueprintUserMessages: [BP_Character_AI_Default_C_1] AIDefault: Wrong Controller for Guard (Guard target)
[2016.02.23-07.29.01:647][  0]LogBlueprintUserMessages: [BP_Character_AI_Default_C_2] AIDefault: Wrong Controller for Guard (Guard target)
[2016.02.23-07.29.01:649][  0]LogBlueprintUserMessages: [BP_Character_AI_Bot2_C_1] AIDefault: Wrong Controller for Guard (Guard target)
[2016.02.23-07.29.01:651][  0]LogPhysics:Warning: FBodyInstance::ApplyMaterialToShape_AssumesLocked : PComplexMats is empty - falling back on simple physical material.
[2016.02.23-07.29.01:652][  0]LogPhysics:Warning: FBodyInstance::ApplyMaterialToShape_AssumesLocked : PComplexMats is empty - falling back on simple physical material.
[2016.02.23-07.29.01:656][  0]LogPhysics:Warning: FBodyInstance::ApplyMaterialToShape_AssumesLocked : PComplexMats is empty - falling back on simple physical material.
[2016.02.23-07.29.01:657][  0]LogPhysics:Warning: FBodyInstance::ApplyMaterialToShape_AssumesLocked : PComplexMats is empty - falling back on simple physical material.
[2016.02.23-07.29.01:661][  0]LogBlueprintUserMessages: [BP_Character_AI_Bot2_C_2] AIDefault: Wrong Controller for Guard (Guard target)
[2016.02.23-07.29.01:663][  0]LogPhysics:Warning: FBodyInstance::ApplyMaterialToShape_AssumesLocked : PComplexMats is empty - falling back on simple physical material.
[2016.02.23-07.29.01:664][  0]LogPhysics:Warning: FBodyInstance::ApplyMaterialToShape_AssumesLocked : PComplexMats is empty - falling back on simple physical material.
[2016.02.23-07.29.01:667][  0]LogPhysics:Warning: FBodyInstance::ApplyMaterialToShape_AssumesLocked : PComplexMats is empty - falling back on simple physical material.
[2016.02.23-07.29.01:668][  0]LogPhysics:Warning: FBodyInstance::ApplyMaterialToShape_AssumesLocked : PComplexMats is empty - falling back on simple physical material.
[2016.02.23-07.29.01:671][  0]LogPhysics:Warning: FBodyInstance::ApplyMaterialToShape_AssumesLocked : PComplexMats is empty - falling back on simple physical material.
[2016.02.23-07.29.01:672][  0]LogPhysics:Warning: FBodyInstance::ApplyMaterialToShape_AssumesLocked : PComplexMats is empty - falling back on simple physical material.
[2016.02.23-07.29.01:677][  0]LogBlueprintUserMessages: [BP_Character_AI_Default_C_3] AIDefault: Wrong Controller for Guard (Guard target)
[2016.02.23-07.29.01:679][  0]LogPhysics:Warning: FBodyInstance::ApplyMaterialToShape_AssumesLocked : PComplexMats is empty - falling back on simple physical material.
[2016.02.23-07.29.01:680][  0]LogPhysics:Warning: FBodyInstance::ApplyMaterialToShape_AssumesLocked : PComplexMats is empty - falling back on simple physical material.
[2016.02.23-07.29.01:683][  0]LogPhysics:Warning: FBodyInstance::ApplyMaterialToShape_AssumesLocked : PComplexMats is empty - falling back on simple physical material.
[2016.02.23-07.29.01:684][  0]LogPhysics:Warning: FBodyInstance::ApplyMaterialToShape_AssumesLocked : PComplexMats is empty - falling back on simple physical material.
[2016.02.23-07.29.01:689][  0]LogBlueprintUserMessages: [BP_Character_AI_Default_C_4] AIDefault: Wrong Controller for Guard (Guard target)
[2016.02.23-07.29.01:690][  0]LogPhysics:Warning: FBodyInstance::ApplyMaterialToShape_AssumesLocked : PComplexMats is empty - falling back on simple physical material.
[2016.02.23-07.29.01:691][  0]LogPhysics:Warning: FBodyInstance::ApplyMaterialToShape_AssumesLocked : PComplexMats is empty - falling back on simple physical material.
[2016.02.23-07.29.01:695][  0]LogPhysics:Warning: FBodyInstance::ApplyMaterialToShape_AssumesLocked : PComplexMats is empty - falling back on simple physical material.
[2016.02.23-07.29.01:696][  0]LogPhysics:Warning: FBodyInstance::ApplyMaterialToShape_AssumesLocked : PComplexMats is empty - falling back on simple physical material.
[2016.02.23-07.29.01:699][  0]LogPhysics:Warning: FBodyInstance::ApplyMaterialToShape_AssumesLocked : PComplexMats is empty - falling back on simple physical material.
[2016.02.23-07.29.01:700][  0]LogPhysics:Warning: FBodyInstance::ApplyMaterialToShape_AssumesLocked : PComplexMats is empty - falling back on simple physical material.
[2016.02.23-07.29.01:707][  0]LogBlueprintUserMessages: [BP_Character_AI_Bot2_C_3] AIDefault: Wrong Controller for Guard (Guard target)
[2016.02.23-07.29.01:709][  0]LogPhysics:Warning: FBodyInstance::ApplyMaterialToShape_AssumesLocked : PComplexMats is empty - falling back on simple physical material.
[2016.02.23-07.29.01:710][  0]LogPhysics:Warning: FBodyInstance::ApplyMaterialToShape_AssumesLocked : PComplexMats is empty - falling back on simple physical material.
[2016.02.23-07.29.01:714][  0]LogPhysics:Warning: FBodyInstance::ApplyMaterialToShape_AssumesLocked : PComplexMats is empty - falling back on simple physical material.
[2016.02.23-07.29.01:715][  0]LogPhysics:Warning: FBodyInstance::ApplyMaterialToShape_AssumesLocked : PComplexMats is empty - falling back on simple physical material.
[2016.02.23-07.29.01:721][  0]LogPhysics:Warning: FBodyInstance::ApplyMaterialToShape_AssumesLocked : PComplexMats is empty - falling back on simple physical material.
[2016.02.23-07.29.01:722][  0]LogPhysics:Warning: FBodyInstance::ApplyMaterialToShape_AssumesLocked : PComplexMats is empty - falling back on simple physical material.
[2016.02.23-07.29.01:725][  0]LogPhysics:Warning: FBodyInstance::ApplyMaterialToShape_AssumesLocked : PComplexMats is empty - falling back on simple physical material.
[2016.02.23-07.29.01:726][  0]LogPhysics:Warning: FBodyInstance::ApplyMaterialToShape_AssumesLocked : PComplexMats is empty - falling back on simple physical material.
[2016.02.23-07.29.01:731][  0]LogBlueprintUserMessages: [BP_Character_AI_Bot2_C_4] AIDefault: Wrong Controller for Guard (Guard target)
[2016.02.23-07.29.01:733][  0]LogBlueprintUserMessages: [BP_Character_AI_Bot2_C_0] AIDefault: Wrong Controller for Guard (Guard target)
[2016.02.23-07.29.01:735][  0]LogBlueprintUserMessages: [BP_Character_AI_Bot2_C_0] Picked Up Weapon
[2016.02.23-07.29.01:735][  0]LogBlueprintUserMessages: [BP_Character_AI_Bot2_C_0] 3d person
[2016.02.23-07.29.01:736][  0]LogBlueprintUserMessages: [BP_Character_AI_Default_C_0] AIDefault: Wrong Controller for Guard (Guard target)
[2016.02.23-07.29.01:737][  0]LogBlueprintUserMessages: [BP_Character_AI_Default_C_0] Picked Up Weapon
[2016.02.23-07.29.01:737][  0]LogBlueprintUserMessages: [BP_Character_AI_Default_C_0] 3d person
[2016.02.23-07.29.01:738][  0]LogBlueprintUserMessages: [BP_Character_AI_Default_C_1] AIDefault: Wrong Controller for Guard (Guard target)
[2016.02.23-07.29.01:739][  0]LogBlueprintUserMessages: [BP_Character_AI_Default_C_1] Picked Up Weapon
[2016.02.23-07.29.01:739][  0]LogBlueprintUserMessages: [BP_Character_AI_Default_C_1] 3d person
[2016.02.23-07.29.01:740][  0]LogBlueprintUserMessages: [BP_Character_AI_Default_C_2] AIDefault: Wrong Controller for Guard (Guard target)
[2016.02.23-07.29.01:741][  0]LogBlueprintUserMessages: [BP_Character_AI_Default_C_2] Picked Up Weapon
[2016.02.23-07.29.01:741][  0]LogBlueprintUserMessages: [BP_Character_AI_Default_C_2] 3d person
[2016.02.23-07.29.01:742][  0]LogBlueprintUserMessages: [BP_Character_AI_Bot2_C_1] AIDefault: Wrong Controller for Guard (Guard target)
[2016.02.23-07.29.01:743][  0]LogBlueprintUserMessages: [BP_Character_AI_Bot2_C_1] Picked Up Weapon
[2016.02.23-07.29.01:744][  0]LogBlueprintUserMessages: [BP_Character_AI_Bot2_C_1] 3d person
[2016.02.23-07.29.01:745][  0]LogBlueprintUserMessages: [BP_Character_AI_Bot2_C_2] AIDefault: Wrong Controller for Guard (Guard target)
[2016.02.23-07.29.01:746][  0]LogBlueprintUserMessages: [BP_Character_AI_Bot2_C_2] Picked Up Weapon
[2016.02.23-07.29.01:747][  0]LogBlueprintUserMessages: [BP_Character_AI_Bot2_C_2] 3d person
[2016.02.23-07.29.01:749][  0]LogBlueprintUserMessages: [BP_Character_AI_Default_C_3] AIDefault: Wrong Controller for Guard (Guard target)
[2016.02.23-07.29.01:749][  0]LogBlueprintUserMessages: [BP_Character_AI_Default_C_3] Picked Up Weapon
[2016.02.23-07.29.01:750][  0]LogBlueprintUserMessages: [BP_Character_AI_Default_C_3] 3d person
[2016.02.23-07.29.01:752][  0]LogBlueprintUserMessages: [BP_Character_AI_Default_C_4] AIDefault: Wrong Controller for Guard (Guard target)
[2016.02.23-07.29.01:752][  0]LogBlueprintUserMessages: [BP_Character_AI_Default_C_4] Picked Up Weapon
[2016.02.23-07.29.01:753][  0]LogBlueprintUserMessages: [BP_Character_AI_Default_C_4] 3d person
[2016.02.23-07.29.01:756][  0]LogBlueprintUserMessages: [BP_Character_AI_Bot2_C_3] AIDefault: Wrong Controller for Guard (Guard target)
[2016.02.23-07.29.01:757][  0]LogBlueprintUserMessages: [BP_Character_AI_Bot2_C_3] Picked Up Weapon
[2016.02.23-07.29.01:757][  0]LogBlueprintUserMessages: [BP_Character_AI_Bot2_C_3] 3d person
[2016.02.23-07.29.01:761][  0]LogBlueprintUserMessages: [BP_Character_AI_Bot2_C_4] AIDefault: Wrong Controller for Guard (Guard target)
[2016.02.23-07.29.01:762][  0]LogBlueprintUserMessages: [BP_Character_AI_Bot2_C_4] Picked Up Weapon
[2016.02.23-07.29.01:762][  0]LogBlueprintUserMessages: [BP_Character_AI_Bot2_C_4] 3d person
[2016.02.23-07.29.01:763][  0]LogInit:Display: Game Engine Initialized.
[2016.02.23-07.29.01:763][  0]LogLoad: Full Startup: 32.98 seconds (BP compile: 0.00 seconds)
[2016.02.23-07.29.01:942][  1]LogBlueprintUserMessages: [BP_Character_AI_Army_C_0] New First Person weapon
[2016.02.23-07.29.01:943][  1]LogBlueprintUserMessages: [BP_Character_AI_GallaciaSantos_C_0] New First Person weapon
[2016.02.23-07.29.01:944][  1]LogBlueprintUserMessages: [BP_Character_AI_GangWoman_C_1] New First Person weapon
[2016.02.23-07.29.01:945][  1]LogBlueprintUserMessages: [BP_Character_AI_SWAT_C_1] New First Person weapon
[2016.02.23-07.29.01:946][  1]LogBlueprintUserMessages: [BP_Character_AI_Warrior_C_0] New First Person weapon
[2016.02.23-07.29.01:947][  1]LogBlueprintUserMessages: [BP_Character_AI_Bot2_C_0] New First Person weapon
[2016.02.23-07.29.01:948][  1]LogBlueprintUserMessages: [BP_Character_AI_Default_C_0] New First Person weapon
[2016.02.23-07.29.01:949][  1]LogBlueprintUserMessages: [BP_Character_AI_Default_C_1] New First Person weapon
[2016.02.23-07.29.01:978][  1]LogBlueprintUserMessages: [BP_Character_AI_Default_C_2] New First Person weapon
[2016.02.23-07.29.01:979][  1]LogBlueprintUserMessages: [BP_Character_AI_Bot2_C_1] New First Person weapon
[2016.02.23-07.29.01:980][  1]LogBlueprintUserMessages: [BP_Character_AI_Bot2_C_2] New First Person weapon
[2016.02.23-07.29.01:981][  1]LogBlueprintUserMessages: [BP_Character_AI_Default_C_3] New First Person weapon
[2016.02.23-07.29.01:982][  1]LogBlueprintUserMessages: [BP_Character_AI_Default_C_4] New First Person weapon
[2016.02.23-07.29.01:984][  1]LogBlueprintUserMessages: [BP_Character_AI_Bot2_C_3] New First Person weapon
[2016.02.23-07.29.01:985][  1]LogBlueprintUserMessages: [BP_Character_AI_Bot2_C_4] New First Person weapon
[2016.02.23-07.29.08:528][194]LogNet: NotifyAcceptingConnection: Server MyMap accept
[2016.02.23-07.29.08:542][194]LogNet: Open MyMap 02/23/16 09:29:08 127.0.0.1
[2016.02.23-07.29.08:543][194]LogNet: Added client connection.  Remote address = 127.0.0.1:64135
[2016.02.23-07.29.08:544][194]LogNet: NotifyAcceptingChannel Control 0 server World /Game/My_Game/Maps/MyMap.MyMap: Accepted
[2016.02.23-07.29.08:554][194]LogNet: Remote platform little endian=1
[2016.02.23-07.29.08:554][194]LogNet: This platform little endian=1
[2016.02.23-07.29.08:555][194]LogNet: GetLocalNetworkVersion: GEngineNetVersion: 0, ProjectName: thegame, ProjectVersion: 1.0.0.0, InternalProtocolVersion: 9, LocalNetworkVersion: 1973550810
[2016.02.23-07.29.08:596][195]LogNet: Login request: /Game/My_Game/Maps/My_Entry_Level?Login=q?Password=q userId: Invalid
[2016.02.23-07.29.08:629][196]LogNet: Client netspeed is 10000
[2016.02.23-07.29.10:904][266]LogNet: Join request: /Game/My_Game/Maps/My_Entry_Level?Login=q?Password=q?SplitscreenCount=1
[2016.02.23-07.29.10:905][266]LogBlueprintUserMessages: [BP_MyPlayerState_C_0] PlayerStateInit
[2016.02.23-07.29.10:971][266]LogNet: Join succeeded: Player1
[2016.02.23-07.29.12:724][316]LogPhysics:Warning: FBodyInstance::ApplyMaterialToShape_AssumesLocked : PComplexMats is empty - falling back on simple physical material.
[2016.02.23-07.29.12:725][316]LogPhysics:Warning: FBodyInstance::ApplyMaterialToShape_AssumesLocked : PComplexMats is empty - falling back on simple physical material.
[2016.02.23-07.29.12:726][316]LogPhysics:Warning: FBodyInstance::ApplyMaterialToShape_AssumesLocked : PComplexMats is empty - falling back on simple physical material.
[2016.02.23-07.29.18:999][499]LogPhysics:Warning: FBodyInstance::ApplyMaterialToShape_AssumesLocked : PComplexMats is empty - falling back on simple physical material.
[2016.02.23-07.29.19:000][499]LogPhysics:Warning: FBodyInstance::ApplyMaterialToShape_AssumesLocked : PComplexMats is empty - falling back on simple physical material.
[2016.02.23-07.29.19:004][499]LogPhysics:Warning: FBodyInstance::ApplyMaterialToShape_AssumesLocked : PComplexMats is empty - falling back on simple physical material.
[2016.02.23-07.29.22:831][608]LogBlueprintUserMessages: [BP_Character_AI_Default_C_5] AIDefault: Wrong Controller for Guard (Guard target)
[2016.02.23-07.29.22:832][608]LogBlueprintUserMessages: [BP_Character_AI_Default_C_5] Picked Up Weapon
[2016.02.23-07.29.22:833][608]LogBlueprintUserMessages: [BP_Character_AI_Default_C_5] 3d person
[2016.02.23-07.29.22:834][608]LogBlueprintUserMessages: [BP_Character_AI_Default_C_5] AIDefault: Wrong Controller for Guard (Guard target)
[2016.02.23-07.29.22:859][608]LogBlueprintUserMessages: [BP_Character_AI_Default_C_5] New First Person weapon
[2016.02.23-07.29.23:285][620]LogPhysics:Warning: FBodyInstance::ApplyMaterialToShape_AssumesLocked : PComplexMats is empty - falling back on simple physical material.
[2016.02.23-07.29.23:286][620]LogPhysics:Warning: FBodyInstance::ApplyMaterialToShape_AssumesLocked : PComplexMats is empty - falling back on simple physical material.
[2016.02.23-07.29.23:288][620]LogPhysics:Warning: FBodyInstance::ApplyMaterialToShape_AssumesLocked : PComplexMats is empty - falling back on simple physical material.
[2016.02.23-07.29.27:094][724]LogPhysics:Warning: FBodyInstance::ApplyMaterialToShape_AssumesLocked : PComplexMats is empty - falling back on simple physical material.
[2016.02.23-07.29.27:095][724]LogPhysics:Warning: FBodyInstance::ApplyMaterialToShape_AssumesLocked : PComplexMats is empty - falling back on simple physical material.
[2016.02.23-07.29.27:097][724]LogPhysics:Warning: FBodyInstance::ApplyMaterialToShape_AssumesLocked : PComplexMats is empty - falling back on simple physical material.
[2016.02.23-07.29.29:074][781]LogBlueprintUserMessages: [BP_Character_AI_Default_C_6] AIDefault: Wrong Controller for Guard (Guard target)
[2016.02.23-07.29.29:075][781]LogBlueprintUserMessages: [BP_Character_AI_Default_C_6] Picked Up Weapon
[2016.02.23-07.29.29:076][781]LogBlueprintUserMessages: [BP_Character_AI_Default_C_6] 3d person
[2016.02.23-07.29.29:077][781]LogBlueprintUserMessages: [BP_Character_AI_Default_C_6] AIDefault: Wrong Controller for Guard (Guard target)
[2016.02.23-07.29.29:101][781]LogBlueprintUserMessages: [BP_Character_AI_Default_C_6] New First Person weapon
[2016.02.23-07.29.31:414][848]LogPhysics:Warning: FBodyInstance::ApplyMaterialToShape_AssumesLocked : PComplexMats is empty - falling back on simple physical material.
[2016.02.23-07.29.31:415][848]LogPhysics:Warning: FBodyInstance::ApplyMaterialToShape_AssumesLocked : PComplexMats is empty - falling back on simple physical material.
[2016.02.23-07.29.33:372][899]LogBlueprintUserMessages: [BP_Character_AI_Default_C_7] AIDefault: Wrong Controller for Guard (Guard target)
[2016.02.23-07.29.33:374][899]LogBlueprintUserMessages: [BP_Character_AI_Default_C_7] Picked Up Weapon
[2016.02.23-07.29.33:374][899]LogBlueprintUserMessages: [BP_Character_AI_Default_C_7] 3d person
[2016.02.23-07.29.33:375][899]LogBlueprintUserMessages: [BP_Character_AI_Default_C_7] AIDefault: Wrong Controller for Guard (Guard target)
[2016.02.23-07.29.33:405][899]LogBlueprintUserMessages: [BP_Character_AI_Default_C_7] New First Person weapon
[2016.02.23-07.29.34:148][918]LogPhysics:Warning: FBodyInstance::ApplyMaterialToShape_AssumesLocked : PComplexMats is empty - falling back on simple physical material.
[2016.02.23-07.29.34:150][918]LogPhysics:Warning: FBodyInstance::ApplyMaterialToShape_AssumesLocked : PComplexMats is empty - falling back on simple physical material.
[2016.02.23-07.29.34:152][918]LogPhysics:Warning: FBodyInstance::ApplyMaterialToShape_AssumesLocked : PComplexMats is empty - falling back on simple physical material.
[2016.02.23-07.29.35:594][955]LogPhysics:Warning: FBodyInstance::ApplyMaterialToShape_AssumesLocked : PComplexMats is empty - falling back on simple physical material.
[2016.02.23-07.29.35:596][955]LogPhysics:Warning: FBodyInstance::ApplyMaterialToShape_AssumesLocked : PComplexMats is empty - falling back on simple physical material.
[2016.02.23-07.29.35:597][955]LogPhysics:Warning: FBodyInstance::ApplyMaterialToShape_AssumesLocked : PComplexMats is empty - falling back on simple physical material.
[2016.02.23-07.29.37:193][997]LogBlueprintUserMessages: [BP_Character_AI_Bot2_C_5] AIDefault: Wrong Controller for Guard (Guard target)
[2016.02.23-07.29.37:195][997]LogBlueprintUserMessages: [BP_Character_AI_Bot2_C_5] Picked Up Weapon
[2016.02.23-07.29.37:196][997]LogBlueprintUserMessages: [BP_Character_AI_Bot2_C_5] 3d person
[2016.02.23-07.29.37:197][997]LogBlueprintUserMessages: [BP_Character_AI_Bot2_C_5] AIDefault: Wrong Controller for Guard (Guard target)
[2016.02.23-07.29.37:225][997]LogBlueprintUserMessages: [BP_Character_AI_Bot2_C_5] New First Person weapon
[2016.02.23-07.29.40:054][ 71]LogPhysics:Warning: FBodyInstance::ApplyMaterialToShape_AssumesLocked : PComplexMats is empty - falling back on simple physical material.
[2016.02.23-07.29.40:055][ 71]LogPhysics:Warning: FBodyInstance::ApplyMaterialToShape_AssumesLocked : PComplexMats is empty - falling back on simple physical material.
[2016.02.23-07.29.40:057][ 71]LogPhysics:Warning: FBodyInstance::ApplyMaterialToShape_AssumesLocked : PComplexMats is empty - falling back on simple physical material.
[2016.02.23-07.29.41:321][104]LogPhysics:Warning: FBodyInstance::ApplyMaterialToShape_AssumesLocked : PComplexMats is empty - falling back on simple physical material.
[2016.02.23-07.29.41:878][119]LogPhysics:Warning: FBodyInstance::ApplyMaterialToShape_AssumesLocked : PComplexMats is empty - falling back on simple physical material.
[2016.02.23-07.29.41:879][119]LogPhysics:Warning: FBodyInstance::ApplyMaterialToShape_AssumesLocked : PComplexMats is empty - falling back on simple physical material.
[2016.02.23-07.29.41:880][119]LogPhysics:Warning: FBodyInstance::ApplyMaterialToShape_AssumesLocked : PComplexMats is empty - falling back on simple physical material.
[2016.02.23-07.29.42:142][126]LogPhysics:Warning: FBodyInstance::ApplyMaterialToShape_AssumesLocked : PComplexMats is empty - falling back on simple physical material.
[2016.02.23-07.29.42:144][126]LogPhysics:Warning: FBodyInstance::ApplyMaterialToShape_AssumesLocked : PComplexMats is empty - falling back on simple physical material.
[2016.02.23-07.29.42:851][144]LogBlueprintUserMessages: [BP_capturePoint_1_C_2] NewCharacter
[2016.02.23-07.29.44:062][178]LogBlueprintUserMessages: [BP_capturePoint_1_C_2] NewCharacter
[2016.02.23-07.29.44:264][184]LogBlueprintUserMessages: [BP_Character_AI_Default_C_8] AIDefault: Wrong Controller for Guard (Guard target)
[2016.02.23-07.29.44:267][184]LogBlueprintUserMessages: [BP_Character_AI_Default_C_8] Picked Up Weapon
[2016.02.23-07.29.44:268][184]LogBlueprintUserMessages: [BP_Character_AI_Default_C_8] 3d person
[2016.02.23-07.29.44:269][184]LogBlueprintUserMessages: [BP_Character_AI_Default_C_8] AIDefault: Wrong Controller for Guard (Guard target)
[2016.02.23-07.29.44:294][184]LogBlueprintUserMessages: [BP_Character_AI_Default_C_8] New First Person weapon
[2016.02.23-07.29.45:698][221]LogBlueprintUserMessages: [BP_Character_AI_Bot2_C_6] AIDefault: Wrong Controller for Guard (Guard target)
[2016.02.23-07.29.45:699][221]LogBlueprintUserMessages: [BP_Character_AI_Bot2_C_6] Picked Up Weapon
[2016.02.23-07.29.45:699][221]LogBlueprintUserMessages: [BP_Character_AI_Bot2_C_6] 3d person
[2016.02.23-07.29.45:703][221]LogBlueprintUserMessages: [BP_Character_AI_Bot2_C_6] AIDefault: Wrong Controller for Guard (Guard target)
[2016.02.23-07.29.45:732][221]LogBlueprintUserMessages: [BP_Character_AI_Bot2_C_6] New First Person weapon
[2016.02.23-07.29.46:196][232]LogPhysics:Warning: FBodyInstance::ApplyMaterialToShape_AssumesLocked : PComplexMats is empty - falling back on simple physical material.
[2016.02.23-07.29.46:198][232]LogPhysics:Warning: FBodyInstance::ApplyMaterialToShape_AssumesLocked : PComplexMats is empty - falling back on simple physical material.
[2016.02.23-07.29.46:200][232]LogPhysics:Warning: FBodyInstance::ApplyMaterialToShape_AssumesLocked : PComplexMats is empty - falling back on simple physical material.
[2016.02.23-07.29.46:772][245]LogPhysics:Warning: FBodyInstance::ApplyMaterialToShape_AssumesLocked : PComplexMats is empty - falling back on simple physical material.
[2016.02.23-07.29.46:776][245]LogPhysics:Warning: FBodyInstance::ApplyMaterialToShape_AssumesLocked : PComplexMats is empty - falling back on simple physical material.
[2016.02.23-07.29.48:792][292]LogPhysics:Warning: FBodyInstance::ApplyMaterialToShape_AssumesLocked : PComplexMats is empty - falling back on simple physical material.
[2016.02.23-07.29.48:794][292]LogPhysics:Warning: FBodyInstance::ApplyMaterialToShape_AssumesLocked : PComplexMats is empty - falling back on simple physical material.
[2016.02.23-07.29.48:796][292]LogPhysics:Warning: FBodyInstance::ApplyMaterialToShape_AssumesLocked : PComplexMats is empty - falling back on simple physical material.
[2016.02.23-07.29.50:176][325]LogBlueprintUserMessages: [BP_Character_AI_Default_C_9] AIDefault: Wrong Controller for Guard (Guard target)
[2016.02.23-07.29.50:177][325]LogBlueprintUserMessages: [BP_Character_AI_Default_C_9] Picked Up Weapon
[2016.02.23-07.29.50:177][325]LogBlueprintUserMessages: [BP_Character_AI_Default_C_9] 3d person
[2016.02.23-07.29.50:180][325]LogBlueprintUserMessages: [BP_Character_AI_Default_C_9] AIDefault: Wrong Controller for Guard (Guard target)
[2016.02.23-07.29.50:218][325]LogBlueprintUserMessages: [BP_Character_AI_Default_C_9] New First Person weapon
[2016.02.23-07.29.51:974][365]LogBlueprintUserMessages: [BP_Character_AI_Default_C_10] AIDefault: Wrong Controller for Guard (Guard target)
[2016.02.23-07.29.51:976][365]LogBlueprintUserMessages: [BP_Character_AI_Default_C_10] Picked Up Weapon
[2016.02.23-07.29.51:976][365]LogBlueprintUserMessages: [BP_Character_AI_Default_C_10] 3d person
[2016.02.23-07.29.51:978][365]LogBlueprintUserMessages: [BP_Character_AI_Default_C_10] AIDefault: Wrong Controller for Guard (Guard target)
[2016.02.23-07.29.52:017][365]LogBlueprintUserMessages: [BP_Character_AI_Default_C_10] New First Person weapon
[2016.02.23-07.29.52:053][366]LogPhysics:Warning: FBodyInstance::ApplyMaterialToShape_AssumesLocked : PComplexMats is empty - falling back on simple physical material.
[2016.02.23-07.29.54:963][427]LogPhysics:Warning: FBodyInstance::ApplyMaterialToShape_AssumesLocked : PComplexMats is empty - falling back on simple physical material.
[2016.02.23-07.29.54:964][427]LogPhysics:Warning: FBodyInstance::ApplyMaterialToShape_AssumesLocked : PComplexMats is empty - falling back on simple physical material.
[2016.02.23-07.29.54:966][427]LogPhysics:Warning: FBodyInstance::ApplyMaterialToShape_AssumesLocked : PComplexMats is empty - falling back on simple physical material.
[2016.02.23-07.29.56:314][456]LogBlueprintUserMessages: [BP_Character_AI_Bot2_C_7] AIDefault: Wrong Controller for Guard (Guard target)
[2016.02.23-07.29.56:315][456]LogBlueprintUserMessages: [BP_Character_AI_Bot2_C_7] Picked Up Weapon
[2016.02.23-07.29.56:315][456]LogBlueprintUserMessages: [BP_Character_AI_Bot2_C_7] 3d person
[2016.02.23-07.29.56:324][456]LogBlueprintUserMessages: [BP_Character_AI_Bot2_C_7] AIDefault: Wrong Controller for Guard (Guard target)
[2016.02.23-07.29.56:355][456]LogBlueprintUserMessages: [BP_Character_AI_Bot2_C_7] New First Person weapon
[2016.02.23-07.29.56:664][463]LogPhysics:Warning: FBodyInstance::ApplyMaterialToShape_AssumesLocked : PComplexMats is empty - falling back on simple physical material.
[2016.02.23-07.29.57:856][493]LogPhysics:Warning: FBodyInstance::ApplyMaterialToShape_AssumesLocked : PComplexMats is empty - falling back on simple physical material.
[2016.02.23-07.29.57:857][493]LogPhysics:Warning: FBodyInstance::ApplyMaterialToShape_AssumesLocked : PComplexMats is empty - falling back on simple physical material.
[2016.02.23-07.29.57:858][493]LogPhysics:Warning: FBodyInstance::ApplyMaterialToShape_AssumesLocked : PComplexMats is empty - falling back on simple physical material.
[2016.02.23-07.29.58:840][517]LogPhysics:Warning: FBodyInstance::ApplyMaterialToShape_AssumesLocked : PComplexMats is empty - falling back on simple physical material.
[2016.02.23-07.29.58:842][517]LogPhysics:Warning: FBodyInstance::ApplyMaterialToShape_AssumesLocked : PComplexMats is empty - falling back on simple physical material.
[2016.02.23-07.29.58:898][519]LogBlueprintUserMessages: [BP_Character_AI_Default_C_11] AIDefault: Wrong Controller for Guard (Guard target)
[2016.02.23-07.29.58:898][519]LogBlueprintUserMessages: [BP_Character_AI_Default_C_11] Picked Up Weapon
[2016.02.23-07.29.58:898][519]LogBlueprintUserMessages: [BP_Character_AI_Default_C_11] 3d person
[2016.02.23-07.29.58:899][519]LogBlueprintUserMessages: [BP_Character_AI_Default_C_11] AIDefault: Wrong Controller for Guard (Guard target)
[2016.02.23-07.29.58:932][519]LogBlueprintUserMessages: [BP_Character_AI_Default_C_11] New First Person weapon
[2016.02.23-07.29.59:975][545]LogPhysics:Warning: FBodyInstance::ApplyMaterialToShape_AssumesLocked : PComplexMats is empty - falling back on simple physical material.
[2016.02.23-07.29.59:977][545]LogPhysics:Warning: FBodyInstance::ApplyMaterialToShape_AssumesLocked : PComplexMats is empty - falling back on simple physical material.
[2016.02.23-07.29.59:978][545]LogPhysics:Warning: FBodyInstance::ApplyMaterialToShape_AssumesLocked : PComplexMats is empty - falling back on simple physical material.
[2016.02.23-07.30.03:643][638]LogPhysics:Warning: FBodyInstance::ApplyMaterialToShape_AssumesLocked : PComplexMats is empty - falling back on simple physical material.
[2016.02.23-07.30.03:644][638]LogPhysics:Warning: FBodyInstance::ApplyMaterialToShape_AssumesLocked : PComplexMats is empty - falling back on simple physical material.
[2016.02.23-07.30.03:646][638]LogPhysics:Warning: FBodyInstance::ApplyMaterialToShape_AssumesLocked : PComplexMats is empty - falling back on simple physical material.
[2016.02.23-07.30.05:062][674]LogBlueprintUserMessages: [BP_Character_AI_Default_C_12] AIDefault: Wrong Controller for Guard (Guard target)
[2016.02.23-07.30.05:063][674]LogBlueprintUserMessages: [BP_Character_AI_Default_C_12] Picked Up Weapon
[2016.02.23-07.30.05:064][674]LogBlueprintUserMessages: [BP_Character_AI_Default_C_12] 3d person
[2016.02.23-07.30.05:066][674]LogBlueprintUserMessages: [BP_Character_AI_Default_C_12] AIDefault: Wrong Controller for Guard (Guard target)
[2016.02.23-07.30.05:096][674]LogBlueprintUserMessages: [BP_Character_AI_Default_C_12] New First Person weapon
[2016.02.23-07.30.07:959][748]LogBlueprintUserMessages: [BP_Character_AI_Bot2_C_8] AIDefault: Wrong Controller for Guard (Guard target)
[2016.02.23-07.30.07:960][748]LogBlueprintUserMessages: [BP_Character_AI_Bot2_C_8] Picked Up Weapon
[2016.02.23-07.30.07:961][748]LogBlueprintUserMessages: [BP_Character_AI_Bot2_C_8] 3d person
[2016.02.23-07.30.07:961][748]LogBlueprintUserMessages: [BP_Character_AI_Bot2_C_8] AIDefault: Wrong Controller for Guard (Guard target)
[2016.02.23-07.30.07:987][748]LogBlueprintUserMessages: [BP_Character_AI_Bot2_C_8] New First Person weapon
[2016.02.23-07.30.10:093][804]LogBlueprintUserMessages: [BP_Character_AI_Bot2_C_9] AIDefault: Wrong Controller for Guard (Guard target)
[2016.02.23-07.30.10:094][804]LogBlueprintUserMessages: [BP_Character_AI_Bot2_C_9] Picked Up Weapon
[2016.02.23-07.30.10:095][804]LogBlueprintUserMessages: [BP_Character_AI_Bot2_C_9] 3d person
[2016.02.23-07.30.10:096][804]LogBlueprintUserMessages: [BP_Character_AI_Bot2_C_9] AIDefault: Wrong Controller for Guard (Guard target)
[2016.02.23-07.30.10:127][804]LogBlueprintUserMessages: [BP_Character_AI_Bot2_C_9] New First Person weapon
[2016.02.23-07.30.10:832][824]LogPhysics:Warning: FBodyInstance::ApplyMaterialToShape_AssumesLocked : PComplexMats is empty - falling back on simple physical material.
[2016.02.23-07.30.10:836][824]LogPhysics:Warning: FBodyInstance::ApplyMaterialToShape_AssumesLocked : PComplexMats is empty - falling back on simple physical material.
[2016.02.23-07.30.10:837][824]LogPhysics:Warning: FBodyInstance::ApplyMaterialToShape_AssumesLocked : PComplexMats is empty - falling back on simple physical material.
[2016.02.23-07.30.11:209][834]LogPhysics:Warning: FBodyInstance::ApplyMaterialToShape_AssumesLocked : PComplexMats is empty - falling back on simple physical material.
[2016.02.23-07.30.11:211][834]LogPhysics:Warning: FBodyInstance::ApplyMaterialToShape_AssumesLocked : PComplexMats is empty - falling back on simple physical material.
[2016.02.23-07.30.11:212][834]LogPhysics:Warning: FBodyInstance::ApplyMaterialToShape_AssumesLocked : PComplexMats is empty - falling back on simple physical material.
[2016.02.23-07.30.11:855][852]LogBlueprintUserMessages: [BP_AI_Vehicle_Tank_T90A_C_4] TankClearInput
[2016.02.23-07.30.11:859][852]LogBlueprintUserMessages: [BP_AI_Vehicle_Tank_T90A_C_4] TankClearInput
[2016.02.23-07.30.12:066][858]LogBlueprintUserMessages: [BP_Character_Player_Default_C_0] Picked Up Weapon
[2016.02.23-07.30.12:066][858]LogBlueprintUserMessages: [BP_Character_Player_Default_C_0] 3d person
[2016.02.23-07.30.12:092][858]LogBlueprintUserMessages: [BP_Character_Player_Default_C_0] New First Person weapon
[2016.02.23-07.30.13:747][904]LogBlueprintUserMessages: [BP_Character_AI_Bot2_C_10] AIDefault: Wrong Controller for Guard (Guard target)
[2016.02.23-07.30.13:749][904]LogBlueprintUserMessages: [BP_Character_AI_Bot2_C_10] Picked Up Weapon
[2016.02.23-07.30.13:750][904]LogBlueprintUserMessages: [BP_Character_AI_Bot2_C_10] 3d person
[2016.02.23-07.30.13:751][904]LogBlueprintUserMessages: [BP_Character_AI_Bot2_C_10] AIDefault: Wrong Controller for Guard (Guard target)
[2016.02.23-07.30.13:780][904]LogBlueprintUserMessages: [BP_Character_AI_Bot2_C_10] New First Person weapon
[2016.02.23-07.30.15:887][954]LogPhysics:Warning: FBodyInstance::ApplyMaterialToShape_AssumesLocked : PComplexMats is empty - falling back on simple physical material.
[2016.02.23-07.30.15:889][954]LogPhysics:Warning: FBodyInstance::ApplyMaterialToShape_AssumesLocked : PComplexMats is empty - falling back on simple physical material.
[2016.02.23-07.30.15:890][954]LogPhysics:Warning: FBodyInstance::ApplyMaterialToShape_AssumesLocked : PComplexMats is empty - falling back on simple physical material.
[2016.02.23-07.30.20:976][ 53]LogBlueprintUserMessages: [BP_Character_AI_Default_C_13] AIDefault: Wrong Controller for Guard (Guard target)
[2016.02.23-07.30.20:978][ 53]LogBlueprintUserMessages: [BP_Character_AI_Default_C_13] Picked Up Weapon
[2016.02.23-07.30.20:979][ 53]LogBlueprintUserMessages: [BP_Character_AI_Default_C_13] 3d person
[2016.02.23-07.30.20:980][ 53]LogBlueprintUserMessages: [BP_Character_AI_Default_C_13] AIDefault: Wrong Controller for Guard (Guard target)
[2016.02.23-07.30.21:031][ 53]LogBlueprintUserMessages: [BP_Character_AI_Default_C_13] New First Person weapon
[2016.02.23-07.30.21:344][ 59]LogBlueprintUserMessages: [BP_Character_AI_Bot2_C_11] AIDefault: Wrong Controller for Guard (Guard target)
[2016.02.23-07.30.21:345][ 59]LogBlueprintUserMessages: [BP_Character_AI_Bot2_C_11] Picked Up Weapon
[2016.02.23-07.30.21:346][ 59]LogBlueprintUserMessages: [BP_Character_AI_Bot2_C_11] 3d person
[2016.02.23-07.30.21:347][ 59]LogBlueprintUserMessages: [BP_Character_AI_Bot2_C_11] AIDefault: Wrong Controller for Guard (Guard target)
[2016.02.23-07.30.21:399][ 59]LogBlueprintUserMessages: [BP_Character_AI_Bot2_C_11] New First Person weapon
[2016.02.23-07.30.21:949][ 70]LogPhysics:Warning: FBodyInstance::ApplyMaterialToShape_AssumesLocked : PComplexMats is empty - falling back on simple physical material.
[2016.02.23-07.30.21:950][ 70]LogPhysics:Warning: FBodyInstance::ApplyMaterialToShape_AssumesLocked : PComplexMats is empty - falling back on simple physical material.
[2016.02.23-07.30.22:444][ 79]LogPhysics:Warning: FBodyInstance::ApplyMaterialToShape_AssumesLocked : PComplexMats is empty - falling back on simple physical material.
[2016.02.23-07.30.22:445][ 79]LogPhysics:Warning: FBodyInstance::ApplyMaterialToShape_AssumesLocked : PComplexMats is empty - falling back on simple physical material.
[2016.02.23-07.30.22:446][ 79]LogPhysics:Warning: FBodyInstance::ApplyMaterialToShape_AssumesLocked : PComplexMats is empty - falling back on simple physical material.
[2016.02.23-07.30.25:703][143]LogPhysics:Warning: FBodyInstance::ApplyMaterialToShape_AssumesLocked : PComplexMats is empty - falling back on simple physical material.
[2016.02.23-07.30.25:704][143]LogPhysics:Warning: FBodyInstance::ApplyMaterialToShape_AssumesLocked : PComplexMats is empty - falling back on simple physical material.
[2016.02.23-07.30.26:011][149]LogBlueprintUserMessages: [BP_Character_AI_Default_C_14] AIDefault: Wrong Controller for Guard (Guard target)
[2016.02.23-07.30.26:012][149]LogBlueprintUserMessages: [BP_Character_AI_Default_C_14] Picked Up Weapon
[2016.02.23-07.30.26:012][149]LogBlueprintUserMessages: [BP_Character_AI_Default_C_14] 3d person
[2016.02.23-07.30.26:013][149]LogBlueprintUserMessages: [BP_Character_AI_Default_C_14] AIDefault: Wrong Controller for Guard (Guard target)
[2016.02.23-07.30.26:051][149]LogBlueprintUserMessages: [BP_Character_AI_Default_C_14] New First Person weapon
[2016.02.23-07.30.27:588][188]LogBlueprintUserMessages: [BP_AI_Vehicle_Tank_T90A_C_3] TankClearInput
[2016.02.23-07.30.27:590][188]LogBlueprintUserMessages: [BP_AI_Vehicle_Tank_T90A_C_3] TankClearInput
[2016.02.23-07.30.28:541][214]LogPhysics:Warning: FBodyInstance::ApplyMaterialToShape_AssumesLocked : PComplexMats is empty - falling back on simple physical material.
[2016.02.23-07.30.28:545][214]LogPhysics:Warning: FBodyInstance::ApplyMaterialToShape_AssumesLocked : PComplexMats is empty - falling back on simple physical material.
[2016.02.23-07.30.28:546][214]LogPhysics:Warning: FBodyInstance::ApplyMaterialToShape_AssumesLocked : PComplexMats is empty - falling back on simple physical material.
[2016.02.23-07.30.29:095][229]LogPhysics:Warning: FBodyInstance::ApplyMaterialToShape_AssumesLocked : PComplexMats is empty - falling back on simple physical material.
[2016.02.23-07.30.29:096][229]LogPhysics:Warning: FBodyInstance::ApplyMaterialToShape_AssumesLocked : PComplexMats is empty - falling back on simple physical material.
[2016.02.23-07.30.29:097][229]LogPhysics:Warning: FBodyInstance::ApplyMaterialToShape_AssumesLocked : PComplexMats is empty - falling back on simple physical material.
[2016.02.23-07.30.29:716][246]LogPhysics:Warning: FBodyInstance::ApplyMaterialToShape_AssumesLocked : PComplexMats is empty - falling back on simple physical material.
[2016.02.23-07.30.29:717][246]LogPhysics:Warning: FBodyInstance::ApplyMaterialToShape_AssumesLocked : PComplexMats is empty - falling back on simple physical material.
[2016.02.23-07.30.29:718][246]LogPhysics:Warning: FBodyInstance::ApplyMaterialToShape_AssumesLocked : PComplexMats is empty - falling back on simple physical material.
[2016.02.23-07.30.30:890][278]LogNet: UChannel::ReceivedSequencedBunch: Bunch.bClose == true. ChIndex == 0. Calling ConditionalCleanUp.
[2016.02.23-07.30.30:890][278]LogNet: UChannel::CleanUp: [GameNetDriver] [BP_PlayerController_C_0] [BP_PlayerController_C_0]. ChIndex == 0. Closing connection.
[2016.02.23-07.30.30:891][278]LogNet: UNetConnection::Close: Name: IpConnection_0, Driver: GameNetDriver IpNetDriver_0, PC: BP_PlayerController_C_0, Owner: BP_PlayerController_C_0, Channels: 136, RemoteAddr: 127.0.0.1:64135, Time: 2016.02.23-07.30.30
[2016.02.23-07.30.30:892][278]LogNet: UChannel::Close: Sending CloseBunch. ChIndex == 0. Name: ControlChannel_0
[2016.02.23-07.30.30:894][278]LogBlueprintUserMessages: [BP_MyPlayerState_C_1] PlayerStateInit
[2016.02.23-07.30.31:465][295]LogPhysics:Warning: FBodyInstance::ApplyMaterialToShape_AssumesLocked : PComplexMats is empty - falling back on simple physical material.
[2016.02.23-07.30.31:466][295]LogPhysics:Warning: FBodyInstance::ApplyMaterialToShape_AssumesLocked : PComplexMats is empty - falling back on simple physical material.
[2016.02.23-07.30.32:539][328]LogBlueprintUserMessages: [BP_Character_AI_Bot2_C_12] AIDefault: Wrong Controller for Guard (Guard target)
[2016.02.23-07.30.32:540][328]LogBlueprintUserMessages: [BP_Character_AI_Bot2_C_12] Picked Up Weapon
[2016.02.23-07.30.32:540][328]LogBlueprintUserMessages: [BP_Character_AI_Bot2_C_12] 3d person
[201