[2016.02.24-15.37.24:288][  0]Log file open, 02/24/16 17:37:24
[2016.02.24-15.37.24:288][  0]LogModuleManager:Warning: ModuleManager: Module 'HTTPChunkInstaller' not found - its StaticallyLinkedModuleInitializers function is null.
[2016.02.24-15.37.24:289][  0]LogPlatformFile: Not using cached read wrapper
[2016.02.24-15.37.24:289][  0]LogInit:Display: RandInit(-1563862423) SRandInit(-1563862403).
[2016.02.24-15.37.24:289][  0]LogTaskGraph: Started task graph with 4 named threads and 7 total threads.
[2016.02.24-15.37.24:290][  0]LogStats: Stats thread started at 9.647239
[2016.02.24-15.37.24:290][  0]LogInit: Version: 4.10.1-0+++depot+UE4-Releases+4.10
[2016.02.24-15.37.24:290][  0]LogInit: API Version: 0
[2016.02.24-15.37.24:290][  0]LogInit: Compiled (64-bit): Dec 20 2015 18:10:33
[2016.02.24-15.37.24:290][  0]LogInit: Compiled with Visual C++: 19.00.23026.00
[2016.02.24-15.37.24:290][  0]LogInit: Build Configuration: Development
[2016.02.24-15.37.24:290][  0]LogInit: Branch Name: ++depot+UE4-Releases+4.10
[2016.02.24-15.37.24:291][  0]LogInit: Command line: -log
[2016.02.24-15.37.24:291][  0]LogInit: Base directory: E:/MyDocuments/GitHub/TheGame/TheGameByVovan/TheGame/Binaries/Win64/
[2016.02.24-15.37.24:291][  0]LogInit: Rocket: 0
[2016.02.24-15.37.24:591][  0]LogInit: Using libcurl 7.41.0
[2016.02.24-15.37.24:605][  0]LogInit:  - built for x86_64-pc-win32
[2016.02.24-15.37.24:605][  0]LogInit:  - supports SSL with WinSSL
[2016.02.24-15.37.24:605][  0]LogInit:  - other features:
[2016.02.24-15.37.24:605][  0]LogInit:      CURL_VERSION_SSL
[2016.02.24-15.37.24:605][  0]LogInit:      CURL_VERSION_IPV6
[2016.02.24-15.37.24:605][  0]LogInit:      CURL_VERSION_ASYNCHDNS
[2016.02.24-15.37.24:605][  0]LogInit:      CURL_VERSION_LARGEFILE
[2016.02.24-15.37.24:605][  0]LogInit:      CURL_VERSION_IDN
[2016.02.24-15.37.24:632][  0]LogInit:  CurlRequestOptions (configurable via config and command line):
[2016.02.24-15.37.24:632][  0]LogInit:  - bVerifyPeer = true  - Libcurl will verify peer certificate
[2016.02.24-15.37.24:634][  0]LogInit:  - bUseHttpProxy = false  - Libcurl will NOT use HTTP proxy
[2016.02.24-15.37.24:636][  0]LogInit:  - bDontReuseConnections = false  - Libcurl will reuse connections
[2016.02.24-15.37.24:636][  0]LogInit:  - CertBundlePath = nullptr  - Libcurl will use whatever was configured at build time.
[2016.02.24-15.37.24:870][  0]LogInit: Presizing for 0 objects not considered by GC, pre-allocating 0 bytes.
[2016.02.24-15.37.25:251][  0]LogInit: Object subsystem initialized
[2016.02.24-15.37.25:803][  0]LogInit: Selected Device Profile: [WindowsServer]
[2016.02.24-15.37.25:803][  0]LogInit: Applying CVar settings loaded from the selected device profile: [WindowsServer]
[2016.02.24-15.37.26:005][  0]LogInit: Computer: VOVAN-PC
[2016.02.24-15.37.26:005][  0]LogInit: User: Vovan
[2016.02.24-15.37.26:006][  0]LogInit: CPU Page size=4096, Cores=4
[2016.02.24-15.37.26:006][  0]LogInit: High frequency timer resolution =3.007929 MHz
[2016.02.24-15.37.26:007][  0]LogMemory: Memory total: Physical=8.0GB (8GB approx)
[2016.02.24-15.37.26:008][  0]LogMemory: Platform Memory Stats for WindowsServer
[2016.02.24-15.37.26:008][  0]LogMemory: Process Physical Memory: 31.88 MB used, 31.88 MB peak
[2016.02.24-15.37.26:009][  0]LogMemory: Process Virtual Memory: 51.80 MB used, 51.80 MB peak
[2016.02.24-15.37.26:010][  0]LogMemory: Physical Memory: 5117.09 MB used, 8190.49 MB total
[2016.02.24-15.37.26:011][  0]LogMemory: Virtual Memory: 212.53 MB used, 8388608.00 MB total
[2016.02.24-15.37.27:630][  0]LogTextLocalizationManager: No translations for ('ru-RU') exist, falling back to 'en' for localization and internationalization data.
[2016.02.24-15.37.40:645][  0]LogCollisionProfile:Warning: Profile (ColcompProfile) - Custom Channel Name = 'GameTraceChannel5' hasn't been found
[2016.02.24-15.37.40:657][  0]LogCollisionProfile:Warning: Profile (ColcompProfile) - Custom Channel Name = 'GameTraceChannel6' hasn't been found
[2016.02.24-15.37.50:178][  0]LogSlate:Warning: 'Roboto' does not provide a composite font that can be used with Slate. Slate will be forced to use the fallback font path which may be slower.
[2016.02.24-15.37.50:203][  0]LogSlate:Warning: 'Roboto' does not provide a composite font that can be used with Slate. Slate will be forced to use the fallback font path which may be slower.
[2016.02.24-15.37.50:204][  0]LogSlate:Warning: 'Roboto' does not provide a composite font that can be used with Slate. Slate will be forced to use the fallback font path which may be slower.
[2016.02.24-15.37.50:205][  0]LogSlate:Warning: 'Roboto' does not provide a composite font that can be used with Slate. Slate will be forced to use the fallback font path which may be slower.
[2016.02.24-15.37.50:206][  0]LogSlate:Warning: 'Roboto' does not provide a composite font that can be used with Slate. Slate will be forced to use the fallback font path which may be slower.
[2016.02.24-15.37.50:207][  0]LogSlate:Warning: 'Roboto' does not provide a composite font that can be used with Slate. Slate will be forced to use the fallback font path which may be slower.
[2016.02.24-15.37.50:208][  0]LogSlate:Warning: 'Roboto' does not provide a composite font that can be used with Slate. Slate will be forced to use the fallback font path which may be slower.
[2016.02.24-15.37.50:209][  0]LogSlate:Warning: 'Roboto' does not provide a composite font that can be used with Slate. Slate will be forced to use the fallback font path which may be slower.
[2016.02.24-15.37.50:210][  0]LogSlate:Warning: 'Roboto' does not provide a composite font that can be used with Slate. Slate will be forced to use the fallback font path which may be slower.
[2016.02.24-15.37.50:219][  0]LogSlate:Warning: 'Roboto' does not provide a composite font that can be used with Slate. Slate will be forced to use the fallback font path which may be slower.
[2016.02.24-15.37.50:221][  0]LogSlate:Warning: 'Roboto' does not provide a composite font that can be used with Slate. Slate will be forced to use the fallback font path which may be slower.
[2016.02.24-15.37.50:222][  0]LogSlate:Warning: 'Roboto' does not provide a composite font that can be used with Slate. Slate will be forced to use the fallback font path which may be slower.
[2016.02.24-15.37.50:223][  0]LogSlate:Warning: 'Roboto' does not provide a composite font that can be used with Slate. Slate will be forced to use the fallback font path which may be slower.
[2016.02.24-15.37.50:230][  0]LogSlate:Warning: 'Roboto' does not provide a composite font that can be used with Slate. Slate will be forced to use the fallback font path which may be slower.
[2016.02.24-15.37.50:232][  0]LogSlate:Warning: 'Roboto' does not provide a composite font that can be used with Slate. Slate will be forced to use the fallback font path which may be slower.
[2016.02.24-15.37.50:233][  0]LogSlate:Warning: 'Roboto' does not provide a composite font that can be used with Slate. Slate will be forced to use the fallback font path which may be slower.
[2016.02.24-15.37.50:235][  0]LogSlate:Warning: 'Roboto' does not provide a composite font that can be used with Slate. Slate will be forced to use the fallback font path which may be slower.
[2016.02.24-15.37.50:351][  0]LogSlate:Warning: 'Roboto' does not provide a composite font that can be used with Slate. Slate will be forced to use the fallback font path which may be slower.
[2016.02.24-15.37.50:352][  0]LogSlate:Warning: 'Roboto' does not provide a composite font that can be used with Slate. Slate will be forced to use the fallback font path which may be slower.
[2016.02.24-15.37.50:353][  0]LogSlate:Warning: 'Roboto' does not provide a composite font that can be used with Slate. Slate will be forced to use the fallback font path which may be slower.
[2016.02.24-15.37.50:354][  0]LogSlate:Warning: 'Roboto' does not provide a composite font that can be used with Slate. Slate will be forced to use the fallback font path which may be slower.
[2016.02.24-15.37.50:355][  0]LogSlate:Warning: 'Roboto' does not provide a composite font that can be used with Slate. Slate will be forced to use the fallback font path which may be slower.
[2016.02.24-15.37.50:358][  0]LogSlate:Warning: 'Roboto' does not provide a composite font that can be used with Slate. Slate will be forced to use the fallback font path which may be slower.
[2016.02.24-15.37.50:359][  0]LogSlate:Warning: 'Roboto' does not provide a composite font that can be used with Slate. Slate will be forced to use the fallback font path which may be slower.
[2016.02.24-15.37.50:361][  0]LogSlate:Warning: 'Roboto' does not provide a composite font that can be used with Slate. Slate will be forced to use the fallback font path which may be slower.
[2016.02.24-15.37.50:362][  0]LogSlate:Warning: 'Roboto' does not provide a composite font that can be used with Slate. Slate will be forced to use the fallback font path which may be slower.
[2016.02.24-15.37.50:363][  0]LogSlate:Warning: 'Roboto' does not provide a composite font that can be used with Slate. Slate will be forced to use the fallback font path which may be slower.
[2016.02.24-15.37.50:364][  0]LogSlate:Warning: 'Roboto' does not provide a composite font that can be used with Slate. Slate will be forced to use the fallback font path which may be slower.
[2016.02.24-15.37.50:365][  0]LogSlate:Warning: 'Roboto' does not provide a composite font that can be used with Slate. Slate will be forced to use the fallback font path which may be slower.
[2016.02.24-15.37.50:366][  0]LogSlate:Warning: 'Roboto' does not provide a composite font that can be used with Slate. Slate will be forced to use the fallback font path which may be slower.
[2016.02.24-15.37.50:367][  0]LogSlate:Warning: 'Roboto' does not provide a composite font that can be used with Slate. Slate will be forced to use the fallback font path which may be slower.
[2016.02.24-15.37.50:369][  0]LogSlate:Warning: 'Roboto' does not provide a composite font that can be used with Slate. Slate will be forced to use the fallback font path which may be slower.
[2016.02.24-15.37.50:369][  0]LogSlate:Warning: 'Roboto' does not provide a composite font that can be used with Slate. Slate will be forced to use the fallback font path which may be slower.
[2016.02.24-15.37.50:371][  0]LogSlate:Warning: 'Roboto' does not provide a composite font that can be used with Slate. Slate will be forced to use the fallback font path which may be slower.
[2016.02.24-15.37.50:372][  0]LogSlate:Warning: 'Roboto' does not provide a composite font that can be used with Slate. Slate will be forced to use the fallback font path which may be slower.
[2016.02.24-15.37.50:373][  0]LogSlate:Warning: 'Roboto' does not provide a composite font that can be used with Slate. Slate will be forced to use the fallback font path which may be slower.
[2016.02.24-15.37.50:374][  0]LogSlate:Warning: 'Roboto' does not provide a composite font that can be used with Slate. Slate will be forced to use the fallback font path which may be slower.
[2016.02.24-15.37.50:376][  0]LogLinker:Warning: CreateImport: Failed to load Outer for resource 'WidgetTree': WidgetBlueprint /Script/UMGEditor.Default__WidgetBlueprint
[2016.02.24-15.37.50:378][  0]LogLinker:Warning: CreateImport: Failed to load Outer for resource 'WidgetTree': WidgetBlueprint /Script/UMGEditor.Default__WidgetBlueprint
[2016.02.24-15.38.03:780][  0]LogInit: Selected Device Profile: [WindowsServer]
[2016.02.24-15.38.06:936][  0]LogInit: WinSock: version 1.1 (2.2), MaxSocks=32767, MaxUdp=65467
[2016.02.24-15.38.06:936][  0]LogModuleManager:Warning: ModuleManager: Module 'XAudio2' not found - its StaticallyLinkedModuleInitializers function is null.
[2016.02.24-15.38.07:091][  0]LogObj: 33425 objects as part of root set at end of initial load.
[2016.02.24-15.38.07:091][  0]LogUObjectAllocator: 7084040 out of 0 bytes used by permanent object pool.
[2016.02.24-15.38.07:162][  0]LogEngine: Initializing Engine...
[2016.02.24-15.38.07:696][  0]LogInit: Texture streaming: Disabled
[2016.02.24-15.38.08:790][  0]LogNet: Browse: /Game/My_Game/Maps/MyMap?Name=Player
[2016.02.24-15.38.08:790][  0]LogLoad: LoadMap: /Game/My_Game/Maps/MyMap?Name=Player
[2016.02.24-15.38.09:979][  0]LogMemory: Platform Memory Stats for WindowsServer
[2016.02.24-15.38.09:980][  0]LogMemory: Process Physical Memory: 153.96 MB used, 187.14 MB peak
[2016.02.24-15.38.09:980][  0]LogMemory: Process Virtual Memory: 217.20 MB used, 272.29 MB peak
[2016.02.24-15.38.09:981][  0]LogMemory: Physical Memory: 5446.58 MB used, 8190.49 MB total
[2016.02.24-15.38.09:982][  0]LogMemory: Virtual Memory: 462.28 MB used, 8388608.00 MB total
[2016.02.24-15.38.09:983][  0]LogMemory: 
[2016.02.24-15.38.09:986][  0]LogMemory: Allocator Stats for binned:
[2016.02.24-15.38.09:986][  0]LogMemory: Current Memory 153.68 MB used, plus 11.26 MB waste
[2016.02.24-15.38.09:991][  0]LogMemory: Peak Memory 218.81 MB used, plus 3.07 MB waste
[2016.02.24-15.38.09:991][  0]LogMemory: Current OS Memory 164.94 MB, peak 221.88 MB
[2016.02.24-15.38.09:992][  0]LogMemory: Current Waste 2.02 MB, peak 2.05 MB
[2016.02.24-15.38.09:992][  0]LogMemory: Current Used 153.68 MB, peak 218.81 MB
[2016.02.24-15.38.09:993][  0]LogMemory: Current Slack 9.25 MB
[2016.02.24-15.38.09:994][  0]LogMemory: Allocs       154802 Current /  1388827 Total
[2016.02.24-15.38.09:994][  0]LogMemory: 
[2016.02.24-15.38.09:995][  0]LogMemory: Block Size Num Pools Max Pools Cur Allocs Total Allocs Min Req Max Req Mem Used Mem Slack Mem Waste Efficiency
[2016.02.24-15.38.09:995][  0]LogMemory: ---------- --------- --------- ---------- ------------ ------- ------- -------- --------- --------- ----------
[2016.02.24-15.38.09:996][  0]LogMemory:          8         0         0          0            0       8       0       0K        0K        0K    100.00%
[2016.02.24-15.38.09:996][  0]LogMemory:         16        13        13      13983       237891      16      16     218K      614K        0K    100.00%
[2016.02.24-15.38.09:997][  0]LogMemory:         32        34        34      35885       189820      17      32    1121K     1055K      113K     94.81%
[2016.02.24-15.38.09:998][  0]LogMemory:         48        14        15       8905        90718      33      48     417K      479K       47K     94.75%
[2016.02.24-15.38.09:999][  0]LogMemory:         64        25        25      19702       142738      49      64    1231K      369K      144K     91.00%
[2016.02.24-15.38.09:999][  0]LogMemory:         80        12        12       8872       105882      65      80     693K       75K       59K     92.32%
[2016.02.24-15.38.10:000][  0]LogMemory:         96         8         8       3692       119587      82      96     346K      166K       30K     94.14%
[2016.02.24-15.38.10:001][  0]LogMemory:        112         6         6       2734        27457      98     112     299K       85K       17K     95.57%
[2016.02.24-15.38.10:002][  0]LogMemory:        128        49        49      24232        46070     114     128    3029K      107K       84K     97.32%
[2016.02.24-15.38.10:003][  0]LogMemory:        160        13        15       4815        83562     129     160     752K       79K       68K     91.83%
[2016.02.24-15.38.10:004][  0]LogMemory:        192        29        29       9400        93750     162     192    1762K       93K      128K     93.10%
[2016.02.24-15.38.10:004][  0]LogMemory:        224        20        33       5457       110546     194     224    1193K       85K      100K     92.19%
[2016.02.24-15.38.10:005][  0]LogMemory:        256         8         8       1671        32120     225     256     417K       95K       27K     94.73%
[2016.02.24-15.38.10:006][  0]LogMemory:        288         7         7       1303        18462     257     288     366K       81K       21K     95.31%
[2016.02.24-15.38.10:006][  0]LogMemory:        320         6         6       1051        17517     290     320     328K       55K       17K     95.57%
[2016.02.24-15.38.10:013][  0]LogMemory:        384        18        18       2897        14362     322     384    1086K       62K       86K     92.53%
[2016.02.24-15.38.10:013][  0]LogMemory:        448        15        15       1904         6159     385     448     833K      126K       59K     93.85%
[2016.02.24-15.38.10:014][  0]LogMemory:        512         8         8        583         3801     449     512     291K      221K       19K     96.29%
[2016.02.24-15.38.10:015][  0]LogMemory:        576        15        18        527         2706     513     576     296K      658K       20K     97.92%
[2016.02.24-15.38.10:016][  0]LogMemory:        640        12        39        180         4106     578     640     112K      653K        8K     98.96%
[2016.02.24-15.38.10:016][  0]LogMemory:        704        18        87        363         8462     641     704     249K      902K       14K     98.78%
[2016.02.24-15.38.10:017][  0]LogMemory:        768        17        35        475         4496     705     768     356K      728K       17K     98.44%
[2016.02.24-15.38.10:018][  0]LogMemory:        896         8         8        466         1221     769     896     407K      104K       16K     96.88%
[2016.02.24-15.38.10:020][  0]LogMemory:       1024         7         7        423          719     897    1024     423K       25K       19K     95.76%
[2016.02.24-15.38.10:021][  0]LogMemory:       1168         9        10        309         1374    1025    1168     352K      223K       23K     96.01%
[2016.02.24-15.38.10:021][  0]LogMemory:       1360        19        19        441         2682    1171    1360     585K      627K       43K     96.46%
[2016.02.24-15.38.10:022][  0]LogMemory:       1632        18        18        705         1603    1361    1632    1123K       25K       95K     91.75%
[2016.02.24-15.38.10:023][  0]LogMemory:       2048        29        30        398         2606    1633    2048     796K     1060K      108K     94.18%
[2016.02.24-15.38.10:023][  0]LogMemory:       2336         5         5        106         2856    2050    2336     241K       79K       27K     91.56%
[2016.02.24-15.38.10:024][  0]LogMemory:       2720        12        12        276          744    2338    2717     733K       32K       45K     94.14%
[2016.02.24-15.38.10:025][  0]LogMemory:       3264        14        14        261         2294    2721    3264     831K       62K       64K     92.86%
[2016.02.24-15.38.10:025][  0]LogMemory:       4096        36        36        562         2490    3265    4096    2248K       56K      240K     89.58%
[2016.02.24-15.38.10:026][  0]LogMemory:       4672        24        24        324         1690    4097    4669    1478K       55K       75K     95.12%
[2016.02.24-15.38.10:026][  0]LogMemory:       5456        28        29        336          769    4673    5456    1790K        1K      148K     91.74%
[2016.02.24-15.38.10:027][  0]LogMemory:       6544        20        20        185          541    5460    6537    1182K       97K      101K     92.11%
[2016.02.24-15.38.10:028][  0]LogMemory:       8192         8        10         57          515    6549    8192     456K       56K       77K     84.96%
[2016.02.24-15.38.10:029][  0]LogMemory:       9360         7         8         46          117    8200    9360     420K       28K       22K     95.09%
[2016.02.24-15.38.10:030][  0]LogMemory:      10912        11        11         64          153    9383   10894     682K       22K       33K     95.31%
[2016.02.24-15.38.10:031][  0]LogMemory:      13104        17        17         81          160   10931   13083    1036K       52K       81K     92.56%
[2016.02.24-15.38.10:031][  0]LogMemory:      16384       103       105        409         2497   13120   16384    6544K       48K      605K     90.82%
[2016.02.24-15.38.10:034][  0]LogMemory:      21840       132       133        394         1545   16391   21832    8403K       43K     1404K     83.38%
[2016.02.24-15.38.10:034][  0]LogMemory:      32768        27        28         54          174   21853   32640    1728K        0K      419K     75.75%
[2016.02.24-15.38.10:035][  0]LogMemory: 
[2016.02.24-15.38.10:036][  0]LogMemory: 56384K allocated in pools (with 9483K slack and 4723K waste). Efficiency 91.62%
[2016.02.24-15.38.10:037][  0]LogMemory: Allocations 154529 Current / 1386963 Total (in 881 pools)
[2016.02.24-15.38.10:037][  0]LogMemory: 
[2016.02.24-15.38.48:657][  0]LogModuleManager:Warning: ModuleManager: Module 'GameplayDebugger' not found - its StaticallyLinkedModuleInitializers function is null.
[2016.02.24-15.38.48:658][  0]LogAIModule: Creating AISystem for world MyMap
[2016.02.24-15.38.48:659][  0]LogWorld: Game class is 'BP_GameMode_C'
[2016.02.24-15.38.48:707][  0]LogInit: WinSock: Socket queue 131072 / 131072
[2016.02.24-15.38.48:717][  0]LogInit: WinSock: I am Vovan-PC (192.168.0.38:0)
[2016.02.24-15.38.48:717][  0]LogNet: GameNetDriver IpNetDriver_0 IpNetDriver listening on port 7777
[2016.02.24-15.38.48:793][  0]LogPhysics:Warning: FBodyInstance::ApplyMaterialToShape_AssumesLocked : PComplexMats is empty - falling back on simple physical material.
[2016.02.24-15.38.48:794][  0]LogPhysics:Warning: FBodyInstance::ApplyMaterialToShape_AssumesLocked : PComplexMats is empty - falling back on simple physical material.
[2016.02.24-15.38.48:861][  0]LogPhysics:Warning: FBodyInstance::ApplyMaterialToShape_AssumesLocked : PComplexMats is empty - falling back on simple physical material.
[2016.02.24-15.38.48:863][  0]LogPhysics:Warning: FBodyInstance::ApplyMaterialToShape_AssumesLocked : PComplexMats is empty - falling back on simple physical material.
[2016.02.24-15.38.48:864][  0]LogPhysics:Warning: FBodyInstance::ApplyMaterialToShape_AssumesLocked : PComplexMats is empty - falling back on simple physical material.
[2016.02.24-15.38.48:866][  0]LogPhysics:Warning: FBodyInstance::ApplyMaterialToShape_AssumesLocked : PComplexMats is empty - falling back on simple physical material.
[2016.02.24-15.38.48:868][  0]LogPhysics:Warning: FBodyInstance::ApplyMaterialToShape_AssumesLocked : PComplexMats is empty - falling back on simple physical material.
[2016.02.24-15.38.48:870][  0]LogPhysics:Warning: FBodyInstance::ApplyMaterialToShape_AssumesLocked : PComplexMats is empty - falling back on simple physical material.
[2016.02.24-15.38.48:871][  0]LogPhysics:Warning: FBodyInstance::ApplyMaterialToShape_AssumesLocked : PComplexMats is empty - falling back on simple physical material.
[2016.02.24-15.38.48:872][  0]LogPhysics:Warning: FBodyInstance::ApplyMaterialToShape_AssumesLocked : PComplexMats is empty - falling back on simple physical material.
[2016.02.24-15.38.48:874][  0]LogPhysics:Warning: FBodyInstance::ApplyMaterialToShape_AssumesLocked : PComplexMats is empty - falling back on simple physical material.
[2016.02.24-15.38.48:875][  0]LogPhysics:Warning: FBodyInstance::ApplyMaterialToShape_AssumesLocked : PComplexMats is empty - falling back on simple physical material.
[2016.02.24-15.38.48:876][  0]LogPhysics:Warning: FBodyInstance::ApplyMaterialToShape_AssumesLocked : PComplexMats is empty - falling back on simple physical material.
[2016.02.24-15.38.48:878][  0]LogPhysics:Warning: FBodyInstance::ApplyMaterialToShape_AssumesLocked : PComplexMats is empty - falling back on simple physical material.
[2016.02.24-15.38.48:879][  0]LogPhysics:Warning: FBodyInstance::ApplyMaterialToShape_AssumesLocked : PComplexMats is empty - falling back on simple physical material.
[2016.02.24-15.38.48:881][  0]LogPhysics:Warning: FBodyInstance::ApplyMaterialToShape_AssumesLocked : PComplexMats is empty - falling back on simple physical material.
[2016.02.24-15.38.48:883][  0]LogPhysics:Warning: FBodyInstance::ApplyMaterialToShape_AssumesLocked : PComplexMats is empty - falling back on simple physical material.
[2016.02.24-15.38.48:884][  0]LogPhysics:Warning: FBodyInstance::ApplyMaterialToShape_AssumesLocked : PComplexMats is empty - falling back on simple physical material.
[2016.02.24-15.38.48:895][  0]LogPhysics:Warning: FBodyInstance::ApplyMaterialToShape_AssumesLocked : PComplexMats is empty - falling back on simple physical material.
[2016.02.24-15.38.48:897][  0]LogPhysics:Warning: FBodyInstance::ApplyMaterialToShape_AssumesLocked : PComplexMats is empty - falling back on simple physical material.
[2016.02.24-15.38.48:899][  0]LogPhysics:Warning: FBodyInstance::ApplyMaterialToShape_AssumesLocked : PComplexMats is empty - falling back on simple physical material.
[2016.02.24-15.38.48:900][  0]LogPhysics:Warning: FBodyInstance::ApplyMaterialToShape_AssumesLocked : PComplexMats is empty - falling back on simple physical material.
[2016.02.24-15.38.48:910][  0]LogPhysics:Warning: FBodyInstance::ApplyMaterialToShape_AssumesLocked : PComplexMats is empty - falling back on simple physical material.
[2016.02.24-15.38.48:912][  0]LogPhysics:Warning: FBodyInstance::ApplyMaterialToShape_AssumesLocked : PComplexMats is empty - falling back on simple physical material.
[2016.02.24-15.38.48:913][  0]LogPhysics:Warning: FBodyInstance::ApplyMaterialToShape_AssumesLocked : PComplexMats is empty - falling back on simple physical material.
[2016.02.24-15.38.48:915][  0]LogPhysics:Warning: FBodyInstance::ApplyMaterialToShape_AssumesLocked : PComplexMats is empty - falling back on simple physical material.
[2016.02.24-15.38.48:941][  0]LogPhysics:Warning: FBodyInstance::ApplyMaterialToShape_AssumesLocked : PComplexMats is empty - falling back on simple physical material.
[2016.02.24-15.38.48:944][  0]LogPhysics:Warning: FBodyInstance::ApplyMaterialToShape_AssumesLocked : PComplexMats is empty - falling back on simple physical material.
[2016.02.24-15.38.48:951][  0]LogPhysics:Warning: FBodyInstance::ApplyMaterialToShape_AssumesLocked : PComplexMats is empty - falling back on simple physical material.
[2016.02.24-15.38.48:952][  0]LogPhysics:Warning: FBodyInstance::ApplyMaterialToShape_AssumesLocked : PComplexMats is empty - falling back on simple physical material.
[2016.02.24-15.38.49:180][  0]LogWorld: Bringing World /Game/My_Game/Maps/MyMap.MyMap up for play (max tick rate 30) at 2016.02.24-17.38.49
[2016.02.24-15.38.49:326][  0]LogWorld: Bringing up level for play took: 0.608249
[2016.02.24-15.38.49:353][  0]LogBlueprintUserMessages: [BP_GameState_C_0] GameStateInit
[2016.02.24-15.38.49:361][  0]LogBlueprintUserMessages: [BP_Character_AI_Army_C_0] AIDefault: Wrong Controller for Guard (Guard target)
[2016.02.24-15.38.49:362][  0]LogBlueprintUserMessages: [BP_Character_AI_Army_C_0] Picked Up Weapon
[2016.02.24-15.38.49:362][  0]LogBlueprintUserMessages: [BP_Character_AI_Army_C_0] 3d person
[2016.02.24-15.38.49:363][  0]LogBlueprintUserMessages: [BP_Character_AI_GallaciaSantos_C_0] AIDefault: Wrong Controller for Guard (Guard target)
[2016.02.24-15.38.49:365][  0]LogBlueprintUserMessages: [BP_Character_AI_GallaciaSantos_C_0] Picked Up Weapon
[2016.02.24-15.38.49:365][  0]LogBlueprintUserMessages: [BP_Character_AI_GallaciaSantos_C_0] 3d person
[2016.02.24-15.38.49:366][  0]LogBlueprintUserMessages: [BP_Character_AI_GangWoman_C_1] AIDefault: Wrong Controller for Guard (Guard target)
[2016.02.24-15.38.49:367][  0]LogBlueprintUserMessages: [BP_Character_AI_GangWoman_C_1] Picked Up Weapon
[2016.02.24-15.38.49:368][  0]LogBlueprintUserMessages: [BP_Character_AI_GangWoman_C_1] 3d person
[2016.02.24-15.38.49:369][  0]LogBlueprintUserMessages: [BP_Character_AI_SWAT_C_1] AIDefault: Wrong Controller for Guard (Guard target)
[2016.02.24-15.38.49:376][  0]LogBlueprintUserMessages: [BP_Character_AI_SWAT_C_1] Picked Up Weapon
[2016.02.24-15.38.49:376][  0]LogBlueprintUserMessages: [BP_Character_AI_SWAT_C_1] 3d person
[2016.02.24-15.38.49:377][  0]LogBlueprintUserMessages: [BP_Character_AI_Warrior_C_0] AIDefault: Wrong Controller for Guard (Guard target)
[2016.02.24-15.38.49:378][  0]LogBlueprintUserMessages: [BP_Character_AI_Warrior_C_0] Picked Up Weapon
[2016.02.24-15.38.49:378][  0]LogBlueprintUserMessages: [BP_Character_AI_Warrior_C_0] 3d person
[2016.02.24-15.38.49:390][  0]LogPhysics:Warning: FBodyInstance::ApplyMaterialToShape_AssumesLocked : PComplexMats is empty - falling back on simple physical material.
[2016.02.24-15.38.49:391][  0]LogPhysics:Warning: FBodyInstance::ApplyMaterialToShape_AssumesLocked : PComplexMats is empty - falling back on simple physical material.
[2016.02.24-15.38.49:396][  0]LogPhysics:Warning: FBodyInstance::ApplyMaterialToShape_AssumesLocked : PComplexMats is empty - falling back on simple physical material.
[2016.02.24-15.38.49:397][  0]LogPhysics:Warning: FBodyInstance::ApplyMaterialToShape_AssumesLocked : PComplexMats is empty - falling back on simple physical material.
[2016.02.24-15.38.49:403][  0]LogBlueprintUserMessages: [BP_Character_AI_Bot2_C_0] AIDefault: Wrong Controller for Guard (Guard target)
[2016.02.24-15.38.49:406][  0]LogBlueprintUserMessages: [BP_Character_AI_Default_C_0] AIDefault: Wrong Controller for Guard (Guard target)
[2016.02.24-15.38.49:409][  0]LogBlueprintUserMessages: [BP_Character_AI_Default_C_1] AIDefault: Wrong Controller for Guard (Guard target)
[2016.02.24-15.38.49:413][  0]LogBlueprintUserMessages: [BP_Character_AI_Default_C_2] AIDefault: Wrong Controller for Guard (Guard target)
[2016.02.24-15.38.49:416][  0]LogBlueprintUserMessages: [BP_Character_AI_Bot2_C_1] AIDefault: Wrong Controller for Guard (Guard target)
[2016.02.24-15.38.49:418][  0]LogPhysics:Warning: FBodyInstance::ApplyMaterialToShape_AssumesLocked : PComplexMats is empty - falling back on simple physical material.
[2016.02.24-15.38.49:420][  0]LogPhysics:Warning: FBodyInstance::ApplyMaterialToShape_AssumesLocked : PComplexMats is empty - falling back on simple physical material.
[2016.02.24-15.38.49:423][  0]LogPhysics:Warning: FBodyInstance::ApplyMaterialToShape_AssumesLocked : PComplexMats is empty - falling back on simple physical material.
[2016.02.24-15.38.49:425][  0]LogPhysics:Warning: FBodyInstance::ApplyMaterialToShape_AssumesLocked : PComplexMats is empty - falling back on simple physical material.
[2016.02.24-15.38.49:430][  0]LogBlueprintUserMessages: [BP_Character_AI_Bot2_C_2] AIDefault: Wrong Controller for Guard (Guard target)
[2016.02.24-15.38.49:432][  0]LogPhysics:Warning: FBodyInstance::ApplyMaterialToShape_AssumesLocked : PComplexMats is empty - falling back on simple physical material.
[2016.02.24-15.38.49:434][  0]LogPhysics:Warning: FBodyInstance::ApplyMaterialToShape_AssumesLocked : PComplexMats is empty - falling back on simple physical material.
[2016.02.24-15.38.49:437][  0]LogPhysics:Warning: FBodyInstance::ApplyMaterialToShape_AssumesLocked : PComplexMats is empty - falling back on simple physical material.
[2016.02.24-15.38.49:438][  0]LogPhysics:Warning: FBodyInstance::ApplyMaterialToShape_AssumesLocked : PComplexMats is empty - falling back on simple physical material.
[2016.02.24-15.38.49:442][  0]LogPhysics:Warning: FBodyInstance::ApplyMaterialToShape_AssumesLocked : PComplexMats is empty - falling back on simple physical material.
[2016.02.24-15.38.49:443][  0]LogPhysics:Warning: FBodyInstance::ApplyMaterialToShape_AssumesLocked : PComplexMats is empty - falling back on simple physical material.
[2016.02.24-15.38.49:448][  0]LogBlueprintUserMessages: [BP_Character_AI_Default_C_3] AIDefault: Wrong Controller for Guard (Guard target)
[2016.02.24-15.38.49:450][  0]LogPhysics:Warning: FBodyInstance::ApplyMaterialToShape_AssumesLocked : PComplexMats is empty - falling back on simple physical material.
[2016.02.24-15.38.49:452][  0]LogPhysics:Warning: FBodyInstance::ApplyMaterialToShape_AssumesLocked : PComplexMats is empty - falling back on simple physical material.
[2016.02.24-15.38.49:455][  0]LogPhysics:Warning: FBodyInstance::ApplyMaterialToShape_AssumesLocked : PComplexMats is empty - falling back on simple physical material.
[2016.02.24-15.38.49:456][  0]LogPhysics:Warning: FBodyInstance::ApplyMaterialToShape_AssumesLocked : PComplexMats is empty - falling back on simple physical material.
[2016.02.24-15.38.49:462][  0]LogBlueprintUserMessages: [BP_Character_AI_Default_C_4] AIDefault: Wrong Controller for Guard (Guard target)
[2016.02.24-15.38.49:464][  0]LogPhysics:Warning: FBodyInstance::ApplyMaterialToShape_AssumesLocked : PComplexMats is empty - falling back on simple physical material.
[2016.02.24-15.38.49:465][  0]LogPhysics:Warning: FBodyInstance::ApplyMaterialToShape_AssumesLocked : PComplexMats is empty - falling back on simple physical material.
[2016.02.24-15.38.49:469][  0]LogPhysics:Warning: FBodyInstance::ApplyMaterialToShape_AssumesLocked : PComplexMats is empty - falling back on simple physical material.
[2016.02.24-15.38.49:470][  0]LogPhysics:Warning: FBodyInstance::ApplyMaterialToShape_AssumesLocked : PComplexMats is empty - falling back on simple physical material.
[2016.02.24-15.38.49:474][  0]LogPhysics:Warning: FBodyInstance::ApplyMaterialToShape_AssumesLocked : PComplexMats is empty - falling back on simple physical material.
[2016.02.24-15.38.49:475][  0]LogPhysics:Warning: FBodyInstance::ApplyMaterialToShape_AssumesLocked : PComplexMats is empty - falling back on simple physical material.
[2016.02.24-15.38.49:482][  0]LogBlueprintUserMessages: [BP_Character_AI_Bot2_C_3] AIDefault: Wrong Controller for Guard (Guard target)
[2016.02.24-15.38.49:484][  0]LogPhysics:Warning: FBodyInstance::ApplyMaterialToShape_AssumesLocked : PComplexMats is empty - falling back on simple physical material.
[2016.02.24-15.38.49:485][  0]LogPhysics:Warning: FBodyInstance::ApplyMaterialToShape_AssumesLocked : PComplexMats is empty - falling back on simple physical material.
[2016.02.24-15.38.49:489][  0]LogPhysics:Warning: FBodyInstance::ApplyMaterialToShape_AssumesLocked : PComplexMats is empty - falling back on simple physical material.
[2016.02.24-15.38.49:490][  0]LogPhysics:Warning: FBodyInstance::ApplyMaterialToShape_AssumesLocked : PComplexMats is empty - falling back on simple physical material.
[2016.02.24-15.38.49:497][  0]LogPhysics:Warning: FBodyInstance::ApplyMaterialToShape_AssumesLocked : PComplexMats is empty - falling back on simple physical material.
[2016.02.24-15.38.49:501][  0]LogPhysics:Warning: FBodyInstance::ApplyMaterialToShape_AssumesLocked : PComplexMats is empty - falling back on simple physical material.
[2016.02.24-15.38.49:504][  0]LogPhysics:Warning: FBodyInstance::ApplyMaterialToShape_AssumesLocked : PComplexMats is empty - falling back on simple physical material.
[2016.02.24-15.38.49:505][  0]LogPhysics:Warning: FBodyInstance::ApplyMaterialToShape_AssumesLocked : PComplexMats is empty - falling back on simple physical material.
[2016.02.24-15.38.49:510][  0]LogBlueprintUserMessages: [BP_Character_AI_Bot2_C_4] AIDefault: Wrong Controller for Guard (Guard target)
[2016.02.24-15.38.49:513][  0]LogBlueprintUserMessages: [BP_Character_AI_Bot2_C_0] AIDefault: Wrong Controller for Guard (Guard target)
[2016.02.24-15.38.49:514][  0]LogBlueprintUserMessages: [BP_Character_AI_Bot2_C_0] Picked Up Weapon
[2016.02.24-15.38.49:515][  0]LogBlueprintUserMessages: [BP_Character_AI_Bot2_C_0] 3d person
[2016.02.24-15.38.49:516][  0]LogBlueprintUserMessages: [BP_Character_AI_Default_C_0] AIDefault: Wrong Controller for Guard (Guard target)
[2016.02.24-15.38.49:517][  0]LogBlueprintUserMessages: [BP_Character_AI_Default_C_0] Picked Up Weapon
[2016.02.24-15.38.49:518][  0]LogBlueprintUserMessages: [BP_Character_AI_Default_C_0] 3d person
[2016.02.24-15.38.49:518][  0]LogBlueprintUserMessages: [BP_Character_AI_Default_C_1] AIDefault: Wrong Controller for Guard (Guard target)
[2016.02.24-15.38.49:520][  0]LogBlueprintUserMessages: [BP_Character_AI_Default_C_1] Picked Up Weapon
[2016.02.24-15.38.49:520][  0]LogBlueprintUserMessages: [BP_Character_AI_Default_C_1] 3d person
[2016.02.24-15.38.49:521][  0]LogBlueprintUserMessages: [BP_Character_AI_Default_C_2] AIDefault: Wrong Controller for Guard (Guard target)
[2016.02.24-15.38.49:522][  0]LogBlueprintUserMessages: [BP_Character_AI_Default_C_2] Picked Up Weapon
[2016.02.24-15.38.49:522][  0]LogBlueprintUserMessages: [BP_Character_AI_Default_C_2] 3d person
[2016.02.24-15.38.49:523][  0]LogBlueprintUserMessages: [BP_Character_AI_Bot2_C_1] AIDefault: Wrong Controller for Guard (Guard target)
[2016.02.24-15.38.49:525][  0]LogBlueprintUserMessages: [BP_Character_AI_Bot2_C_1] Picked Up Weapon
[2016.02.24-15.38.49:525][  0]LogBlueprintUserMessages: [BP_Character_AI_Bot2_C_1] 3d person
[2016.02.24-15.38.49:527][  0]LogBlueprintUserMessages: [BP_Character_AI_Bot2_C_2] AIDefault: Wrong Controller for Guard (Guard target)
[2016.02.24-15.38.49:529][  0]LogBlueprintUserMessages: [BP_Character_AI_Bot2_C_2] Picked Up Weapon
[2016.02.24-15.38.49:529][  0]LogBlueprintUserMessages: [BP_Character_AI_Bot2_C_2] 3d person
[2016.02.24-15.38.49:532][  0]LogBlueprintUserMessages: [BP_Character_AI_Default_C_3] AIDefault: Wrong Controller for Guard (Guard target)
[2016.02.24-15.38.49:533][  0]LogBlueprintUserMessages: [BP_Character_AI_Default_C_3] Picked Up Weapon
[2016.02.24-15.38.49:534][  0]LogBlueprintUserMessages: [BP_Character_AI_Default_C_3] 3d person
[2016.02.24-15.38.49:535][  0]LogBlueprintUserMessages: [BP_Character_AI_Default_C_4] AIDefault: Wrong Controller for Guard (Guard target)
[2016.02.24-15.38.49:536][  0]LogBlueprintUserMessages: [BP_Character_AI_Default_C_4] Picked Up Weapon
[2016.02.24-15.38.49:537][  0]LogBlueprintUserMessages: [BP_Character_AI_Default_C_4] 3d person
[2016.02.24-15.38.49:540][  0]LogBlueprintUserMessages: [BP_Character_AI_Bot2_C_3] AIDefault: Wrong Controller for Guard (Guard target)
[2016.02.24-15.38.49:540][  0]LogBlueprintUserMessages: [BP_Character_AI_Bot2_C_3] Picked Up Weapon
[2016.02.24-15.38.49:541][  0]LogBlueprintUserMessages: [BP_Character_AI_Bot2_C_3] 3d person
[2016.02.24-15.38.49:546][  0]LogBlueprintUserMessages: [BP_Character_AI_Bot2_C_4] AIDefault: Wrong Controller for Guard (Guard target)
[2016.02.24-15.38.49:547][  0]LogBlueprintUserMessages: [BP_Character_AI_Bot2_C_4] Picked Up Weapon
[2016.02.24-15.38.49:549][  0]LogBlueprintUserMessages: [BP_Character_AI_Bot2_C_4] 3d person
[2016.02.24-15.38.49:550][  0]LogInit:Display: Game Engine Initialized.
[2016.02.24-15.38.49:551][  0]LogLoad: Full Startup: 99.70 seconds (BP compile: 0.00 seconds)
[2016.02.24-15.38.49:714][  1]LogBlueprintUserMessages: [BP_Character_AI_Army_C_0] New First Person weapon
[2016.02.24-15.38.49:716][  1]LogBlueprintUserMessages: [BP_Character_AI_GallaciaSantos_C_0] New First Person weapon
[2016.02.24-15.38.49:716][  1]LogBlueprintUserMessages: [BP_Character_AI_GangWoman_C_1] New First Person weapon
[2016.02.24-15.38.49:717][  1]LogBlueprintUserMessages: [BP_Character_AI_SWAT_C_1] New First Person weapon
[2016.02.24-15.38.49:719][  1]LogBlueprintUserMessages: [BP_Character_AI_Warrior_C_0] New First Person weapon
[2016.02.24-15.38.49:720][  1]LogBlueprintUserMessages: [BP_Character_AI_Bot2_C_0] New First Person weapon
[2016.02.24-15.38.49:723][  1]LogBlueprintUserMessages: [BP_Character_AI_Default_C_0] New First Person weapon
[2016.02.24-15.38.49:724][  1]LogBlueprintUserMessages: [BP_Character_AI_Default_C_1] New First Person weapon
[2016.02.24-15.38.49:725][  1]LogBlueprintUserMessages: [BP_Character_AI_Default_C_2] New First Person weapon
[2016.02.24-15.38.49:726][  1]LogBlueprintUserMessages: [BP_Character_AI_Bot2_C_1] New First Person weapon
[2016.02.24-15.38.49:727][  1]LogBlueprintUserMessages: [BP_Character_AI_Bot2_C_2] New First Person weapon
[2016.02.24-15.38.49:728][  1]LogBlueprintUserMessages: [BP_Character_AI_Default_C_3] New First Person weapon
[2016.02.24-15.38.49:730][  1]LogBlueprintUserMessages: [BP_Character_AI_Default_C_4] New First Person weapon
[2016.02.24-15.38.49:731][  1]LogBlueprintUserMessages: [BP_Character_AI_Bot2_C_3] New First Person weapon
[2016.02.24-15.38.49:732][  1]LogBlueprintUserMessages: [BP_Character_AI_Bot2_C_4] New First Person weapon
[2016.02.24-15.38.51:922][ 51]LogNet: NotifyAcceptingConnection: Server MyMap accept
[2016.02.24-15.38.51:923][ 51]LogNet: Open MyMap 02/24/16 17:38:51 127.0.0.1
[2016.02.24-15.38.51:924][ 51]LogNet: Added client connection.  Remote address = 127.0.0.1:62984
[2016.02.24-15.38.51:925][ 51]LogNet: NotifyAcceptingChannel Control 0 server World /Game/My_Game/Maps/MyMap.MyMap: Accepted
[2016.02.24-15.38.51:939][ 51]LogNet: Remote platform little endian=1
[2016.02.24-15.38.51:940][ 51]LogNet: This platform little endian=1
[2016.02.24-15.38.51:944][ 51]LogNet: GetLocalNetworkVersion: GEngineNetVersion: 0, ProjectName: thegame, ProjectVersion: 1.0.0.0, InternalProtocolVersion: 9, LocalNetworkVersion: 1973550810
[2016.02.24-15.38.51:963][ 51]LogNet: Login request: /Game/My_Game/Maps/My_Entry_Level?Login=q?Password=q userId: Invalid
[2016.02.24-15.38.52:034][ 52]LogNet: Client netspeed is 10000
[2016.02.24-15.38.55:046][111]LogNet: Join request: /Game/My_Game/Maps/My_Entry_Level?Login=q?Password=q?SplitscreenCount=1
[2016.02.24-15.38.55:066][111]LogBlueprintUserMessages: [BP_MyPlayerState_C_0] PlayerStateInit
[2016.02.24-15.38.55:111][111]LogNet: Join succeeded: Player1
[2016.02.24-15.38.56:063][130]LogBlueprintUserMessages: [BP_capturePoint_1_C_3] NewCharacter
[2016.02.24-15.39.09:790][372]LogPhysics:Warning: FBodyInstance::ApplyMaterialToShape_AssumesLocked : PComplexMats is empty - falling back on simple physical material.
[2016.02.24-15.39.09:794][372]LogPhysics:Warning: FBodyInstance::ApplyMaterialToShape_AssumesLocked : PComplexMats is empty - falling back on simple physical material.
[2016.02.24-15.39.09:796][372]LogPhysics:Warning: FBodyInstance::ApplyMaterialToShape_AssumesLocked : PComplexMats is empty - falling back on simple physical material.
[2016.02.24-15.39.10:888][386]LogPhysics:Warning: FBodyInstance::ApplyMaterialToShape_AssumesLocked : PComplexMats is empty - falling back on simple physical material.
[2016.02.24-15.39.10:891][386]LogPhysics:Warning: FBodyInstance::ApplyMaterialToShape_AssumesLocked : PComplexMats is empty - falling back on simple physical material.
[2016.02.24-15.39.10:893][386]LogPhysics:Warning: FBodyInstance::ApplyMaterialToShape_AssumesLocked : PComplexMats is empty - falling back on simple physical material.
[2016.02.24-15.39.13:437][416]LogPhysics:Warning: FBodyInstance::ApplyMaterialToShape_AssumesLocked : PComplexMats is empty - falling back on simple physical material.
[2016.02.24-15.39.13:438][416]LogPhysics:Warning: FBodyInstance::ApplyMaterialToShape_AssumesLocked : PComplexMats is empty - falling back on simple physical material.
[2016.02.24-15.39.13:445][416]LogPhysics:Warning: FBodyInstance::ApplyMaterialToShape_AssumesLocked : PComplexMats is empty - falling back on simple physical material.
[2016.02.24-15.39.19:926][515]LogBlueprintUserMessages: [BP_Character_AI_Default_C_5] AIDefault: Wrong Controller for Guard (Guard target)
[2016.02.24-15.39.19:927][515]LogBlueprintUserMessages: [BP_Character_AI_Default_C_5] Picked Up Weapon
[2016.02.24-15.39.19:932][515]LogBlueprintUserMessages: [BP_Character_AI_Default_C_5] 3d person
[2016.02.24-15.39.19:933][515]LogBlueprintUserMessages: [BP_Character_AI_Default_C_5] AIDefault: Wrong Controller for Guard (Guard target)
[2016.02.24-15.39.19:974][515]LogBlueprintUserMessages: [BP_Character_AI_Default_C_5] New First Person weapon
[2016.02.24-15.39.21:018][530]LogBlueprintUserMessages: [BP_Character_AI_Bot2_C_5] AIDefault: Wrong Controller for Guard (Guard target)
[2016.02.24-15.39.21:019][530]LogBlueprintUserMessages: [BP_Character_AI_Bot2_C_5] Picked Up Weapon
[2016.02.24-15.39.21:020][530]LogBlueprintUserMessages: [BP_Character_AI_Bot2_C_5] 3d person
[2016.02.24-15.39.21:021][530]LogBlueprintUserMessages: [BP_Character_AI_Bot2_C_5] AIDefault: Wrong Controller for Guard (Guard target)
[2016.02.24-15.39.21:063][530]LogBlueprintUserMessages: [BP_Character_AI_Bot2_C_5] New First Person weapon
[2016.02.24-15.39.23:138][556]LogPhysics:Warning: FBodyInstance::ApplyMaterialToShape_AssumesLocked : PComplexMats is empty - falling back on simple physical material.
[2016.02.24-15.39.23:139][556]LogPhysics:Warning: FBodyInstance::ApplyMaterialToShape_AssumesLocked : PComplexMats is empty - falling back on simple physical material.
[2016.02.24-15.39.23:144][556]LogPhysics:Warning: FBodyInstance::ApplyMaterialToShape_AssumesLocked : PComplexMats is empty - falling back on simple physical material.
[2016.02.24-15.39.23:619][562]LogBlueprintUserMessages: [BP_Character_AI_Bot2_C_6] AIDefault: Wrong Controller for Guard (Guard target)
[2016.02.24-15.39.23:623][562]LogBlueprintUserMessages: [BP_Character_AI_Bot2_C_6] Picked Up Weapon
[2016.02.24-15.39.23:624][562]LogBlueprintUserMessages: [BP_Character_AI_Bot2_C_6] 3d person
[2016.02.24-15.39.23:625][562]LogBlueprintUserMessages: [BP_Character_AI_Bot2_C_6] AIDefault: Wrong Controller for Guard (Guard target)
[2016.02.24-15.39.23:675][562]LogBlueprintUserMessages: [BP_Character_AI_Bot2_C_6] New First Person weapon
[2016.02.24-15.39.24:000][565]LogPhysics:Warning: FBodyInstance::ApplyMaterialToShape_AssumesLocked : PComplexMats is empty - falling back on simple physical material.
[2016.02.24-15.39.24:005][565]LogPhysics:Warning: FBodyInstance::ApplyMaterialToShape_AssumesLocked : PComplexMats is empty - falling back on simple physical material.
[2016.02.24-15.39.24:006][565]LogPhysics:Warning: FBodyInstance::ApplyMaterialToShape_AssumesLocked : PComplexMats is empty - falling back on simple physical material.
[2016.02.24-15.39.27:433][602]LogBlueprintUserMessages: [BP_capturePoint_1_C_2] NewCharacter
[2016.02.24-15.39.28:183][611]LogBlueprintUserMessages: [BP_capturePoint_1_C_2] NewCharacter
[2016.02.24-15.39.30:077][636]LogPhysics:Warning: FBodyInstance::ApplyMaterialToShape_AssumesLocked : PComplexMats is empty - falling back on simple physical material.
[2016.02.24-15.39.30:079][636]LogPhysics:Warning: FBodyInstance::ApplyMaterialToShape_AssumesLocked : PComplexMats is empty - falling back on simple physical material.
[2016.02.24-15.39.30:080][636]LogPhysics:Warning: FBodyInstance::ApplyMaterialToShape_AssumesLocked : PComplexMats is empty - falling back on simple physical material.
[2016.02.24-15.39.30:991][648]LogPhysics:Warning: FBodyInstance::ApplyMaterialToShape_AssumesLocked : PComplexMats is empty - falling back on simple physical material.
[2016.02.24-15.39.30:993][648]LogPhysics:Warning: FBodyInstance::ApplyMaterialToShape_AssumesLocked : PComplexMats is empty - falling back on simple physical material.
[2016.02.24-15.39.31:001][648]LogPhysics:Warning: FBodyInstance::ApplyMaterialToShape_AssumesLocked : PComplexMats is empty - falling back on simple physical material.
[2016.02.24-15.39.31:357][653]LogPhysics:Warning: FBodyInstance::ApplyMaterialToShape_AssumesLocked : PComplexMats is empty - falling back on simple physical material.
[2016.02.24-15.39.31:360][653]LogPhysics:Warning: FBodyInstance::ApplyMaterialToShape_AssumesLocked : PComplexMats is empty - falling back on simple physical material.
[2016.02.24-15.39.31:366][653]LogPhysics:Warning: FBodyInstance::ApplyMaterialToShape_AssumesLocked : PComplexMats is empty - falling back on simple physical material.
[2016.02.24-15.39.31:369][653]LogPhysics:Warning: FBodyInstance::ApplyMaterialToShape_AssumesLocked : PComplexMats is empty - falling back on simple physical material.
[2016.02.24-15.39.31:371][653]LogPhysics:Warning: FBodyInstance::ApplyMaterialToShape_AssumesLocked : PComplexMats is empty - falling back on simple physical material.
[2016.02.24-15.39.31:372][653]LogPhysics:Warning: FBodyInstance::ApplyMaterialToShape_AssumesLocked : PComplexMats is empty - falling back on simple physical material.
[2016.02.24-15.39.33:180][674]LogBlueprintUserMessages: [BP_Vehicle_Tank_T90A_C_0] TankClearInput
[2016.02.24-15.39.33:262][675]LogBlueprintUserMessages: [BP_Character_AI_Default_C_6] AIDefault: Wrong Controller for Guard (Guard target)
[2016.02.24-15.39.33:265][675]LogBlueprintUserMessages: [BP_Character_AI_Default_C_6] Picked Up Weapon
[2016.02.24-15.39.33:267][675]LogBlueprintUserMessages: [BP_Character_AI_Default_C_6] 3d person
[2016.02.24-15.39.33:269][675]LogBlueprintUserMessages: [BP_Character_AI_Default_C_6] AIDefault: Wrong Controller for Guard (Guard target)
[2016.02.24-15.39.33:310][675]LogBlueprintUserMessages: [BP_Character_AI_Default_C_6] New First Person weapon
[2016.02.24-15.39.34:136][686]LogBlueprintUserMessages: [BP_Character_AI_Bot2_C_7] AIDefault: Wrong Controller for Guard (Guard target)
[2016.02.24-15.39.34:138][686]LogBlueprintUserMessages: [BP_Character_AI_Bot2_C_7] Picked Up Weapon
[2016.02.24-15.39.34:139][686]LogBlueprintUserMessages: [BP_Character_AI_Bot2_C_7] 3d person
[2016.02.24-15.39.34:140][686]LogBlueprintUserMessages: [BP_Character_AI_Bot2_C_7] AIDefault: Wrong Controller for Guard (Guard target)
[2016.02.24-15.39.34:185][686]LogBlueprintUserMessages: [BP_Character_AI_Bot2_C_7] New First Person weapon
[2016.02.24-15.39.37:177][734]LogPhysics:Warning: FBodyInstance::ApplyMaterialToShape_AssumesLocked : PComplexMats is empty - falling back on simple physical material.
[2016.02.24-15.39.37:179][734]LogPhysics:Warning: FBodyInstance::ApplyMaterialToShape_AssumesLocked : PComplexMats is empty - falling back on simple physical material.
[2016.02.24-15.39.37:186][734]LogPhysics:Warning: FBodyInstance::ApplyMaterialToShape_AssumesLocked : PComplexMats is empty - falling back on simple physical material.
[2016.02.24-15.39.38:234][752]LogBlueprintUserMessages: [BP_Vehicle_Tank_T90A_C_0] TankClearInput
[2016.02.24-15.39.39:650][776]LogPhysics:Warning: FBodyInstance::ApplyMaterialToShape_AssumesLocked : PComplexMats is empty - falling back on simple physical material.
[2016.02.24-15.39.39:652][776]LogPhysics:Warning: FBodyInstance::ApplyMaterialToShape_AssumesLocked : PComplexMats is empty - falling back on simple physical material.
[2016.02.24-15.39.39:653][776]LogPhysics:Warning: FBodyInstance::ApplyMaterialToShape_AssumesLocked : PComplexMats is empty - falling back on simple physical material.
[2016.02.24-15.39.40:155][785]LogBlueprintUserMessages: [BP_capturePoint_1_C_2] NewCharacter
[2016.02.24-15.39.40:181][786]LogBlueprintUserMessages: [BP_Character_AI_Default_C_7] AIDefault: Wrong Controller for Guard (Guard target)
[2016.02.24-15.39.40:183][786]LogBlueprintUserMessages: [BP_Character_AI_Default_C_7] Picked Up Weapon
[2016.02.24-15.39.40:184][786]LogBlueprintUserMessages: [BP_Character_AI_Default_C_7] 3d person
[2016.02.24-15.39.40:185][786]LogBlueprintUserMessages: [BP_Character_AI_Default_C_7] AIDefault: Wrong Controller for Guard (Guard target)
[2016.02.24-15.39.40:215][786]LogBlueprintUserMessages: [BP_Character_AI_Default_C_7] New First Person weapon
[2016.02.24-15.39.41:177][802]LogBlueprintUserMessages: [BP_Character_AI_Default_C_8] AIDefault: Wrong Controller for Guard (Guard target)
[2016.02.24-15.39.41:179][802]LogBlueprintUserMessages: [BP_Character_AI_Default_C_8] Picked Up Weapon
[2016.02.24-15.39.41:180][802]LogBlueprintUserMessages: [BP_Character_AI_Default_C_8] 3d person
[2016.02.24-15.39.41:182][802]LogBlueprintUserMessages: [BP_Character_AI_Default_C_8] AIDefault: Wrong Controller for Guard (Guard target)
[2016.02.24-15.39.41:235][802]LogBlueprintUserMessages: [BP_Character_AI_Default_C_8] New First Person weapon
[2016.02.24-15.39.41:463][804]LogBlueprintUserMessages: [BP_capturePoint_1_C_2] NewCharacter
[2016.02.24-15.39.41:622][806]LogBlueprintUserMessages: [BP_Character_AI_Bot2_C_8] AIDefault: Wrong Controller for Guard (Guard target)
[2016.02.24-15.39.41:624][806]LogBlueprintUserMessages: [BP_Character_AI_Bot2_C_8] Picked Up Weapon
[2016.02.24-15.39.41:625][806]LogBlueprintUserMessages: [BP_Character_AI_Bot2_C_8] 3d person
[2016.02.24-15.39.41:626][806]LogBlueprintUserMessages: [BP_Character_AI_Bot2_C_8] AIDefault: Wrong Controller for Guard (Guard target)
[2016.02.24-15.39.41:631][806]LogBlueprintUserMessages: [BP_Character_AI_Bot2_C_9] AIDefault: Wrong Controller for Guard (Guard target)
[2016.02.24-15.39.41:635][806]LogBlueprintUserMessages: [BP_Character_AI_Bot2_C_9] Picked Up Weapon
[2016.02.24-15.39.41:636][806]LogBlueprintUserMessages: [BP_Character_AI_Bot2_C_9] 3d person
[2016.02.24-15.39.41:637][806]LogBlueprintUserMessages: [BP_Character_AI_Bot2_C_9] AIDefault: Wrong Controller for Guard (Guard target)
[2016.02.24-15.39.41:678][806]LogBlueprintUserMessages: [BP_Character_AI_Bot2_C_8] New First Person weapon
[2016.02.24-15.39.41:680][806]LogBlueprintUserMessages: [BP_Character_AI_Bot2_C_9] New First Person weapon
[2016.02.24-15.39.44:653][846]LogPhysics:Warning: FBodyInstance::ApplyMaterialToShape_AssumesLocked : PComplexMats is empty - falling back on simple physical material.
[2016.02.24-15.39.44:655][846]LogPhysics:Warning: FBodyInstance::ApplyMaterialToShape_AssumesLocked : PComplexMats is empty - falling back on simple physical material.
[2016.02.24-15.39.47:402][882]LogBlueprintUserMessages: [BP_Character_AI_Default_C_9] AIDefault: Wrong Controller for Guard (Guard target)
[2016.02.24-15.39.47:407][882]LogBlueprintUserMessages: [BP_Character_AI_Default_C_9] Picked Up Weapon
[2016.02.24-15.39.47:407][882]LogBlueprintUserMessages: [BP_Character_AI_Default_C_9] 3d person
[2016.02.24-15.39.47:408][882]LogBlueprintUserMessages: [BP_Character_AI_Default_C_9] AIDefault: Wrong Controller for Guard (Guard target)
[2016.02.24-15.39.47:461][882]LogBlueprintUserMessages: [BP_Character_AI_Default_C_9] New First Person weapon
[2016.02.24-15.39.49:956][907]LogBlueprintUserMessages: [BP_Character_AI_Default_C_10] AIDefault: Wrong Controller for Guard (Guard target)
[2016.02.24-15.39.49:959][907]LogBlueprintUserMessages: [BP_Character_AI_Default_C_10] Picked Up Weapon
[2016.02.24-15.39.49:960][907]LogBlueprintUserMessages: [BP_Character_AI_Default_C_10] 3d person
[2016.02.24-15.39.49:965][907]LogBlueprintUserMessages: [BP_Character_AI_Default_C_10] AIDefault: Wrong Controller for Guard (Guard target)
[2016.02.24-15.39.50:020][907]LogBlueprintUserMessages: [BP_Character_AI_Default_C_10] New First Person weapon
[2016.02.24-15.39.54:389][952]LogPhysics:Warning: FBodyInstance::ApplyMaterialToShape_AssumesLocked : PComplexMats is empty - falling back on simple physical material.
[2016.02.24-15.39.55:067][960]LogPhysics:Warning: FBodyInstance::ApplyMaterialToShape_AssumesLocked : PComplexMats is empty - falling back on simple physical material.
[2016.02.24-15.39.55:073][960]LogPhysics:Warning: FBodyInstance::ApplyMaterialToShape_AssumesLocked : PComplexMats is empty - falling back on simple physical material.
[2016.02.24-15.39.55:075][960]LogPhysics:Warning: FBodyInstance::ApplyMaterialToShape_AssumesLocked : PComplexMats is empty - falling back on simple physical material.
[2016.02.24-15.39.59:256][ 11]LogPhysics:Warning: FBodyInstance::ApplyMaterialToShape_AssumesLocked : PComplexMats is empty - falling back on simple physical material.
[2016.02.24-15.39.59:257][ 11]LogPhysics:Warning: FBodyInstance::ApplyMaterialToShape_AssumesLocked : PComplexMats is empty - falling back on simple physical material.
[2016.02.24-15.39.59:259][ 11]LogPhysics:Warning: FBodyInstance::ApplyMaterialToShape_AssumesLocked : PComplexMats is empty - falling back on simple physical material.
[2016.02.24-15.40.02:625][ 51]LogBlueprintUserMessages: [BP_capturePoint_1_C_2] NewCharacter
[2016.02.24-15.40.02:638][ 51]LogBlueprintUserMessages: [BP_capturePoint_1_C_2] NewCharacter
[2016.02.24-15.40.02:671][ 52]LogPhysics:Warning: FBodyInstance::ApplyMaterialToShape_AssumesLocked : PComplexMats is empty - falling back on simple physical material.
[2016.02.24-15.40.02:673][ 52]LogPhysics:Warning: FBodyInstance::ApplyMaterialToShape_AssumesLocked : PComplexMats is empty - falling back on simple physical material.
[2016.02.24-15.40.03:820][ 65]LogBlueprintUserMessages: [BP_capturePoint_1_C_2] NewCharacter
[2016.02.24-15.40.05:266][ 88]LogBlueprintUserMessages: [BP_Character_AI_Bot2_C_10] AIDefault: Wrong Controller for Guard (Guard target)
[2016.02.24-15.40.05:269][ 88]LogBlueprintUserMessages: [BP_Character_AI_Bot2_C_10] Picked Up Weapon
[2016.02.24-15.40.05:270][ 88]LogBlueprintUserMessages: [BP_Character_AI_Bot2_C_10] 3d person
[2016.02.24-15.40.05:272][ 88]LogBlueprintUserMessages: [BP_Character_AI_Bot2_C_10] AIDefault: Wrong Controller for Guard (Guard target)
[2016.02.24-15.40.05:311][ 88]LogBlueprintUserMessages: [BP_Character_AI_Bot2_C_10] New First Person weapon
[2016.02.24-15.40.07:246][113]LogBlueprintUserMessages: [BP_AI_Vehicle_Tank_T90A_C_3] TankClearInput
[2016.02.24-15.40.07:307][114]LogBlueprintUserMessages: [BP_AI_Vehicle_Tank_T90A_C_3] TankClearInput
[2016.02.24-15.40.07:908][123]LogBlueprintUserMessages: [BP_AI_Vehicle_Tank_T90A_C_0] TankClearInput
[2016.02.24-15.40.07:954][124]LogBlueprintUserMessages: [BP_AI_Vehicle_Tank_T90A_C_0] TankClearInput
[2016.02.24-15.40.09:466][145]LogBlueprintUserMessages: [BP_Character_AI_Default_C_11] AIDefault: Wrong Controller for Guard (Guard target)
[2016.02.24-15.40.09:467][145]LogBlueprintUserMessages: [BP_Character_AI_Default_C_11] Picked Up Weapon
[2016.02.24-15.40.09:467][145]LogBlueprintUserMessages: [BP_Character_AI_Default_C_11] 3d person
[2016.02.24-15.40.09:471][145]LogBlueprintUserMessages: [BP_Character_AI_Default_C_11] AIDefault: Wrong Controller for Guard (Guard target)
[2016.02.24-15.40.09:506][145]LogBlueprintUserMessages: [BP_Character_AI_Default_C_11] New First Person weapon
[2016.02.24-15.40.10:166][154]LogPhysics:Warning: FBodyInstance::ApplyMaterialToShape_AssumesLocked : PComplexMats is empty - falling back on simple physical material.
[2016.02.24-15.40.10:176][154]LogPhysics:Warning: FBodyInstance::ApplyMaterialToShape_AssumesLocked : PComplexMats is empty - falling back on simple physical material.
[2016.02.24-15.40.10:178][154]LogPhysics:Warning: FBodyInstance::ApplyMaterialToShape_AssumesLocked : PComplexMats is empty - falling back on simple physical material.
[2016.02.24-15.40.10:315][156]LogPhysics:Warning: FBodyInstance::ApplyMaterialToShape_AssumesLocked : PComplexMats is empty - falling back on simple physical material.
[2016.02.24-15.40.10:317][156]LogPhysics:Warning: FBodyInstance::ApplyMaterialToShape_AssumesLocked : PComplexMats is empty - falling back on simple physical material.
[2016.02.24-15.40.10:319][156]LogPhysics:Warning: FBodyInstance::ApplyMaterialToShape_AssumesLocked : PComplexMats is empty - falling back on simple physical material.
[2016.02.24-15.40.11:643][175]LogPhysics:Warning: FBodyInstance::ApplyMaterialToShape_AssumesLocked : PComplexMats is empty - falling back on simple physical material.
[2016.02.24-15.40.11:647][175]LogPhysics:Warning: FBodyInstance::ApplyMaterialToShape_AssumesLocked : PComplexMats is empty - falling back on simple physical material.
[2016.02.24-15.40.11:651][175]LogPhysics:Warning: FBodyInstance::ApplyMaterialToShape_AssumesLocked : PComplexMats is empty - falling back on simple physical material.
[2016.02.24-15.40.12:338][180]LogPhysics:Warning: FBodyInstance::ApplyMaterialToShape_AssumesLocked : PComplexMats is empty - falling back on simple physical material.
[2016.02.24-15.40.12:423][181]LogPhysics:Warning: FBodyInstance::ApplyMaterialToShape_AssumesLocked : PComplexMats is empty - falling back on simple physical material.
[2016.02.24-15.40.12:458][181]LogPhysics:Warning: FBodyInstance::ApplyMaterialToShape_AssumesLocked : PComplexMats is empty - falling back on simple physical material.
[2016.02.24-15.40.12:460][181]LogPhysics:Warning: FBodyInstance::ApplyMaterialToShape_AssumesLocked : PComplexMats is empty - falling back on simple physical material.
[2016.02.24-15.40.12:509][182]LogBlueprintUserMessages: [BP_GameState_C_0] New Time = 0:0
[2016.02.24-15.40.13:592][199]LogBlueprintUserMessages: [BP_AI_Vehicle_Tank_T90A_C_8] TankClearInput
[2016.02.24-15.40.13:596][199]LogBlueprintUserMessages: [BP_AI_Vehicle_Tank_T90A_C_8] TankClearInput
[2016.02.24-15.40.14:342][211]LogPhysics:Warning: FBodyInstance::ApplyMaterialToShape_AssumesLocked : PComplexMats is empty - falling back on simple physical material.
[2016.02.24-15.40.14:344][211]LogPhysics:Warning: FBodyInstance::ApplyMaterialToShape_AssumesLocked : PComplexMats is empty - falling back on simple physical material.
[2016.02.24-15.40.14:347][211]LogPhysics:Warning: FBodyInstance::ApplyMaterialToShape_AssumesLocked : PComplexMats is empty - falling back on simple physical material.
[2016.02.24-15.40.14:869][220]LogPhysics:Warning: FBodyInstance::ApplyMaterialToShape_AssumesLocked : PComplexMats is empty - falling back on simple physical material.
[2016.02.24-15.40.14:874][220]LogPhysics:Warning: FBodyInstance::ApplyMaterialToShape_AssumesLocked : PComplexMats is empty - falling back on simple physical material.
[2016.02.24-15.40.17:354][258]LogPhysics:Warning: FBodyInstance::ApplyMaterialToShape_AssumesLocked : PComplexMats is empty - falling back on simple physical material.
[2016.02.24-15.40.17:365][258]LogPhysics:Warning: FBodyInstance::ApplyMaterialToShape_AssumesLocked : PComplexMats is empty - falling back on simple physical material.
[2016.02.24-15.40.18:147][268]LogPhysics:Warning: FBodyInstance::ApplyMaterialToShape_AssumesLocked : PComplexMats is empty - falling back on simple physical material.
[2016.02.24-15.40.18:159][268]LogPhysics:Warning: FBodyInstance::ApplyMaterialToShape_AssumesLocked : PComplexMats is empty - falling back on simple physical material.
[2016.02.24-15.40.19:863][292]LogPhysics:Warning: FBodyInstance::ApplyMaterialToShape_AssumesLocked : PComplexMats is empty - falling back on simple physical material.
[2016.02.24-15.40.19:869][292]LogPhysics:Warning: FBodyInstance::ApplyMaterialToShape_AssumesLocked : PComplexMats is empty - falling back on simple physical material.
[2016.02.24-15.40.19:872][292]LogPhysics:Warning: FBodyInstance::ApplyMaterialToShape_AssumesLocked : PComplexMats is empty - falling back on simple physical material.
[2016.02.24-15.40.20:049][295]LogPhysics:Warning: FBodyInstance::ApplyMaterialToShape_AssumesLocked : PComplexMats is empty - falling back on simple physical material.
[2016.02.24-15.40.20:053][295]LogPhysics:Warning: FBodyInstance::ApplyMaterialToShape_AssumesLocked : PComplexMats is empty - falling back on simple physical material.
[2016.02.24-15.40.20:055][295]LogPhysics:Warning: FBodyInstance::ApplyMaterialToShape_AssumesLocked : PComplexMats is empty - falling back on simple physical material.
[2016.02.24-15.40.20:297][299]LogPhysics:Warning: FBodyInstance::ApplyMaterialToShape_AssumesLocked : PComplexMats is empty - falling back on simple physical material.
[2016.02.24-15.40.20:305][299]LogPhysics:Warning: FBodyInstance::ApplyMaterialToShape_AssumesLocked : PComplexMats is empty - falling back on simple physical material.
[2016.02.24-15.40.20:307][299]LogPhysics:Warning: FBodyInstance::ApplyMaterialToShape_AssumesLocked : PComplexMats is empty - falling back on simple physical material.
[2016.02.24-15.40.20:363][300]LogBlueprintUserMessages: [BP_Character_AI_Default_C_12] AIDefault: Wrong Controller for Guard (Guard target)
[2016.02.24-15.40.20:366][300]LogBlueprintUserMessages: [BP_Character_AI_Default_C_12] Picked Up Weapon
[2016.02.24-15.40.20:367][300]LogBlueprintUserMessages: [BP_Character_AI_Default_C_12] 3d person
[2016.02.24-15.40.20:368][300]LogBlueprintUserMessages: [BP_Character_AI_Default_C_12] AIDefault: Wrong Controller for Guard (Guard target)
[2016.02.24-15.40.20:403][300]LogBlueprintUserMessages: [BP_Character_AI_Default_C_12] New First Person weapon
[2016.02.24-15.40.20:425][301]LogBlueprintUserMessages: [BP_Character_AI_Bot2_C_11] AIDefault: Wrong Controller for Guard (Guard target)
[2016.02.24-15.40.20:427][301]LogBlueprintUserMessages: [BP_Character_AI_Bot2_C_11] Picked Up Weapon
[2016.02.24-15.40.20:427][301]LogBlueprintUserMessages: [BP_Character_AI_Bot2_C_11] 3d person
[2016.02.24-15.40.20:428][301]LogBlueprintUserMessages: [BP_Character_AI_Bot2_C_11] AIDefault: Wrong Controller for Guard (Guard target)
[2016.02.24-15.40.20:462][301]LogBlueprintUserMessages: [BP_Character_AI_Bot2_C_11] New First Person weapon
[2016.02.24-15.40.21:786][325]LogBlueprintUserMessages: [BP_Character_AI_Bot2_C_12] AIDefault: Wrong Controller for Guard (Guard target)
[2016.02.24-15.40.21:789][325]LogBlueprintUserMessages: [BP_Character_AI_Bot2_C_12] Picked Up Weapon
[2016.02.24-15.40.21:790][325]LogBlueprintUserMessages: [BP_Character_AI_Bot2_C_12] 3d person
[2016.02.24-15.40.21:792][325]LogBlueprintUserMessages: [BP_Character_AI_Bot2_C_12] AIDefault: Wrong Controller for Guard (Guard target)
[2016.02.24-15.40.21:837][325]LogBlueprintUserMessages: [BP_Character_AI_Bot2_C_12] New First Person weapon
[2016.02.24-15.40.22:614][336]LogBlueprintUserMessages: [BP_Character_AI_Default_C_13] AIDefault: Wrong Controller for Guard (Guard target)
[2016.02.24-15.40.22:617][336]LogBlueprintUserMessages: [BP_Character_AI_Default_C_13] Picked Up Weapon
[2016.02.24-15.40.22:618][336]LogBlueprintUserMessages: [BP_Character_AI_Default_C_13] 3d person
[2016.02.24-15.40.22:621][336]LogBlueprintUserMessages: [BP_Character_AI_Default_C_13] AIDefault: Wrong Controller for Guard (Guard target)
[2016.02.24-15.40.22:649][336]LogBlueprintUserMessages: [BP_Character_AI_Default_C_13] New First Person weapon
[2016.02.24-15.40.23:742][355]LogPhysics:Warning: FBodyInstance::ApplyMaterialToShape_AssumesLocked : PComplexMats is empty - falling back on simple physical material.
[2016.02.24-15.40.23:750][355]LogPhysics:Warning: FBodyInstance::ApplyMaterialToShape_AssumesLocked : PComplexMats is empty - falling back on simple physical material.
[2016.02.24-15.40.24:473][365]LogBlueprintUserMessages: [BP_Character_AI_Default_C_14] AIDefault: Wrong Controller for Guard (Guard target)
[2016.02.24-15.40.24:475][365]LogBlueprintUserMessages: [BP_Character_AI_Default_C_14] Picked Up Weapon
[2016.02.24-15.40.24:476][365]LogBlueprintUserMessages: [BP_Character_AI_Default_C_14] 3d person
[2016.02.24-15.40.24:477][365]LogBlueprintUserMessages: [BP_Character_AI_Default_C_14] AIDefault: Wrong Controller for Guard (Guard target)
[2016.02.24-15.40.24:511][365]LogBlueprintUserMessages: [BP_Character_AI_Default_C_14] New First Person weapon
[2016.02.24-15.40.24:762][369]LogPhysics:Warning: FBodyInstance::ApplyMaterialToShape_AssumesLocked : PComplexMats is empty - falling back on simple physical material.
[2016.02.24-15.40.30:082][442]LogBlueprintUserMessages: [BP_Character_AI_Bot2_C_13] AIDefault: Wrong Controller for Guard (Guard target)
[2016.02.24-15.40.30:083][442]LogBlueprintUserMessages: [BP_Character_AI_Bot2_C_13] Picked Up Weapon
[2016.02.24-15.40.30:085][442]LogBlueprintUserMessages: [BP_Character_AI_Bot2_C_13] 3d person
[2016.02.24-15.40.30:087][442]LogBlueprintUserMessages: [BP_Character_AI_Bot2_C_13] AIDefault: Wrong Controller for Guard (Guard target)
[2016.02.24-15.40.30:133][442]LogBlueprintUserMessages: [BP_Character_AI_Bot2_C_13] New First Person weapon
[2016.02.24-15.40.30:228][444]LogBlueprintUserMessages: [BP_Character_AI_Default_C_15] AIDefault: Wrong Controller for Guard (Guard target)
[2016.02.24-15.40.30:231][444]LogBlueprintUserMessages: [BP_Character_AI_Default_C_15] Picked Up Weapon
[2016.02.24-15.40.30:232][444]LogBlueprintUserMessages: [BP_Character_AI_Default_C_15] 3d person
[2016.02.24-15.40.30:233][444]LogBlueprintUserMessages: [BP_Character_AI_Default_C_15] AIDefault: Wrong Controller for Guard (Guard target)
[2016.02.24-15.40.30:270][444]LogBlueprintUserMessages: [BP_Character_AI_Default_C_15] New First Person weapon
[2016.02.24-15.40.30:571][447]LogBlueprintUserMessages: [BP_Character_AI_Bot2_C_14] AIDefault: Wrong Controller for Guard (Guard target)
[2016.02.24-15.40.30:572][447]LogBlueprintUserMessages: [BP_Character_AI_Bot2_C_14] Picked Up Weapon
[2016.02.24-15.40.30:573][447]LogBlueprintUserMessages: [BP_Character_AI_Bot2_C_14] 3d person
[2016.02.24-15.40.30:574][447]LogBlueprintUserMessages: [BP_Character_AI_Bot2_C_14] AIDefault: Wrong Controller for Guard (Guard target)
[2016.02.24-15.40.30:629][447]LogBlueprintUserMessages: [BP_Character_AI_Bot2_C_14] New First Person weapon
[2016.02.24-15.40.33:313][469]LogBlueprintUserMessages: [BP_AI_Vehicle_Tank_T90A_C_4] TankClearInput
[2016.02.24-15.40.33:372][470]LogBlueprintUserMessages: [BP_AI_Vehicle_Tank_T90A_C_4] TankClearInput
[2016.02.24-15.40.33:767][474]LogPhysics:Warning: FBodyInstance::ApplyMaterialToShape_AssumesLocked : PComplexMats is empty - falling back on simple physical material.
[2016.02.24-15.40.33:769][474]LogPhysics:Warning: FBodyInstance::ApplyMaterialToShape_AssumesLocked : PComplexMats is empty - falling back on simple physical material.
[2016.02.24-15.40.33:772][474]LogPhysics:Warning: FBodyInstance::ApplyMaterialToShape_AssumesLocked : PComplexMats is empty - falling back on simple physical material.
[2016.02.24-15.40.36:410][505]LogPhysics:Warning: FBodyInstance::ApplyMaterialToShape_AssumesLocked : PComplexMats is empty - falling back on simple physical material.
[2016.02.24-15.40.36:417][505]LogPhysics:Warning: FBodyInstance::ApplyMaterialToShape_AssumesLocked : PComplexMats is empty - falling back on simple physical material.
[2016.02.24-15.40.36:424][505]LogPhysics:Warning: FBodyInstance::ApplyMaterialToShape_AssumesLocked : PComplexMats is empty - falling back on simple physical material.
[2016.02.24-15.40.36:776][509]LogBlueprintUserMessages: [BP_AI_Vehicle_Tank_T90A_C_1] TankClearInput
[2016.02.24-15.40.36:858][510]LogBlueprintUserMessages: [BP_AI_Vehicle_Tank_T90A_C_1] TankClearInput
[2016.02.24-15.40.42:686][572]LogPhysics:Warning: FBodyInstance::ApplyMaterialToShape_AssumesLocked : PComplexMats is empty - falling back on simple physical material.
[2016.02.24-15.40.42:688][572]LogPhysics:Warning: FBodyInstance::ApplyMaterialToShape_AssumesLocked : PComplexMats is empty - falling back on simple physical material.
[2016.02.24-15.40.42:691][572]LogPhysics:Warning: FBodyInstance::ApplyMaterialToShape_AssumesLocked : PComplexMats is empty - falling back on simple physical material.
[2016.02.24-15.40.43:238][579]LogPhysics:Warning: FBodyInstance::ApplyMaterialToShape_AssumesLocked : PComplexMats is empty - falling back on simple physical material.
[2016.02.24-15.40.43:241][579]LogPhysics:Warning: FBodyInstance::ApplyMaterialToShape_AssumesLocked : PComplexMats is empty - falling back on simple physical material.
[2016.02.24-15.40.43:244][579]LogPhysics:Warning: FBodyInstance::ApplyMaterialToShape_AssumesLocked : PComplexMats is empty - falling back on simple physical material.
[2016.02.24-15.40.43:444][583]LogPhysics:Warning: FBodyInstance::ApplyMaterialToShape_AssumesLocked : PComplexMats is empty - falling back on simple physical material.
[2016.02.24-15.40.43:447][583]LogPhysics:Warning: FBodyInstance::ApplyMaterialToShape_AssumesLocked : PComplexMats is empty - falling back on simple physical material.
[2016.02.24-15.40.43:907][589]LogBlueprintUserMessages: [BP_Character_AI_Bot2_C_15] AIDefault: Wrong Controller for Guard (Guard target)
[2016.02.24-15.40.43:911][589]LogBlueprintUserMessages: [BP_Character_AI_Bot2_C_15] Picked Up Weapon
[2016.02.24-15.40.43:914][589]LogBlueprintUserMessages: [BP_Character_AI_Bot2_C_15] 3d person
[2016.02.24-15.40.43:916][589]LogBlueprintUserMessages: [BP_Character_AI_Bot2_C_15] AIDefault: Wrong Controller for Guard (Guard target)
[2016.02.24-15.40.43:943][589]LogBlueprintUserMessages: [BP_Character_AI_Bot2_C_15] New First Person weapon
[2016.02.24-15.40.47:115][621]LogPhysics:Warning: FBodyInstance::ApplyMaterialToShape_AssumesLocked : PComplexMats is empty - falling back on simple physical material.
[2016.02.24-15.40.47:129][621]LogPhysics:Warning: FBodyInstance::ApplyMaterialToShape_AssumesLocked : PComplexMats is empty - falling back on simple physical material.
